======== chemlove.mp4
ExifTool Version Number         : 13.44
File Name                       : chemlove.mp4
Directory                       : .
File Size                       : 17 MB
File Modification Date/Time     : 2025:08:17 22:50:25-05:00
File Access Date/Time           : 2026:01:08 14:20:59-06:00
File Inode Change Date/Time     : 2025:08:17 22:50:25-05:00
File Permissions                : -rw-r--r--
File Type                       : MP4
File Type Extension             : mp4
MIME Type                       : video/mp4
Major Brand                     : MP4 Base Media v1 [IS0 14496-12:2003]
Minor Version                   : 0.2.0
Compatible Brands               : isom, iso2, avc1, mp41
Movie Header Version            : 0
Create Date                     : 2024:11:19 07:48:27
Modify Date                     : 2024:11:19 07:48:27
Time Scale                      : 1000
Duration                        : 0:05:04
Preferred Rate                  : 1
Preferred Volume                : 100.00%
Preview Time                    : 0 s
Preview Duration                : 0 s
Poster Time                     : 0 s
Selection Time                  : 0 s
Selection Duration              : 0 s
Current Time                    : 0 s
Next Track ID                   : 3
Track Header Version            : 0
Track Create Date               : 2024:11:19 07:48:27
Track Modify Date               : 2024:11:19 07:48:27
Track ID                        : 1
Track Duration                  : 0:05:04
Track Layer                     : 0
Track Volume                    : 0.00%
Image Width                     : 320
Image Height                    : 180
Graphics Mode                   : srcCopy
Op Color                        : 0 0 0
Compressor ID                   : avc1
Source Image Width              : 320
Source Image Height             : 180
X Resolution                    : 72
Y Resolution                    : 72
Compressor Name                 : Lavc61.11.100 h264_videotoolbox
Bit Depth                       : 24
Color Profiles                  : nclx
Color Primaries                 : BT.709
Transfer Characteristics        : BT.709
Matrix Coefficients             : BT.709
Video Full Range Flag           : Limited
Pixel Aspect Ratio              : 1:1
Buffer Size                     : 0
Max Bitrate                     : 172292
Average Bitrate                 : 172292
Video Frame Rate                : 29.97
Matrix Structure                : 1 0 0 0 1 0 0 0 1
Media Header Version            : 0
Media Create Date               : 2024:11:19 07:48:27
Media Modify Date               : 2024:11:19 07:48:27
Media Time Scale                : 48000
Media Duration                  : 0:05:04
Media Language Code             : eng
Handler Description             : ISO Media file produced by Google Inc. Created on: 11/06/2024.
Balance                         : 0
Audio Format                    : mp4a
Audio Channels                  : 2
Audio Bits Per Sample           : 16
Audio Sample Rate               : 48000
Handler Type                    : Metadata
Handler Vendor ID               : Apple
Encoder                         : Lavf61.5.101
Media Data Size                 : 16259731
Media Data Offset               : 265881
Image Size                      : 320x180
Megapixels                      : 0.058
Avg Bitrate                     : 428 kbps
Rotation                        : 0
======== forcedenlightenment.mp4
ExifTool Version Number         : 13.44
File Name                       : forcedenlightenment.mp4
Directory                       : .
File Size                       : 10 MB
File Modification Date/Time     : 2025:08:17 22:50:25-05:00
File Access Date/Time           : 2026:01:08 14:21:02-06:00
File Inode Change Date/Time     : 2025:08:17 22:50:25-05:00
File Permissions                : -rw-r--r--
File Type                       : MP4
File Type Extension             : mp4
MIME Type                       : video/mp4
Major Brand                     : MP4 Base Media v1 [IS0 14496-12:2003]
Minor Version                   : 0.2.0
Compatible Brands               : isom, iso2, avc1, mp41
Movie Header Version            : 0
Create Date                     : 2024:11:19 07:47:36
Modify Date                     : 2024:11:19 07:47:36
Time Scale                      : 1000
Duration                        : 0:03:22
Preferred Rate                  : 1
Preferred Volume                : 100.00%
Preview Time                    : 0 s
Preview Duration                : 0 s
Poster Time                     : 0 s
Selection Time                  : 0 s
Selection Duration              : 0 s
Current Time                    : 0 s
Next Track ID                   : 3
Track Header Version            : 0
Track Create Date               : 2024:11:19 07:47:36
Track Modify Date               : 2024:11:19 07:47:36
Track ID                        : 1
Track Duration                  : 0:03:22
Track Layer                     : 0
Track Volume                    : 0.00%
Image Width                     : 320
Image Height                    : 180
Graphics Mode                   : srcCopy
Op Color                        : 0 0 0
Compressor ID                   : avc1
Source Image Width              : 320
Source Image Height             : 180
X Resolution                    : 72
Y Resolution                    : 72
Compressor Name                 : Lavc61.11.100 h264_videotoolbox
Bit Depth                       : 24
Color Profiles                  : nclx
Color Primaries                 : BT.709
Transfer Characteristics        : BT.709
Matrix Coefficients             : BT.709
Video Full Range Flag           : Limited
Pixel Aspect Ratio              : 1:1
Buffer Size                     : 0
Max Bitrate                     : 143197
Average Bitrate                 : 143197
Video Frame Rate                : 25
Matrix Structure                : 1 0 0 0 1 0 0 0 1
Media Header Version            : 0
Media Create Date               : 2024:11:19 07:47:36
Media Modify Date               : 2024:11:19 07:47:36
Media Time Scale                : 48000
Media Duration                  : 0:03:22
Media Language Code             : eng
Handler Description             : ISO Media file produced by Google Inc. Created on: 08/24/2024.
Balance                         : 0
Audio Format                    : mp4a
Audio Channels                  : 2
Audio Bits Per Sample           : 16
Audio Sample Rate               : 48000
Handler Type                    : Metadata
Handler Vendor ID               : Apple
Encoder                         : Lavf61.5.101
Media Data Size                 : 10096445
Media Data Offset               : 116969
Image Size                      : 320x180
Megapixels                      : 0.058
Avg Bitrate                     : 399 kbps
Rotation                        : 0
======== grate.mp4
ExifTool Version Number         : 13.44
File Name                       : grate.mp4
Directory                       : .
File Size                       : 4.7 MB
File Modification Date/Time     : 2025:08:17 22:50:25-05:00
File Access Date/Time           : 2026:01:08 14:21:02-06:00
File Inode Change Date/Time     : 2025:08:17 22:50:25-05:00
File Permissions                : -rw-r--r--
File Type                       : MP4
File Type Extension             : mp4
MIME Type                       : video/mp4
Major Brand                     : MP4 Base Media v1 [IS0 14496-12:2003]
Minor Version                   : 0.2.0
Compatible Brands               : isom, iso2, avc1, mp41
Movie Header Version            : 0
Create Date                     : 2024:11:19 07:47:53
Modify Date                     : 2024:11:19 07:47:53
Time Scale                      : 1000
Duration                        : 0:01:05
Preferred Rate                  : 1
Preferred Volume                : 100.00%
Preview Time                    : 0 s
Preview Duration                : 0 s
Poster Time                     : 0 s
Selection Time                  : 0 s
Selection Duration              : 0 s
Current Time                    : 0 s
Next Track ID                   : 3
Track Header Version            : 0
Track Create Date               : 2024:11:19 07:47:53
Track Modify Date               : 2024:11:19 07:47:53
Track ID                        : 1
Track Duration                  : 0:01:05
Track Layer                     : 0
Track Volume                    : 0.00%
Image Width                     : 319
Image Height                    : 180
Graphics Mode                   : srcCopy
Op Color                        : 0 0 0
Compressor ID                   : avc1
Source Image Width              : 320
Source Image Height             : 180
X Resolution                    : 72
Y Resolution                    : 72
Compressor Name                 : Lavc61.11.100 h264_videotoolbox
Bit Depth                       : 24
Color Profiles                  : nclx
Color Primaries                 : BT.709
Transfer Characteristics        : BT.709
Matrix Coefficients             : BT.709
Video Full Range Flag           : Limited
Pixel Aspect Ratio              : 319:320
Buffer Size                     : 0
Max Bitrate                     : 319696
Average Bitrate                 : 319696
Video Frame Rate                : 29.97
Matrix Structure                : 1 0 0 0 1 0 0 0 1
Media Header Version            : 0
Media Create Date               : 2024:11:19 07:47:53
Media Modify Date               : 2024:11:19 07:47:53
Media Time Scale                : 48000
Media Duration                  : 0:01:05
Media Language Code             : und
Handler Description             : ISO Media file produced by Google Inc. Created on: 09/16/2024.
Balance                         : 0
Audio Format                    : mp4a
Audio Channels                  : 2
Audio Bits Per Sample           : 16
Audio Sample Rate               : 48000
Handler Type                    : Metadata
Handler Vendor ID               : Apple
Encoder                         : Lavf61.5.101
Media Data Size                 : 4670765
Media Data Offset               : 57969
Image Size                      : 319x180
Megapixels                      : 0.057
Avg Bitrate                     : 576 kbps
Rotation                        : 0
======== indexmov.gif
ExifTool Version Number         : 13.44
File Name                       : indexmov.gif
Directory                       : .
File Size                       : 44 MB
File Modification Date/Time     : 2025:08:17 22:50:25-05:00
File Access Date/Time           : 2026:01:11 15:22:14-06:00
File Inode Change Date/Time     : 2025:08:17 22:50:25-05:00
File Permissions                : -rw-r--r--
File Type                       : GIF
File Type Extension             : gif
MIME Type                       : image/gif
GIF Version                     : 89a
Image Width                     : 640
Image Height                    : 361
Has Color Map                   : Yes
Color Resolution Depth          : 8
Bits Per Pixel                  : 8
Background Color                : 4
Animation Iterations            : Infinite
Transparent Color               : 13
Frame Count                     : 869
Duration                        : 57.94 s
Image Size                      : 640x361
Megapixels                      : 0.231
======== lotusmotel.mp4
ExifTool Version Number         : 13.44
File Name                       : lotusmotel.mp4
Directory                       : .
File Size                       : 2.5 MB
File Modification Date/Time     : 2025:08:17 22:50:25-05:00
File Access Date/Time           : 2026:01:08 14:21:01-06:00
File Inode Change Date/Time     : 2025:08:17 22:50:25-05:00
File Permissions                : -rw-r--r--
File Type                       : MP4
File Type Extension             : mp4
MIME Type                       : video/mp4
Major Brand                     : MP4 Base Media v1 [IS0 14496-12:2003]
Minor Version                   : 0.2.0
Compatible Brands               : isom, iso2, avc1, mp41
Movie Header Version            : 0
Create Date                     : 2024:11:19 07:47:46
Modify Date                     : 2024:11:19 07:47:46
Time Scale                      : 1000
Duration                        : 0:00:47
Preferred Rate                  : 1
Preferred Volume                : 100.00%
Preview Time                    : 0 s
Preview Duration                : 0 s
Poster Time                     : 0 s
Selection Time                  : 0 s
Selection Duration              : 0 s
Current Time                    : 0 s
Next Track ID                   : 3
Track Header Version            : 0
Track Create Date               : 2024:11:19 07:47:46
Track Modify Date               : 2024:11:19 07:47:46
Track ID                        : 1
Track Duration                  : 0:00:47
Track Layer                     : 0
Track Volume                    : 0.00%
Image Width                     : 323
Image Height                    : 180
Graphics Mode                   : srcCopy
Op Color                        : 0 0 0
Compressor ID                   : avc1
Source Image Width              : 320
Source Image Height             : 180
X Resolution                    : 72
Y Resolution                    : 72
Compressor Name                 : Lavc61.11.100 h264_videotoolbox
Bit Depth                       : 24
Color Profiles                  : nclx
Color Primaries                 : BT.709
Transfer Characteristics        : BT.709
Matrix Coefficients             : BT.709
Video Full Range Flag           : Limited
Pixel Aspect Ratio              : 90:89
Buffer Size                     : 0
Max Bitrate                     : 166000
Average Bitrate                 : 165125
Video Frame Rate                : 29.915
Matrix Structure                : 1 0 0 0 1 0 0 0 1
Media Header Version            : 0
Media Create Date               : 2024:11:19 07:47:46
Media Modify Date               : 2024:11:19 07:47:46
Media Time Scale                : 48000
Media Duration                  : 0:00:47
Media Language Code             : und
Handler Description             : ISO Media file produced by Google Inc.
Balance                         : 0
Audio Format                    : mp4a
Audio Channels                  : 2
Audio Bits Per Sample           : 16
Audio Sample Rate               : 48000
Handler Type                    : Metadata
Handler Vendor ID               : Apple
Encoder                         : Lavf61.5.101
Media Data Size                 : 2469812
Media Data Offset               : 42125
Image Size                      : 323x180
Megapixels                      : 0.058
Avg Bitrate                     : 421 kbps
Rotation                        : 0
======== smtiaie.mp4
ExifTool Version Number         : 13.44
File Name                       : smtiaie.mp4
Directory                       : .
File Size                       : 25 MB
File Modification Date/Time     : 2025:08:17 22:50:25-05:00
File Access Date/Time           : 2026:01:08 14:21:01-06:00
File Inode Change Date/Time     : 2025:08:17 22:50:25-05:00
File Permissions                : -rw-r--r--
File Type                       : MP4
File Type Extension             : mp4
MIME Type                       : video/mp4
Major Brand                     : MP4 Base Media v1 [IS0 14496-12:2003]
Minor Version                   : 0.2.0
Compatible Brands               : isom, iso2, avc1, mp41
Movie Header Version            : 0
Create Date                     : 2024:11:19 07:48:00
Modify Date                     : 2024:11:19 07:48:00
Time Scale                      : 1000
Duration                        : 0:04:39
Preferred Rate                  : 1
Preferred Volume                : 100.00%
Preview Time                    : 0 s
Preview Duration                : 0 s
Poster Time                     : 0 s
Selection Time                  : 0 s
Selection Duration              : 0 s
Current Time                    : 0 s
Next Track ID                   : 3
Track Header Version            : 0
Track Create Date               : 2024:11:19 07:48:00
Track Modify Date               : 2024:11:19 07:48:00
Track ID                        : 1
Track Duration                  : 0:04:39
Track Layer                     : 0
Track Volume                    : 0.00%
Image Width                     : 320
Image Height                    : 180
Graphics Mode                   : srcCopy
Op Color                        : 0 0 0
Compressor ID                   : avc1
Source Image Width              : 320
Source Image Height             : 180
X Resolution                    : 72
Y Resolution                    : 72
Compressor Name                 : Lavc61.11.100 h264_videotoolbox
Bit Depth                       : 24
Color Profiles                  : nclx
Color Primaries                 : BT.709
Transfer Characteristics        : BT.709
Matrix Coefficients             : BT.709
Video Full Range Flag           : Limited
Pixel Aspect Ratio              : 1:1
Buffer Size                     : 0
Max Bitrate                     : 453246
Average Bitrate                 : 453246
Video Frame Rate                : 29.97
Matrix Structure                : 1 0 0 0 1 0 0 0 1
Media Header Version            : 0
Media Create Date               : 2024:11:19 07:48:00
Media Modify Date               : 2024:11:19 07:48:00
Media Time Scale                : 48000
Media Duration                  : 0:04:39
Media Language Code             : eng
Handler Description             : ISO Media file produced by Google Inc. Created on: 10/07/2024.
Balance                         : 0
Audio Format                    : mp4a
Audio Channels                  : 2
Audio Bits Per Sample           : 16
Audio Sample Rate               : 48000
Handler Type                    : Metadata
Handler Vendor ID               : Apple
Encoder                         : Lavf61.5.101
Media Data Size                 : 24774550
Media Data Offset               : 244785
Image Size                      : 320x180
Megapixels                      : 0.058
Avg Bitrate                     : 709 kbps
Rotation                        : 0
======== untitled.mp4
ExifTool Version Number         : 13.44
File Name                       : untitled.mp4
Directory                       : .
File Size                       : 3.5 MB
File Modification Date/Time     : 2025:08:17 22:50:25-05:00
File Access Date/Time           : 2026:01:08 10:16:34-06:00
File Inode Change Date/Time     : 2025:08:17 22:50:25-05:00
File Permissions                : -rw-r--r--
File Type                       : MP4
File Type Extension             : mp4
MIME Type                       : video/mp4
Major Brand                     : MP4 Base Media v1 [IS0 14496-12:2003]
Minor Version                   : 0.2.0
Compatible Brands               : isom, iso2, avc1, mp41
Movie Header Version            : 0
Create Date                     : 2024:11:19 07:48:19
Modify Date                     : 2024:11:19 07:48:19
Time Scale                      : 1000
Duration                        : 0:01:05
Preferred Rate                  : 1
Preferred Volume                : 100.00%
Preview Time                    : 0 s
Preview Duration                : 0 s
Poster Time                     : 0 s
Selection Time                  : 0 s
Selection Duration              : 0 s
Current Time                    : 0 s
Next Track ID                   : 3
Track Header Version            : 0
Track Create Date               : 2024:11:19 07:48:19
Track Modify Date               : 2024:11:19 07:48:19
Track ID                        : 1
Track Duration                  : 0:01:05
Track Layer                     : 0
Track Volume                    : 0.00%
Image Width                     : 321
Image Height                    : 180
Graphics Mode                   : srcCopy
Op Color                        : 0 0 0
Compressor ID                   : avc1
Source Image Width              : 320
Source Image Height             : 180
X Resolution                    : 72
Y Resolution                    : 72
Compressor Name                 : Lavc61.11.100 h264_videotoolbox
Bit Depth                       : 24
Color Profiles                  : nclx
Color Primaries                 : BT.709
Transfer Characteristics        : BT.709
Matrix Coefficients             : BT.709
Video Full Range Flag           : Limited
Pixel Aspect Ratio              : 180:179
Buffer Size                     : 0
Max Bitrate                     : 167000
Average Bitrate                 : 166276
Video Frame Rate                : 29.97
Matrix Structure                : 1 0 0 0 1 0 0 0 1
Media Header Version            : 0
Media Create Date               : 2024:11:19 07:48:19
Media Modify Date               : 2024:11:19 07:48:19
Media Time Scale                : 48000
Media Duration                  : 0:01:05
Media Language Code             : und
Handler Description             : ISO Media file produced by Google Inc. Created on: 09/16/2024.
Balance                         : 0
Audio Format                    : mp4a
Audio Channels                  : 2
Audio Bits Per Sample           : 16
Audio Sample Rate               : 48000
Handler Type                    : Metadata
Handler Vendor ID               : Apple
Encoder                         : Lavf61.5.101
Media Data Size                 : 3427867
Media Data Offset               : 57997
Image Size                      : 321x180
Megapixels                      : 0.058
Avg Bitrate                     : 423 kbps
Rotation                        : 0
======== yfpmms.mp4
ExifTool Version Number         : 13.44
File Name                       : yfpmms.mp4
Directory                       : .
File Size                       : 51 MB
File Modification Date/Time     : 2025:08:17 22:50:25-05:00
File Access Date/Time           : 2026:01:08 10:16:34-06:00
File Inode Change Date/Time     : 2025:08:17 22:50:25-05:00
File Permissions                : -rw-r--r--
File Type                       : MP4
File Type Extension             : mp4
MIME Type                       : video/mp4
Major Brand                     : MP4 Base Media v1 [IS0 14496-12:2003]
Minor Version                   : 0.2.0
Compatible Brands               : isom, iso2, avc1, mp41
Movie Header Version            : 0
Create Date                     : 2024:11:19 07:46:56
Modify Date                     : 2024:11:19 07:46:56
Time Scale                      : 1000
Duration                        : 0:15:55
Preferred Rate                  : 1
Preferred Volume                : 100.00%
Preview Time                    : 0 s
Preview Duration                : 0 s
Poster Time                     : 0 s
Selection Time                  : 0 s
Selection Duration              : 0 s
Current Time                    : 0 s
Next Track ID                   : 3
Track Header Version            : 0
Track Create Date               : 2024:11:19 07:46:56
Track Modify Date               : 2024:11:19 07:46:56
Track ID                        : 1
Track Duration                  : 0:15:55
Track Layer                     : 0
Track Volume                    : 0.00%
Image Width                     : 320
Image Height                    : 180
Graphics Mode                   : srcCopy
Op Color                        : 0 0 0
Compressor ID                   : avc1
Source Image Width              : 320
Source Image Height             : 180
X Resolution                    : 72
Y Resolution                    : 72
Compressor Name                 : Lavc61.11.100 h264_videotoolbox
Bit Depth                       : 24
Color Profiles                  : nclx
Color Primaries                 : BT.709
Transfer Characteristics        : BT.709
Matrix Coefficients             : BT.709
Video Full Range Flag           : Limited
Pixel Aspect Ratio              : 1:1
Buffer Size                     : 0
Max Bitrate                     : 167000
Average Bitrate                 : 166229
Video Frame Rate                : 29.97
Matrix Structure                : 1 0 0 0 1 0 0 0 1
Media Header Version            : 0
Media Create Date               : 2024:11:19 07:46:56
Media Modify Date               : 2024:11:19 07:46:56
Media Time Scale                : 48000
Media Duration                  : 0:15:55
Media Language Code             : und
Handler Description             : ISO Media file produced by Google Inc. Created on: 09/07/2024.
Balance                         : 0
Audio Format                    : mp4a
Audio Channels                  : 2
Audio Bits Per Sample           : 16
Audio Sample Rate               : 48000
Handler Type                    : Metadata
Handler Vendor ID               : Apple
Encoder                         : Lavf61.5.101
Media Data Size                 : 50405590
Media Data Offset               : 833005
Image Size                      : 320x180
Megapixels                      : 0.058
Avg Bitrate                     : 422 kbps
Rotation                        : 0
    8 image files read
