======== files/mov/yfpmms.mp4
ExifTool Version Number         : 13.44
File Name                       : yfpmms.mp4
Directory                       : files/mov
File Size                       : 51 MB
File Modification Date/Time     : 2025:08:17 22:50:25-05:00
File Access Date/Time           : 2026:01:12 11:28:09-06:00
File Inode Change Date/Time     : 2026:01:12 11:25:44-06:00
File Permissions                : -rw-r--r--
File Type                       : MP4
File Type Extension             : mp4
MIME Type                       : video/mp4
Major Brand                     : MP4 Base Media v1 [IS0 14496-12:2003]
Minor Version                   : 0.2.0
Compatible Brands               : isom, iso2, avc1, mp41
Movie Header Version            : 0
Create Date                     : 2024:11:19 07:46:56
Modify Date                     : 2024:11:19 07:46:56
Time Scale                      : 1000
Duration                        : 0:15:55
Preferred Rate                  : 1
Preferred Volume                : 100.00%
Preview Time                    : 0 s
Preview Duration                : 0 s
Poster Time                     : 0 s
Selection Time                  : 0 s
Selection Duration              : 0 s
Current Time                    : 0 s
Next Track ID                   : 3
Track Header Version            : 0
Track Create Date               : 2024:11:19 07:46:56
Track Modify Date               : 2024:11:19 07:46:56
Track ID                        : 1
Track Duration                  : 0:15:55
Track Layer                     : 0
Track Volume                    : 0.00%
Image Width                     : 320
Image Height                    : 180
Graphics Mode                   : srcCopy
Op Color                        : 0 0 0
Compressor ID                   : avc1
Source Image Width              : 320
Source Image Height             : 180
X Resolution                    : 72
Y Resolution                    : 72
Compressor Name                 : Lavc61.11.100 h264_videotoolbox
Bit Depth                       : 24
Color Profiles                  : nclx
Color Primaries                 : BT.709
Transfer Characteristics        : BT.709
Matrix Coefficients             : BT.709
Video Full Range Flag           : Limited
Pixel Aspect Ratio              : 1:1
Buffer Size                     : 0
Max Bitrate                     : 167000
Average Bitrate                 : 166229
Video Frame Rate                : 29.97
Matrix Structure                : 1 0 0 0 1 0 0 0 1
Media Header Version            : 0
Media Create Date               : 2024:11:19 07:46:56
Media Modify Date               : 2024:11:19 07:46:56
Media Time Scale                : 48000
Media Duration                  : 0:15:55
Media Language Code             : und
Handler Description             : ISO Media file produced by Google Inc. Created on: 09/07/2024.
Balance                         : 0
Audio Format                    : mp4a
Audio Channels                  : 2
Audio Bits Per Sample           : 16
Audio Sample Rate               : 48000
Handler Type                    : Metadata
Handler Vendor ID               : Apple
Encoder                         : Lavf61.5.101
Media Data Size                 : 50405590
Media Data Offset               : 833005
Image Size                      : 320x180
Megapixels                      : 0.058
Avg Bitrate                     : 422 kbps
Rotation                        : 0
======== files/mov/untitled.mp4
ExifTool Version Number         : 13.44
File Name                       : untitled.mp4
Directory                       : files/mov
File Size                       : 3.5 MB
File Modification Date/Time     : 2025:08:17 22:50:25-05:00
File Access Date/Time           : 2026:01:12 11:28:12-06:00
File Inode Change Date/Time     : 2026:01:12 11:25:43-06:00
File Permissions                : -rw-r--r--
File Type                       : MP4
File Type Extension             : mp4
MIME Type                       : video/mp4
Major Brand                     : MP4 Base Media v1 [IS0 14496-12:2003]
Minor Version                   : 0.2.0
Compatible Brands               : isom, iso2, avc1, mp41
Movie Header Version            : 0
Create Date                     : 2024:11:19 07:48:19
Modify Date                     : 2024:11:19 07:48:19
Time Scale                      : 1000
Duration                        : 0:01:05
Preferred Rate                  : 1
Preferred Volume                : 100.00%
Preview Time                    : 0 s
Preview Duration                : 0 s
Poster Time                     : 0 s
Selection Time                  : 0 s
Selection Duration              : 0 s
Current Time                    : 0 s
Next Track ID                   : 3
Track Header Version            : 0
Track Create Date               : 2024:11:19 07:48:19
Track Modify Date               : 2024:11:19 07:48:19
Track ID                        : 1
Track Duration                  : 0:01:05
Track Layer                     : 0
Track Volume                    : 0.00%
Image Width                     : 321
Image Height                    : 180
Graphics Mode                   : srcCopy
Op Color                        : 0 0 0
Compressor ID                   : avc1
Source Image Width              : 320
Source Image Height             : 180
X Resolution                    : 72
Y Resolution                    : 72
Compressor Name                 : Lavc61.11.100 h264_videotoolbox
Bit Depth                       : 24
Color Profiles                  : nclx
Color Primaries                 : BT.709
Transfer Characteristics        : BT.709
Matrix Coefficients             : BT.709
Video Full Range Flag           : Limited
Pixel Aspect Ratio              : 180:179
Buffer Size                     : 0
Max Bitrate                     : 167000
Average Bitrate                 : 166276
Video Frame Rate                : 29.97
Matrix Structure                : 1 0 0 0 1 0 0 0 1
Media Header Version            : 0
Media Create Date               : 2024:11:19 07:48:19
Media Modify Date               : 2024:11:19 07:48:19
Media Time Scale                : 48000
Media Duration                  : 0:01:05
Media Language Code             : und
Handler Description             : ISO Media file produced by Google Inc. Created on: 09/16/2024.
Balance                         : 0
Audio Format                    : mp4a
Audio Channels                  : 2
Audio Bits Per Sample           : 16
Audio Sample Rate               : 48000
Handler Type                    : Metadata
Handler Vendor ID               : Apple
Encoder                         : Lavf61.5.101
Media Data Size                 : 3427867
Media Data Offset               : 57997
Image Size                      : 321x180
Megapixels                      : 0.058
Avg Bitrate                     : 423 kbps
Rotation                        : 0
======== files/mov/nthng.mp4
ExifTool Version Number         : 13.44
File Name                       : nthng.mp4
Directory                       : files/mov
File Size                       : 2.8 MB
File Modification Date/Time     : 2025:09:15 03:55:40-05:00
File Access Date/Time           : 2026:01:12 11:24:02-06:00
File Inode Change Date/Time     : 2026:01:12 11:24:02-06:00
File Permissions                : -rw-r--r--
File Type                       : MP4
File Type Extension             : mp4
MIME Type                       : video/mp4
Major Brand                     : MP4 Base Media v1 [IS0 14496-12:2003]
Minor Version                   : 0.2.0
Compatible Brands               : isom, iso2, mp41
Media Data Size                 : 2831911
Media Data Offset               : 44
Movie Header Version            : 0
Create Date                     : 2025:08:15 07:33:36
Modify Date                     : 2025:08:15 07:33:36
Time Scale                      : 1000
Duration                        : 25.00 s
Preferred Rate                  : 1
Preferred Volume                : 100.00%
Preview Time                    : 0 s
Preview Duration                : 0 s
Poster Time                     : 0 s
Selection Time                  : 0 s
Selection Duration              : 0 s
Current Time                    : 0 s
Next Track ID                   : 3
Track Header Version            : 0
Track Create Date               : 2025:08:15 07:33:36
Track Modify Date               : 2025:08:15 07:33:36
Track ID                        : 1
Track Duration                  : 25.00 s
Track Layer                     : 0
Track Volume                    : 0.00%
Image Width                     : 720
Image Height                    : 720
Graphics Mode                   : srcCopy
Op Color                        : 0 0 0
Compressor ID                   : hvc1
Source Image Width              : 720
Source Image Height             : 720
X Resolution                    : 72
Y Resolution                    : 72
Compressor Name                 : Lavc61.32.100 hevc_videotoolbox
Bit Depth                       : 24
Video Field Order               : Progressive; 0
Color Profiles                  : nclx
Color Primaries                 : BT.709
Transfer Characteristics        : BT.709
Matrix Coefficients             : BT.709
Video Full Range Flag           : Limited
Buffer Size                     : 0
Max Bitrate                     : 650867
Average Bitrate                 : 650867
Video Frame Rate                : 25
Matrix Structure                : 1 0 0 0 1 0 0 0 1
Media Header Version            : 0
Media Create Date               : 2025:08:15 07:33:36
Media Modify Date               : 2025:08:15 07:33:36
Media Time Scale                : 48000
Media Duration                  : 24.92 s
Media Language Code             : und
Handler Description             : SoundHandler
Balance                         : 0
Audio Format                    : mp4a
Audio Channels                  : 2
Audio Bits Per Sample           : 16
Audio Sample Rate               : 48000
Handler Type                    : Metadata
Handler Vendor ID               : Apple
Encoder                         : Lavf61.9.106
Image Size                      : 720x720
Megapixels                      : 0.518
Avg Bitrate                     : 906 kbps
Rotation                        : 0
======== files/mov/marg2.mp4
ExifTool Version Number         : 13.44
File Name                       : marg2.mp4
Directory                       : files/mov
File Size                       : 2.7 MB
File Modification Date/Time     : 2025:09:15 03:55:40-05:00
File Access Date/Time           : 2026:01:12 11:24:02-06:00
File Inode Change Date/Time     : 2026:01:12 11:24:02-06:00
File Permissions                : -rw-r--r--
File Type                       : MP4
File Type Extension             : mp4
MIME Type                       : video/mp4
Major Brand                     : MP4 Base Media v1 [IS0 14496-12:2003]
Minor Version                   : 0.2.0
Compatible Brands               : isom, iso2, avc1, mp41
Media Data Size                 : 2716746
Media Data Offset               : 48
Movie Header Version            : 0
Create Date                     : 0000:00:00 00:00:00
Modify Date                     : 0000:00:00 00:00:00
Time Scale                      : 1000
Duration                        : 0:00:31
Preferred Rate                  : 1
Preferred Volume                : 100.00%
Preview Time                    : 0 s
Preview Duration                : 0 s
Poster Time                     : 0 s
Selection Time                  : 0 s
Selection Duration              : 0 s
Current Time                    : 0 s
Next Track ID                   : 3
Track Header Version            : 0
Track Create Date               : 0000:00:00 00:00:00
Track Modify Date               : 0000:00:00 00:00:00
Track ID                        : 1
Track Duration                  : 0:00:31
Track Layer                     : 0
Track Volume                    : 0.00%
Image Width                     : 720
Image Height                    : 720
Graphics Mode                   : srcCopy
Op Color                        : 0 0 0
Compressor ID                   : avc1
Source Image Width              : 720
Source Image Height             : 720
X Resolution                    : 72
Y Resolution                    : 72
Compressor Name                 : Lavc61.19.100 libx264
Bit Depth                       : 24
Color Profiles                  : nclx
Color Primaries                 : BT.709
Transfer Characteristics        : BT.709
Matrix Coefficients             : BT.709
Video Full Range Flag           : Limited
Buffer Size                     : 0
Max Bitrate                     : 582550
Average Bitrate                 : 582550
Video Frame Rate                : 25
Matrix Structure                : 1 0 0 0 1 0 0 0 1
Media Header Version            : 0
Media Create Date               : 0000:00:00 00:00:00
Media Modify Date               : 0000:00:00 00:00:00
Media Time Scale                : 48000
Media Duration                  : 0:00:31
Media Language Code             : eng
Handler Description             : #Mainconcept MP4 Sound Media Handler
Balance                         : 0
Audio Format                    : mp4a
Audio Channels                  : 2
Audio Bits Per Sample           : 16
Audio Sample Rate               : 48000
Handler Type                    : Metadata
Handler Vendor ID               : Apple
Encoder                         : Lavf61.7.100
Image Size                      : 720x720
Megapixels                      : 0.518
Avg Bitrate                     : 712 kbps
Rotation                        : 0
======== files/mov/indexmov.gif
ExifTool Version Number         : 13.44
File Name                       : indexmov.gif
Directory                       : files/mov
File Size                       : 44 MB
File Modification Date/Time     : 2025:08:17 22:50:25-05:00
File Access Date/Time           : 2026:01:12 11:28:09-06:00
File Inode Change Date/Time     : 2026:01:12 11:25:43-06:00
File Permissions                : -rw-r--r--
File Type                       : GIF
File Type Extension             : gif
MIME Type                       : image/gif
GIF Version                     : 89a
Image Width                     : 640
Image Height                    : 361
Has Color Map                   : Yes
Color Resolution Depth          : 8
Bits Per Pixel                  : 8
Background Color                : 4
Animation Iterations            : Infinite
Transparent Color               : 13
Frame Count                     : 869
Duration                        : 57.94 s
Image Size                      : 640x361
Megapixels                      : 0.231
======== files/mov/marg1.mp4
ExifTool Version Number         : 13.44
File Name                       : marg1.mp4
Directory                       : files/mov
File Size                       : 2.5 MB
File Modification Date/Time     : 2025:09:15 03:55:40-05:00
File Access Date/Time           : 2026:01:12 11:24:02-06:00
File Inode Change Date/Time     : 2026:01:12 11:24:02-06:00
File Permissions                : -rw-r--r--
File Type                       : MP4
File Type Extension             : mp4
MIME Type                       : video/mp4
Major Brand                     : MP4 Base Media v1 [IS0 14496-12:2003]
Minor Version                   : 0.2.0
Compatible Brands               : isom, iso2, avc1, mp41
Media Data Size                 : 2491695
Media Data Offset               : 48
Movie Header Version            : 0
Create Date                     : 0000:00:00 00:00:00
Modify Date                     : 0000:00:00 00:00:00
Time Scale                      : 1000
Duration                        : 0:00:30
Preferred Rate                  : 1
Preferred Volume                : 100.00%
Preview Time                    : 0 s
Preview Duration                : 0 s
Poster Time                     : 0 s
Selection Time                  : 0 s
Selection Duration              : 0 s
Current Time                    : 0 s
Next Track ID                   : 3
Track Header Version            : 0
Track Create Date               : 0000:00:00 00:00:00
Track Modify Date               : 0000:00:00 00:00:00
Track ID                        : 1
Track Duration                  : 0:00:30
Track Layer                     : 0
Track Volume                    : 0.00%
Image Width                     : 720
Image Height                    : 720
Graphics Mode                   : srcCopy
Op Color                        : 0 0 0
Compressor ID                   : avc1
Source Image Width              : 720
Source Image Height             : 720
X Resolution                    : 72
Y Resolution                    : 72
Compressor Name                 : Lavc61.19.100 libx264
Bit Depth                       : 24
Color Profiles                  : nclx
Color Primaries                 : BT.709
Transfer Characteristics        : BT.709
Matrix Coefficients             : BT.709
Video Full Range Flag           : Limited
Buffer Size                     : 0
Max Bitrate                     : 532083
Average Bitrate                 : 532083
Video Frame Rate                : 25
Matrix Structure                : 1 0 0 0 1 0 0 0 1
Media Header Version            : 0
Media Create Date               : 0000:00:00 00:00:00
Media Modify Date               : 0000:00:00 00:00:00
Media Time Scale                : 48000
Media Duration                  : 0:00:30
Media Language Code             : eng
Handler Description             : #Mainconcept MP4 Sound Media Handler
Balance                         : 0
Audio Format                    : mp4a
Audio Channels                  : 2
Audio Bits Per Sample           : 16
Audio Sample Rate               : 48000
Handler Type                    : Metadata
Handler Vendor ID               : Apple
Encoder                         : Lavf61.7.100
Image Size                      : 720x720
Megapixels                      : 0.518
Avg Bitrate                     : 664 kbps
Rotation                        : 0
======== files/mov/chemlove.mp4
ExifTool Version Number         : 13.44
File Name                       : chemlove.mp4
Directory                       : files/mov
File Size                       : 17 MB
File Modification Date/Time     : 2025:08:17 22:50:25-05:00
File Access Date/Time           : 2026:01:12 11:28:10-06:00
File Inode Change Date/Time     : 2026:01:12 11:25:43-06:00
File Permissions                : -rw-r--r--
File Type                       : MP4
File Type Extension             : mp4
MIME Type                       : video/mp4
Major Brand                     : MP4 Base Media v1 [IS0 14496-12:2003]
Minor Version                   : 0.2.0
Compatible Brands               : isom, iso2, avc1, mp41
Movie Header Version            : 0
Create Date                     : 2024:11:19 07:48:27
Modify Date                     : 2024:11:19 07:48:27
Time Scale                      : 1000
Duration                        : 0:05:04
Preferred Rate                  : 1
Preferred Volume                : 100.00%
Preview Time                    : 0 s
Preview Duration                : 0 s
Poster Time                     : 0 s
Selection Time                  : 0 s
Selection Duration              : 0 s
Current Time                    : 0 s
Next Track ID                   : 3
Track Header Version            : 0
Track Create Date               : 2024:11:19 07:48:27
Track Modify Date               : 2024:11:19 07:48:27
Track ID                        : 1
Track Duration                  : 0:05:04
Track Layer                     : 0
Track Volume                    : 0.00%
Image Width                     : 320
Image Height                    : 180
Graphics Mode                   : srcCopy
Op Color                        : 0 0 0
Compressor ID                   : avc1
Source Image Width              : 320
Source Image Height             : 180
X Resolution                    : 72
Y Resolution                    : 72
Compressor Name                 : Lavc61.11.100 h264_videotoolbox
Bit Depth                       : 24
Color Profiles                  : nclx
Color Primaries                 : BT.709
Transfer Characteristics        : BT.709
Matrix Coefficients             : BT.709
Video Full Range Flag           : Limited
Pixel Aspect Ratio              : 1:1
Buffer Size                     : 0
Max Bitrate                     : 172292
Average Bitrate                 : 172292
Video Frame Rate                : 29.97
Matrix Structure                : 1 0 0 0 1 0 0 0 1
Media Header Version            : 0
Media Create Date               : 2024:11:19 07:48:27
Media Modify Date               : 2024:11:19 07:48:27
Media Time Scale                : 48000
Media Duration                  : 0:05:04
Media Language Code             : eng
Handler Description             : ISO Media file produced by Google Inc. Created on: 11/06/2024.
Balance                         : 0
Audio Format                    : mp4a
Audio Channels                  : 2
Audio Bits Per Sample           : 16
Audio Sample Rate               : 48000
Handler Type                    : Metadata
Handler Vendor ID               : Apple
Encoder                         : Lavf61.5.101
Media Data Size                 : 16259731
Media Data Offset               : 265881
Image Size                      : 320x180
Megapixels                      : 0.058
Avg Bitrate                     : 428 kbps
Rotation                        : 0
======== files/mov/grate.mp4
ExifTool Version Number         : 13.44
File Name                       : grate.mp4
Directory                       : files/mov
File Size                       : 4.7 MB
File Modification Date/Time     : 2025:08:17 22:50:25-05:00
File Access Date/Time           : 2026:01:12 11:28:12-06:00
File Inode Change Date/Time     : 2026:01:12 11:25:43-06:00
File Permissions                : -rw-r--r--
File Type                       : MP4
File Type Extension             : mp4
MIME Type                       : video/mp4
Major Brand                     : MP4 Base Media v1 [IS0 14496-12:2003]
Minor Version                   : 0.2.0
Compatible Brands               : isom, iso2, avc1, mp41
Movie Header Version            : 0
Create Date                     : 2024:11:19 07:47:53
Modify Date                     : 2024:11:19 07:47:53
Time Scale                      : 1000
Duration                        : 0:01:05
Preferred Rate                  : 1
Preferred Volume                : 100.00%
Preview Time                    : 0 s
Preview Duration                : 0 s
Poster Time                     : 0 s
Selection Time                  : 0 s
Selection Duration              : 0 s
Current Time                    : 0 s
Next Track ID                   : 3
Track Header Version            : 0
Track Create Date               : 2024:11:19 07:47:53
Track Modify Date               : 2024:11:19 07:47:53
Track ID                        : 1
Track Duration                  : 0:01:05
Track Layer                     : 0
Track Volume                    : 0.00%
Image Width                     : 319
Image Height                    : 180
Graphics Mode                   : srcCopy
Op Color                        : 0 0 0
Compressor ID                   : avc1
Source Image Width              : 320
Source Image Height             : 180
X Resolution                    : 72
Y Resolution                    : 72
Compressor Name                 : Lavc61.11.100 h264_videotoolbox
Bit Depth                       : 24
Color Profiles                  : nclx
Color Primaries                 : BT.709
Transfer Characteristics        : BT.709
Matrix Coefficients             : BT.709
Video Full Range Flag           : Limited
Pixel Aspect Ratio              : 319:320
Buffer Size                     : 0
Max Bitrate                     : 319696
Average Bitrate                 : 319696
Video Frame Rate                : 29.97
Matrix Structure                : 1 0 0 0 1 0 0 0 1
Media Header Version            : 0
Media Create Date               : 2024:11:19 07:47:53
Media Modify Date               : 2024:11:19 07:47:53
Media Time Scale                : 48000
Media Duration                  : 0:01:05
Media Language Code             : und
Handler Description             : ISO Media file produced by Google Inc. Created on: 09/16/2024.
Balance                         : 0
Audio Format                    : mp4a
Audio Channels                  : 2
Audio Bits Per Sample           : 16
Audio Sample Rate               : 48000
Handler Type                    : Metadata
Handler Vendor ID               : Apple
Encoder                         : Lavf61.5.101
Media Data Size                 : 4670765
Media Data Offset               : 57969
Image Size                      : 319x180
Megapixels                      : 0.057
Avg Bitrate                     : 576 kbps
Rotation                        : 0
======== files/mov/mmxgm.mp4
ExifTool Version Number         : 13.44
File Name                       : mmxgm.mp4
Directory                       : files/mov
File Size                       : 5.3 MB
File Modification Date/Time     : 2025:09:15 03:55:40-05:00
File Access Date/Time           : 2026:01:12 11:28:11-06:00
File Inode Change Date/Time     : 2026:01:12 11:24:02-06:00
File Permissions                : -rw-r--r--
File Type                       : MP4
File Type Extension             : mp4
MIME Type                       : video/mp4
Major Brand                     : MP4 Base Media v1 [IS0 14496-12:2003]
Minor Version                   : 0.2.0
Compatible Brands               : isom, iso2, mp41
Media Data Size                 : 5244678
Media Data Offset               : 44
Movie Header Version            : 0
Create Date                     : 2025:08:15 07:32:57
Modify Date                     : 2025:08:15 07:32:57
Time Scale                      : 1000
Duration                        : 0:00:48
Preferred Rate                  : 1
Preferred Volume                : 100.00%
Preview Time                    : 0 s
Preview Duration                : 0 s
Poster Time                     : 0 s
Selection Time                  : 0 s
Selection Duration              : 0 s
Current Time                    : 0 s
Next Track ID                   : 3
Track Header Version            : 0
Track Create Date               : 2025:08:15 07:32:57
Track Modify Date               : 2025:08:15 07:32:57
Track ID                        : 1
Track Duration                  : 0:00:48
Track Layer                     : 0
Track Volume                    : 0.00%
Image Width                     : 720
Image Height                    : 720
Graphics Mode                   : srcCopy
Op Color                        : 0 0 0
Compressor ID                   : hvc1
Source Image Width              : 720
Source Image Height             : 720
X Resolution                    : 72
Y Resolution                    : 72
Compressor Name                 : Lavc61.32.100 hevc_videotoolbox
Bit Depth                       : 24
Video Field Order               : Progressive; 0
Color Profiles                  : nclx
Color Primaries                 : BT.709
Transfer Characteristics        : BT.709
Matrix Coefficients             : BT.709
Video Full Range Flag           : Limited
Buffer Size                     : 0
Max Bitrate                     : 625000
Average Bitrate                 : 611380
Video Frame Rate                : 25
Matrix Structure                : 1 0 0 0 1 0 0 0 1
Media Header Version            : 0
Media Create Date               : 2025:08:15 07:32:57
Media Modify Date               : 2025:08:15 07:32:57
Media Time Scale                : 48000
Media Duration                  : 0:00:48
Media Language Code             : und
Handler Description             : SoundHandler
Balance                         : 0
Audio Format                    : mp4a
Audio Channels                  : 2
Audio Bits Per Sample           : 16
Audio Sample Rate               : 48000
Handler Type                    : Metadata
Handler Vendor ID               : Apple
Encoder                         : Lavf61.9.106
Image Size                      : 720x720
Megapixels                      : 0.518
Avg Bitrate                     : 868 kbps
Rotation                        : 0
======== files/mov/acne2.mp4
ExifTool Version Number         : 13.44
File Name                       : acne2.mp4
Directory                       : files/mov
File Size                       : 1527 kB
File Modification Date/Time     : 2025:09:15 03:55:40-05:00
File Access Date/Time           : 2026:01:12 11:24:01-06:00
File Inode Change Date/Time     : 2026:01:12 11:24:01-06:00
File Permissions                : -rw-r--r--
File Type                       : MP4
File Type Extension             : mp4
MIME Type                       : video/mp4
Major Brand                     : MP4 Base Media v1 [IS0 14496-12:2003]
Minor Version                   : 0.2.0
Compatible Brands               : isom, iso2, avc1, mp41
Media Data Size                 : 1513029
Media Data Offset               : 48
Movie Header Version            : 0
Create Date                     : 0000:00:00 00:00:00
Modify Date                     : 0000:00:00 00:00:00
Time Scale                      : 1000
Duration                        : 11.73 s
Preferred Rate                  : 1
Preferred Volume                : 100.00%
Preview Time                    : 0 s
Preview Duration                : 0 s
Poster Time                     : 0 s
Selection Time                  : 0 s
Selection Duration              : 0 s
Current Time                    : 0 s
Next Track ID                   : 3
Track Header Version            : 0
Track Create Date               : 0000:00:00 00:00:00
Track Modify Date               : 0000:00:00 00:00:00
Track ID                        : 1
Track Duration                  : 11.73 s
Track Layer                     : 0
Track Volume                    : 0.00%
Image Width                     : 720
Image Height                    : 720
Graphics Mode                   : srcCopy
Op Color                        : 0 0 0
Compressor ID                   : avc1
Source Image Width              : 720
Source Image Height             : 720
X Resolution                    : 72
Y Resolution                    : 72
Compressor Name                 : Lavc61.19.100 libx264
Bit Depth                       : 24
Color Profiles                  : nclx
Color Primaries                 : BT.709
Transfer Characteristics        : BT.709
Matrix Coefficients             : BT.709
Video Full Range Flag           : Limited
Buffer Size                     : 0
Max Bitrate                     : 903432
Average Bitrate                 : 903432
Video Frame Rate                : 30
Matrix Structure                : 1 0 0 0 1 0 0 0 1
Media Header Version            : 0
Media Create Date               : 0000:00:00 00:00:00
Media Modify Date               : 0000:00:00 00:00:00
Media Time Scale                : 44100
Media Duration                  : 11.75 s
Media Language Code             : eng
Handler Description             : SoundHandler
Balance                         : 0
Audio Format                    : mp4a
Audio Channels                  : 2
Audio Bits Per Sample           : 16
Audio Sample Rate               : 44100
Handler Type                    : Metadata
Handler Vendor ID               : Apple
Encoder                         : Lavf61.7.100
Image Size                      : 720x720
Megapixels                      : 0.518
Avg Bitrate                     : 1.03 Mbps
Rotation                        : 0
======== files/mov/acne3.mp4
ExifTool Version Number         : 13.44
File Name                       : acne3.mp4
Directory                       : files/mov
File Size                       : 1556 kB
File Modification Date/Time     : 2025:09:15 03:55:40-05:00
File Access Date/Time           : 2026:01:12 11:24:01-06:00
File Inode Change Date/Time     : 2026:01:12 11:24:01-06:00
File Permissions                : -rw-r--r--
File Type                       : MP4
File Type Extension             : mp4
MIME Type                       : video/mp4
Major Brand                     : MP4 Base Media v1 [IS0 14496-12:2003]
Minor Version                   : 0.2.0
Compatible Brands               : isom, iso2, avc1, mp41
Media Data Size                 : 1539536
Media Data Offset               : 48
Movie Header Version            : 0
Create Date                     : 0000:00:00 00:00:00
Modify Date                     : 0000:00:00 00:00:00
Time Scale                      : 1000
Duration                        : 14.28 s
Preferred Rate                  : 1
Preferred Volume                : 100.00%
Preview Time                    : 0 s
Preview Duration                : 0 s
Poster Time                     : 0 s
Selection Time                  : 0 s
Selection Duration              : 0 s
Current Time                    : 0 s
Next Track ID                   : 3
Track Header Version            : 0
Track Create Date               : 0000:00:00 00:00:00
Track Modify Date               : 0000:00:00 00:00:00
Track ID                        : 1
Track Duration                  : 14.27 s
Track Layer                     : 0
Track Volume                    : 0.00%
Image Width                     : 720
Image Height                    : 720
Graphics Mode                   : srcCopy
Op Color                        : 0 0 0
Compressor ID                   : avc1
Source Image Width              : 720
Source Image Height             : 720
X Resolution                    : 72
Y Resolution                    : 72
Compressor Name                 : Lavc61.19.100 libx264
Bit Depth                       : 24
Color Profiles                  : nclx
Color Primaries                 : BT.709
Transfer Characteristics        : BT.709
Matrix Coefficients             : BT.709
Video Full Range Flag           : Limited
Buffer Size                     : 0
Max Bitrate                     : 731611
Average Bitrate                 : 731611
Video Frame Rate                : 30
Matrix Structure                : 1 0 0 0 1 0 0 0 1
Media Header Version            : 0
Media Create Date               : 0000:00:00 00:00:00
Media Modify Date               : 0000:00:00 00:00:00
Media Time Scale                : 44100
Media Duration                  : 14.30 s
Media Language Code             : eng
Handler Description             : SoundHandler
Balance                         : 0
Audio Format                    : mp4a
Audio Channels                  : 2
Audio Bits Per Sample           : 16
Audio Sample Rate               : 44100
Handler Type                    : Metadata
Handler Vendor ID               : Apple
Encoder                         : Lavf61.7.100
Image Size                      : 720x720
Megapixels                      : 0.518
Avg Bitrate                     : 862 kbps
Rotation                        : 0
======== files/mov/acne1.mp4
ExifTool Version Number         : 13.44
File Name                       : acne1.mp4
Directory                       : files/mov
File Size                       : 661 kB
File Modification Date/Time     : 2025:09:15 03:55:40-05:00
File Access Date/Time           : 2026:01:12 11:24:01-06:00
File Inode Change Date/Time     : 2026:01:12 11:24:01-06:00
File Permissions                : -rw-r--r--
File Type                       : MP4
File Type Extension             : mp4
MIME Type                       : video/mp4
Major Brand                     : MP4 Base Media v1 [IS0 14496-12:2003]
Minor Version                   : 0.2.0
Compatible Brands               : isom, iso2, avc1, mp41
Media Data Size                 : 650530
Media Data Offset               : 48
Movie Header Version            : 0
Create Date                     : 0000:00:00 00:00:00
Modify Date                     : 0000:00:00 00:00:00
Time Scale                      : 1000
Duration                        : 8.52 s
Preferred Rate                  : 1
Preferred Volume                : 100.00%
Preview Time                    : 0 s
Preview Duration                : 0 s
Poster Time                     : 0 s
Selection Time                  : 0 s
Selection Duration              : 0 s
Current Time                    : 0 s
Next Track ID                   : 3
Track Header Version            : 0
Track Create Date               : 0000:00:00 00:00:00
Track Modify Date               : 0000:00:00 00:00:00
Track ID                        : 1
Track Duration                  : 8.47 s
Track Layer                     : 0
Track Volume                    : 0.00%
Image Width                     : 720
Image Height                    : 720
Graphics Mode                   : srcCopy
Op Color                        : 0 0 0
Compressor ID                   : avc1
Source Image Width              : 720
Source Image Height             : 720
X Resolution                    : 72
Y Resolution                    : 72
Compressor Name                 : Lavc61.19.100 libx264
Bit Depth                       : 24
Color Profiles                  : nclx
Color Primaries                 : BT.709
Transfer Characteristics        : BT.709
Matrix Coefficients             : BT.709
Video Full Range Flag           : Limited
Buffer Size                     : 0
Max Bitrate                     : 484525
Average Bitrate                 : 484525
Video Frame Rate                : 30
Matrix Structure                : 1 0 0 0 1 0 0 0 1
Media Header Version            : 0
Media Create Date               : 0000:00:00 00:00:00
Media Modify Date               : 0000:00:00 00:00:00
Media Time Scale                : 44100
Media Duration                  : 8.55 s
Media Language Code             : eng
Handler Description             : SoundHandler
Balance                         : 0
Audio Format                    : mp4a
Audio Channels                  : 2
Audio Bits Per Sample           : 16
Audio Sample Rate               : 44100
Handler Type                    : Metadata
Handler Vendor ID               : Apple
Encoder                         : Lavf61.7.100
Image Size                      : 720x720
Megapixels                      : 0.518
Avg Bitrate                     : 611 kbps
Rotation                        : 0
======== files/mov/acne4.mp4
ExifTool Version Number         : 13.44
File Name                       : acne4.mp4
Directory                       : files/mov
File Size                       : 1858 kB
File Modification Date/Time     : 2025:09:15 03:55:40-05:00
File Access Date/Time           : 2026:01:12 11:24:01-06:00
File Inode Change Date/Time     : 2026:01:12 11:24:01-06:00
File Permissions                : -rw-r--r--
File Type                       : MP4
File Type Extension             : mp4
MIME Type                       : video/mp4
Major Brand                     : MP4 Base Media v1 [IS0 14496-12:2003]
Minor Version                   : 0.2.0
Compatible Brands               : isom, iso2, avc1, mp41
Media Data Size                 : 1842101
Media Data Offset               : 48
Movie Header Version            : 0
Create Date                     : 0000:00:00 00:00:00
Modify Date                     : 0000:00:00 00:00:00
Time Scale                      : 1000
Duration                        : 13.21 s
Preferred Rate                  : 1
Preferred Volume                : 100.00%
Preview Time                    : 0 s
Preview Duration                : 0 s
Poster Time                     : 0 s
Selection Time                  : 0 s
Selection Duration              : 0 s
Current Time                    : 0 s
Next Track ID                   : 3
Track Header Version            : 0
Track Create Date               : 0000:00:00 00:00:00
Track Modify Date               : 0000:00:00 00:00:00
Track ID                        : 1
Track Duration                  : 13.20 s
Track Layer                     : 0
Track Volume                    : 0.00%
Image Width                     : 720
Image Height                    : 720
Graphics Mode                   : srcCopy
Op Color                        : 0 0 0
Compressor ID                   : avc1
Source Image Width              : 720
Source Image Height             : 720
X Resolution                    : 72
Y Resolution                    : 72
Compressor Name                 : Lavc61.19.100 libx264
Bit Depth                       : 24
Color Profiles                  : nclx
Color Primaries                 : BT.709
Transfer Characteristics        : BT.709
Matrix Coefficients             : BT.709
Video Full Range Flag           : Limited
Buffer Size                     : 0
Max Bitrate                     : 987169
Average Bitrate                 : 987169
Video Frame Rate                : 30
Matrix Structure                : 1 0 0 0 1 0 0 0 1
Media Header Version            : 0
Media Create Date               : 0000:00:00 00:00:00
Media Modify Date               : 0000:00:00 00:00:00
Media Time Scale                : 44100
Media Duration                  : 13.24 s
Media Language Code             : eng
Handler Description             : SoundHandler
Balance                         : 0
Audio Format                    : mp4a
Audio Channels                  : 2
Audio Bits Per Sample           : 16
Audio Sample Rate               : 44100
Handler Type                    : Metadata
Handler Vendor ID               : Apple
Encoder                         : Lavf61.7.100
Image Size                      : 720x720
Megapixels                      : 0.518
Avg Bitrate                     : 1.12 Mbps
Rotation                        : 0
======== files/mov/compreelnu2.mp4
ExifTool Version Number         : 13.44
File Name                       : compreelnu2.mp4
Directory                       : files/mov
File Size                       : 13 MB
File Modification Date/Time     : 2026:01:09 07:54:34-06:00
File Access Date/Time           : 2026:01:12 11:28:10-06:00
File Inode Change Date/Time     : 2026:01:12 11:24:01-06:00
File Permissions                : -rw-r--r--
File Type                       : MP4
File Type Extension             : mp4
MIME Type                       : video/mp4
Major Brand                     : MP4 Base Media v1 [IS0 14496-12:2003]
Minor Version                   : 0.2.0
Compatible Brands               : isom, iso2, avc1, mp41
Movie Header Version            : 0
Create Date                     : 0000:00:00 00:00:00
Modify Date                     : 0000:00:00 00:00:00
Time Scale                      : 1000
Duration                        : 17.39 s
Preferred Rate                  : 1
Preferred Volume                : 100.00%
Preview Time                    : 0 s
Preview Duration                : 0 s
Poster Time                     : 0 s
Selection Time                  : 0 s
Selection Duration              : 0 s
Current Time                    : 0 s
Next Track ID                   : 3
Track Header Version            : 0
Track Create Date               : 0000:00:00 00:00:00
Track Modify Date               : 0000:00:00 00:00:00
Track ID                        : 1
Track Duration                  : 17.38 s
Track Layer                     : 0
Track Volume                    : 0.00%
Image Width                     : 1920
Image Height                    : 1080
Graphics Mode                   : srcCopy
Op Color                        : 0 0 0
Compressor ID                   : avc1
Source Image Width              : 1920
Source Image Height             : 1080
X Resolution                    : 72
Y Resolution                    : 72
Bit Depth                       : 24
Color Profiles                  : nclx
Color Primaries                 : BT.709
Transfer Characteristics        : BT.709
Matrix Coefficients             : BT.709
Video Full Range Flag           : Limited
Pixel Aspect Ratio              : 1:1
Buffer Size                     : 0
Max Bitrate                     : 5598539
Average Bitrate                 : 0
Video Frame Rate                : 24
Matrix Structure                : 1 0 0 0 1 0 0 0 1
Media Header Version            : 0
Media Create Date               : 0000:00:00 00:00:00
Media Modify Date               : 0000:00:00 00:00:00
Media Time Scale                : 48000
Media Duration                  : 17.41 s
Media Language Code             : und
Handler Description             : SoundHandler
Balance                         : 0
Audio Format                    : mp4a
Audio Channels                  : 2
Audio Bits Per Sample           : 16
Audio Sample Rate               : 48000
Handler Type                    : Metadata
Handler Vendor ID               : Apple
Encoder                         : Lavf62.3.100
Media Data Size                 : 12499201
Media Data Offset               : 11993
Image Size                      : 1920x1080
Megapixels                      : 2.1
Avg Bitrate                     : 5.75 Mbps
Rotation                        : 0
======== files/mov/compreelnu1.mp4
ExifTool Version Number         : 13.44
File Name                       : compreelnu1.mp4
Directory                       : files/mov
File Size                       : 11 MB
File Modification Date/Time     : 2026:01:09 01:46:10-06:00
File Access Date/Time           : 2026:01:12 11:28:10-06:00
File Inode Change Date/Time     : 2026:01:12 11:24:01-06:00
File Permissions                : -rw-r--r--
File Type                       : MP4
File Type Extension             : mp4
MIME Type                       : video/mp4
Major Brand                     : MP4 Base Media v1 [IS0 14496-12:2003]
Minor Version                   : 0.2.0
Compatible Brands               : isom, iso2, avc1, mp41
Movie Header Version            : 0
Create Date                     : 0000:00:00 00:00:00
Modify Date                     : 0000:00:00 00:00:00
Time Scale                      : 1000
Duration                        : 17.34 s
Preferred Rate                  : 1
Preferred Volume                : 100.00%
Preview Time                    : 0 s
Preview Duration                : 0 s
Poster Time                     : 0 s
Selection Time                  : 0 s
Selection Duration              : 0 s
Current Time                    : 0 s
Next Track ID                   : 3
Track Header Version            : 0
Track Create Date               : 0000:00:00 00:00:00
Track Modify Date               : 0000:00:00 00:00:00
Track ID                        : 1
Track Duration                  : 17.33 s
Track Layer                     : 0
Track Volume                    : 0.00%
Image Width                     : 1920
Image Height                    : 1080
Graphics Mode                   : srcCopy
Op Color                        : 0 0 0
Compressor ID                   : avc1
Source Image Width              : 1920
Source Image Height             : 1080
X Resolution                    : 72
Y Resolution                    : 72
Bit Depth                       : 24
Color Profiles                  : nclx
Color Primaries                 : BT.709
Transfer Characteristics        : BT.709
Matrix Coefficients             : BT.709
Video Full Range Flag           : Limited
Pixel Aspect Ratio              : 1:1
Buffer Size                     : 0
Max Bitrate                     : 5126774
Average Bitrate                 : 0
Video Frame Rate                : 24
Matrix Structure                : 1 0 0 0 1 0 0 0 1
Media Header Version            : 0
Media Create Date               : 0000:00:00 00:00:00
Media Modify Date               : 0000:00:00 00:00:00
Media Time Scale                : 48000
Media Duration                  : 17.37 s
Media Language Code             : und
Handler Description             : SoundHandler
Balance                         : 0
Audio Format                    : mp4a
Audio Channels                  : 2
Audio Bits Per Sample           : 16
Audio Sample Rate               : 48000
Handler Type                    : Metadata
Handler Vendor ID               : Apple
Encoder                         : Lavf62.3.100
Media Data Size                 : 11471158
Media Data Offset               : 12141
Image Size                      : 1920x1080
Megapixels                      : 2.1
Avg Bitrate                     : 5.29 Mbps
Rotation                        : 0
======== files/mov/tricky.mp4
ExifTool Version Number         : 13.44
File Name                       : tricky.mp4
Directory                       : files/mov
File Size                       : 1753 kB
File Modification Date/Time     : 2025:09:15 03:55:40-05:00
File Access Date/Time           : 2026:01:12 11:24:02-06:00
File Inode Change Date/Time     : 2026:01:12 11:24:02-06:00
File Permissions                : -rw-r--r--
File Type                       : MP4
File Type Extension             : mp4
MIME Type                       : video/mp4
Major Brand                     : MP4 Base Media v1 [IS0 14496-12:2003]
Minor Version                   : 0.2.0
Compatible Brands               : isom, iso2, mp41
Media Data Size                 : 1742935
Media Data Offset               : 44
Movie Header Version            : 0
Create Date                     : 2025:08:15 07:32:25
Modify Date                     : 2025:08:15 07:32:25
Time Scale                      : 1000
Duration                        : 15.28 s
Preferred Rate                  : 1
Preferred Volume                : 100.00%
Preview Time                    : 0 s
Preview Duration                : 0 s
Poster Time                     : 0 s
Selection Time                  : 0 s
Selection Duration              : 0 s
Current Time                    : 0 s
Next Track ID                   : 3
Track Header Version            : 0
Track Create Date               : 2025:08:15 07:32:25
Track Modify Date               : 2025:08:15 07:32:25
Track ID                        : 1
Track Duration                  : 15.28 s
Track Layer                     : 0
Track Volume                    : 0.00%
Image Width                     : 720
Image Height                    : 720
Graphics Mode                   : srcCopy
Op Color                        : 0 0 0
Compressor ID                   : hvc1
Source Image Width              : 720
Source Image Height             : 720
X Resolution                    : 72
Y Resolution                    : 72
Compressor Name                 : Lavc61.32.100 hevc_videotoolbox
Bit Depth                       : 24
Video Field Order               : Progressive; 0
Color Profiles                  : nclx
Color Primaries                 : BT.709
Transfer Characteristics        : BT.709
Matrix Coefficients             : BT.709
Video Full Range Flag           : Full
Buffer Size                     : 0
Max Bitrate                     : 657380
Average Bitrate                 : 657380
Video Frame Rate                : 25
Matrix Structure                : 1 0 0 0 1 0 0 0 1
Media Header Version            : 0
Media Create Date               : 2025:08:15 07:32:25
Media Modify Date               : 2025:08:15 07:32:25
Media Time Scale                : 48000
Media Duration                  : 15.21 s
Media Language Code             : und
Handler Description             : SoundHandler
Balance                         : 0
Audio Format                    : mp4a
Audio Channels                  : 2
Audio Bits Per Sample           : 16
Audio Sample Rate               : 48000
Handler Type                    : Metadata
Handler Vendor ID               : Apple
Encoder                         : Lavf61.9.106
Image Size                      : 720x720
Megapixels                      : 0.518
Avg Bitrate                     : 913 kbps
Rotation                        : 0
======== files/mov/camper1.mp4
ExifTool Version Number         : 13.44
File Name                       : camper1.mp4
Directory                       : files/mov
File Size                       : 1970 kB
File Modification Date/Time     : 2025:09:15 03:55:40-05:00
File Access Date/Time           : 2026:01:12 11:24:01-06:00
File Inode Change Date/Time     : 2026:01:12 11:24:01-06:00
File Permissions                : -rw-r--r--
File Type                       : MP4
File Type Extension             : mp4
MIME Type                       : video/mp4
Major Brand                     : MP4 Base Media v1 [IS0 14496-12:2003]
Minor Version                   : 0.2.0
Compatible Brands               : isom, iso2, avc1, mp41
Media Data Size                 : 1959759
Media Data Offset               : 48
Movie Header Version            : 0
Create Date                     : 0000:00:00 00:00:00
Modify Date                     : 0000:00:00 00:00:00
Time Scale                      : 1000
Duration                        : 10.61 s
Preferred Rate                  : 1
Preferred Volume                : 100.00%
Preview Time                    : 0 s
Preview Duration                : 0 s
Poster Time                     : 0 s
Selection Time                  : 0 s
Selection Duration              : 0 s
Current Time                    : 0 s
Next Track ID                   : 3
Track Header Version            : 0
Track Create Date               : 0000:00:00 00:00:00
Track Modify Date               : 0000:00:00 00:00:00
Track ID                        : 1
Track Duration                  : 10.60 s
Track Layer                     : 0
Track Volume                    : 0.00%
Image Width                     : 720
Image Height                    : 720
Graphics Mode                   : srcCopy
Op Color                        : 0 0 0
Compressor ID                   : avc1
Source Image Width              : 720
Source Image Height             : 720
X Resolution                    : 72
Y Resolution                    : 72
Compressor Name                 : Lavc61.19.100 libx264
Bit Depth                       : 24
Color Profiles                  : nclx
Color Primaries                 : BT.709
Transfer Characteristics        : BT.709
Matrix Coefficients             : BT.709
Video Full Range Flag           : Limited
Buffer Size                     : 0
Max Bitrate                     : 1350947
Average Bitrate                 : 1350947
Video Frame Rate                : 25
Matrix Structure                : 1 0 0 0 1 0 0 0 1
Media Header Version            : 0
Media Create Date               : 0000:00:00 00:00:00
Media Modify Date               : 0000:00:00 00:00:00
Media Time Scale                : 44100
Media Duration                  : 10.64 s
Media Language Code             : und
Handler Description             : SoundHandler
Balance                         : 0
Audio Format                    : mp4a
Audio Channels                  : 2
Audio Bits Per Sample           : 16
Audio Sample Rate               : 44100
Handler Type                    : Metadata
Handler Vendor ID               : Apple
Encoder                         : Lavf61.7.100
Image Size                      : 720x720
Megapixels                      : 0.518
Avg Bitrate                     : 1.48 Mbps
Rotation                        : 0
======== files/mov/gstar4.mp4
ExifTool Version Number         : 13.44
File Name                       : gstar4.mp4
Directory                       : files/mov
File Size                       : 1441 kB
File Modification Date/Time     : 2025:09:27 21:55:45-05:00
File Access Date/Time           : 2026:01:12 11:24:01-06:00
File Inode Change Date/Time     : 2026:01:12 11:24:01-06:00
File Permissions                : -rw-r--r--
File Type                       : MP4
File Type Extension             : mp4
MIME Type                       : video/mp4
Major Brand                     : MP4 Base Media v1 [IS0 14496-12:2003]
Minor Version                   : 0.2.0
Compatible Brands               : isom, iso2, mp41
Movie Header Version            : 0
Create Date                     : 0000:00:00 00:00:00
Modify Date                     : 0000:00:00 00:00:00
Time Scale                      : 1000
Duration                        : 15.00 s
Preferred Rate                  : 1
Preferred Volume                : 100.00%
Preview Time                    : 0 s
Preview Duration                : 0 s
Poster Time                     : 0 s
Selection Time                  : 0 s
Selection Duration              : 0 s
Current Time                    : 0 s
Next Track ID                   : 3
Track Header Version            : 0
Track Create Date               : 0000:00:00 00:00:00
Track Modify Date               : 0000:00:00 00:00:00
Track ID                        : 1
Track Duration                  : 15.00 s
Track Layer                     : 0
Track Volume                    : 0.00%
Image Width                     : 1080
Image Height                    : 1920
Graphics Mode                   : srcCopy
Op Color                        : 0 0 0
Compressor ID                   : vp09
Source Image Width              : 1080
Source Image Height             : 1920
X Resolution                    : 72
Y Resolution                    : 72
Compressor Name                 : VPC Coding
Bit Depth                       : 24
Color Profiles                  : nclx
Color Primaries                 : BT.709
Transfer Characteristics        : BT.709
Matrix Coefficients             : BT.709
Video Full Range Flag           : Limited
Buffer Size                     : 0
Max Bitrate                     : 894002
Average Bitrate                 : 697221
Video Frame Rate                : 25
Matrix Structure                : 1 0 0 0 1 0 0 0 1
Media Header Version            : 0
Media Create Date               : 0000:00:00 00:00:00
Media Modify Date               : 0000:00:00 00:00:00
Media Time Scale                : 44100
Media Duration                  : 15.11 s
Media Language Code             : und
Handler Description             : SoundHandler
Balance                         : 0
Audio Format                    : mp4a
Audio Channels                  : 2
Audio Bits Per Sample           : 16
Audio Sample Rate               : 44100
Handler Type                    : Metadata
Handler Vendor ID               : Apple
Encoder                         : Lavf62.3.100
Media Data Size                 : 1432683
Media Data Offset               : 8043
Image Size                      : 1080x1920
Megapixels                      : 2.1
Avg Bitrate                     : 764 kbps
Rotation                        : 0
======== files/mov/lotusmotel.mp4
ExifTool Version Number         : 13.44
File Name                       : lotusmotel.mp4
Directory                       : files/mov
File Size                       : 2.5 MB
File Modification Date/Time     : 2025:08:17 22:50:25-05:00
File Access Date/Time           : 2026:01:12 11:25:43-06:00
File Inode Change Date/Time     : 2026:01:12 11:25:43-06:00
File Permissions                : -rw-r--r--
File Type                       : MP4
File Type Extension             : mp4
MIME Type                       : video/mp4
Major Brand                     : MP4 Base Media v1 [IS0 14496-12:2003]
Minor Version                   : 0.2.0
Compatible Brands               : isom, iso2, avc1, mp41
Movie Header Version            : 0
Create Date                     : 2024:11:19 07:47:46
Modify Date                     : 2024:11:19 07:47:46
Time Scale                      : 1000
Duration                        : 0:00:47
Preferred Rate                  : 1
Preferred Volume                : 100.00%
Preview Time                    : 0 s
Preview Duration                : 0 s
Poster Time                     : 0 s
Selection Time                  : 0 s
Selection Duration              : 0 s
Current Time                    : 0 s
Next Track ID                   : 3
Track Header Version            : 0
Track Create Date               : 2024:11:19 07:47:46
Track Modify Date               : 2024:11:19 07:47:46
Track ID                        : 1
Track Duration                  : 0:00:47
Track Layer                     : 0
Track Volume                    : 0.00%
Image Width                     : 323
Image Height                    : 180
Graphics Mode                   : srcCopy
Op Color                        : 0 0 0
Compressor ID                   : avc1
Source Image Width              : 320
Source Image Height             : 180
X Resolution                    : 72
Y Resolution                    : 72
Compressor Name                 : Lavc61.11.100 h264_videotoolbox
Bit Depth                       : 24
Color Profiles                  : nclx
Color Primaries                 : BT.709
Transfer Characteristics        : BT.709
Matrix Coefficients             : BT.709
Video Full Range Flag           : Limited
Pixel Aspect Ratio              : 90:89
Buffer Size                     : 0
Max Bitrate                     : 166000
Average Bitrate                 : 165125
Video Frame Rate                : 29.915
Matrix Structure                : 1 0 0 0 1 0 0 0 1
Media Header Version            : 0
Media Create Date               : 2024:11:19 07:47:46
Media Modify Date               : 2024:11:19 07:47:46
Media Time Scale                : 48000
Media Duration                  : 0:00:47
Media Language Code             : und
Handler Description             : ISO Media file produced by Google Inc.
Balance                         : 0
Audio Format                    : mp4a
Audio Channels                  : 2
Audio Bits Per Sample           : 16
Audio Sample Rate               : 48000
Handler Type                    : Metadata
Handler Vendor ID               : Apple
Encoder                         : Lavf61.5.101
Media Data Size                 : 2469812
Media Data Offset               : 42125
Image Size                      : 323x180
Megapixels                      : 0.058
Avg Bitrate                     : 421 kbps
Rotation                        : 0
======== files/mov/smtiaie.mp4
ExifTool Version Number         : 13.44
File Name                       : smtiaie.mp4
Directory                       : files/mov
File Size                       : 25 MB
File Modification Date/Time     : 2025:08:17 22:50:25-05:00
File Access Date/Time           : 2026:01:12 11:28:09-06:00
File Inode Change Date/Time     : 2026:01:12 11:25:43-06:00
File Permissions                : -rw-r--r--
File Type                       : MP4
File Type Extension             : mp4
MIME Type                       : video/mp4
Major Brand                     : MP4 Base Media v1 [IS0 14496-12:2003]
Minor Version                   : 0.2.0
Compatible Brands               : isom, iso2, avc1, mp41
Movie Header Version            : 0
Create Date                     : 2024:11:19 07:48:00
Modify Date                     : 2024:11:19 07:48:00
Time Scale                      : 1000
Duration                        : 0:04:39
Preferred Rate                  : 1
Preferred Volume                : 100.00%
Preview Time                    : 0 s
Preview Duration                : 0 s
Poster Time                     : 0 s
Selection Time                  : 0 s
Selection Duration              : 0 s
Current Time                    : 0 s
Next Track ID                   : 3
Track Header Version            : 0
Track Create Date               : 2024:11:19 07:48:00
Track Modify Date               : 2024:11:19 07:48:00
Track ID                        : 1
Track Duration                  : 0:04:39
Track Layer                     : 0
Track Volume                    : 0.00%
Image Width                     : 320
Image Height                    : 180
Graphics Mode                   : srcCopy
Op Color                        : 0 0 0
Compressor ID                   : avc1
Source Image Width              : 320
Source Image Height             : 180
X Resolution                    : 72
Y Resolution                    : 72
Compressor Name                 : Lavc61.11.100 h264_videotoolbox
Bit Depth                       : 24
Color Profiles                  : nclx
Color Primaries                 : BT.709
Transfer Characteristics        : BT.709
Matrix Coefficients             : BT.709
Video Full Range Flag           : Limited
Pixel Aspect Ratio              : 1:1
Buffer Size                     : 0
Max Bitrate                     : 453246
Average Bitrate                 : 453246
Video Frame Rate                : 29.97
Matrix Structure                : 1 0 0 0 1 0 0 0 1
Media Header Version            : 0
Media Create Date               : 2024:11:19 07:48:00
Media Modify Date               : 2024:11:19 07:48:00
Media Time Scale                : 48000
Media Duration                  : 0:04:39
Media Language Code             : eng
Handler Description             : ISO Media file produced by Google Inc. Created on: 10/07/2024.
Balance                         : 0
Audio Format                    : mp4a
Audio Channels                  : 2
Audio Bits Per Sample           : 16
Audio Sample Rate               : 48000
Handler Type                    : Metadata
Handler Vendor ID               : Apple
Encoder                         : Lavf61.5.101
Media Data Size                 : 24774550
Media Data Offset               : 244785
Image Size                      : 320x180
Megapixels                      : 0.058
Avg Bitrate                     : 709 kbps
Rotation                        : 0
======== files/mov/camper2.mp4
ExifTool Version Number         : 13.44
File Name                       : camper2.mp4
Directory                       : files/mov
File Size                       : 3.0 MB
File Modification Date/Time     : 2025:09:15 03:55:40-05:00
File Access Date/Time           : 2026:01:12 11:24:01-06:00
File Inode Change Date/Time     : 2026:01:12 11:24:01-06:00
File Permissions                : -rw-r--r--
File Type                       : MP4
File Type Extension             : mp4
MIME Type                       : video/mp4
Major Brand                     : MP4 Base Media v1 [IS0 14496-12:2003]
Minor Version                   : 0.2.0
Compatible Brands               : isom, iso2, avc1, mp41
Media Data Size                 : 2971205
Media Data Offset               : 48
Movie Header Version            : 0
Create Date                     : 0000:00:00 00:00:00
Modify Date                     : 0000:00:00 00:00:00
Time Scale                      : 1000
Duration                        : 9.60 s
Preferred Rate                  : 1
Preferred Volume                : 100.00%
Preview Time                    : 0 s
Preview Duration                : 0 s
Poster Time                     : 0 s
Selection Time                  : 0 s
Selection Duration              : 0 s
Current Time                    : 0 s
Next Track ID                   : 3
Track Header Version            : 0
Track Create Date               : 0000:00:00 00:00:00
Track Modify Date               : 0000:00:00 00:00:00
Track ID                        : 1
Track Duration                  : 9.60 s
Track Layer                     : 0
Track Volume                    : 0.00%
Image Width                     : 720
Image Height                    : 720
Graphics Mode                   : srcCopy
Op Color                        : 0 0 0
Compressor ID                   : avc1
Source Image Width              : 720
Source Image Height             : 720
X Resolution                    : 72
Y Resolution                    : 72
Compressor Name                 : Lavc61.19.100 libx264
Bit Depth                       : 24
Color Profiles                  : nclx
Color Primaries                 : BT.709
Transfer Characteristics        : BT.709
Matrix Coefficients             : BT.709
Video Full Range Flag           : Limited
Buffer Size                     : 0
Max Bitrate                     : 2347854
Average Bitrate                 : 2347854
Video Frame Rate                : 25
Matrix Structure                : 1 0 0 0 1 0 0 0 1
Media Header Version            : 0
Media Create Date               : 0000:00:00 00:00:00
Media Modify Date               : 0000:00:00 00:00:00
Media Time Scale                : 44100
Media Duration                  : 9.61 s
Media Language Code             : und
Handler Description             : SoundHandler
Balance                         : 0
Audio Format                    : mp4a
Audio Channels                  : 2
Audio Bits Per Sample           : 16
Audio Sample Rate               : 44100
Handler Type                    : Metadata
Handler Vendor ID               : Apple
Encoder                         : Lavf61.7.100
Image Size                      : 720x720
Megapixels                      : 0.518
Avg Bitrate                     : 2.48 Mbps
Rotation                        : 0
======== files/mov/camper3.mp4
ExifTool Version Number         : 13.44
File Name                       : camper3.mp4
Directory                       : files/mov
File Size                       : 3.3 MB
File Modification Date/Time     : 2025:09:15 03:55:40-05:00
File Access Date/Time           : 2026:01:12 11:24:01-06:00
File Inode Change Date/Time     : 2026:01:12 11:24:01-06:00
File Permissions                : -rw-r--r--
File Type                       : MP4
File Type Extension             : mp4
MIME Type                       : video/mp4
Major Brand                     : MP4 Base Media v1 [IS0 14496-12:2003]
Minor Version                   : 0.2.0
Compatible Brands               : isom, iso2, avc1, mp41
Media Data Size                 : 3332599
Media Data Offset               : 48
Movie Header Version            : 0
Create Date                     : 0000:00:00 00:00:00
Modify Date                     : 0000:00:00 00:00:00
Time Scale                      : 1000
Duration                        : 10.98 s
Preferred Rate                  : 1
Preferred Volume                : 100.00%
Preview Time                    : 0 s
Preview Duration                : 0 s
Poster Time                     : 0 s
Selection Time                  : 0 s
Selection Duration              : 0 s
Current Time                    : 0 s
Next Track ID                   : 3
Track Header Version            : 0
Track Create Date               : 0000:00:00 00:00:00
Track Modify Date               : 0000:00:00 00:00:00
Track ID                        : 1
Track Duration                  : 10.96 s
Track Layer                     : 0
Track Volume                    : 0.00%
Image Width                     : 720
Image Height                    : 720
Graphics Mode                   : srcCopy
Op Color                        : 0 0 0
Compressor ID                   : avc1
Source Image Width              : 720
Source Image Height             : 720
X Resolution                    : 72
Y Resolution                    : 72
Compressor Name                 : Lavc61.19.100 libx264
Bit Depth                       : 24
Color Profiles                  : nclx
Color Primaries                 : BT.709
Transfer Characteristics        : BT.709
Matrix Coefficients             : BT.709
Video Full Range Flag           : Limited
Buffer Size                     : 0
Max Bitrate                     : 2304080
Average Bitrate                 : 2304080
Video Frame Rate                : 25
Matrix Structure                : 1 0 0 0 1 0 0 0 1
Media Header Version            : 0
Media Create Date               : 0000:00:00 00:00:00
Media Modify Date               : 0000:00:00 00:00:00
Media Time Scale                : 44100
Media Duration                  : 11.01 s
Media Language Code             : und
Handler Description             : SoundHandler
Balance                         : 0
Audio Format                    : mp4a
Audio Channels                  : 2
Audio Bits Per Sample           : 16
Audio Sample Rate               : 44100
Handler Type                    : Metadata
Handler Vendor ID               : Apple
Encoder                         : Lavf61.7.100
Image Size                      : 720x720
Megapixels                      : 0.518
Avg Bitrate                     : 2.43 Mbps
Rotation                        : 0
======== files/mov/gstar2.mp4
ExifTool Version Number         : 13.44
File Name                       : gstar2.mp4
Directory                       : files/mov
File Size                       : 1864 kB
File Modification Date/Time     : 2025:09:27 21:55:31-05:00
File Access Date/Time           : 2026:01:12 11:24:01-06:00
File Inode Change Date/Time     : 2026:01:12 11:24:01-06:00
File Permissions                : -rw-r--r--
File Type                       : MP4
File Type Extension             : mp4
MIME Type                       : video/mp4
Major Brand                     : MP4 Base Media v1 [IS0 14496-12:2003]
Minor Version                   : 0.2.0
Compatible Brands               : isom, iso2, mp41
Movie Header Version            : 0
Create Date                     : 0000:00:00 00:00:00
Modify Date                     : 0000:00:00 00:00:00
Time Scale                      : 1000
Duration                        : 15.00 s
Preferred Rate                  : 1
Preferred Volume                : 100.00%
Preview Time                    : 0 s
Preview Duration                : 0 s
Poster Time                     : 0 s
Selection Time                  : 0 s
Selection Duration              : 0 s
Current Time                    : 0 s
Next Track ID                   : 3
Track Header Version            : 0
Track Create Date               : 0000:00:00 00:00:00
Track Modify Date               : 0000:00:00 00:00:00
Track ID                        : 1
Track Duration                  : 15.00 s
Track Layer                     : 0
Track Volume                    : 0.00%
Image Width                     : 1080
Image Height                    : 1920
Graphics Mode                   : srcCopy
Op Color                        : 0 0 0
Compressor ID                   : vp09
Source Image Width              : 1080
Source Image Height             : 1920
X Resolution                    : 72
Y Resolution                    : 72
Compressor Name                 : VPC Coding
Bit Depth                       : 24
Color Profiles                  : nclx
Color Primaries                 : BT.709
Transfer Characteristics        : BT.709
Matrix Coefficients             : BT.709
Video Full Range Flag           : Limited
Buffer Size                     : 0
Max Bitrate                     : 1046395
Average Bitrate                 : 922178
Video Frame Rate                : 25
Matrix Structure                : 1 0 0 0 1 0 0 0 1
Media Header Version            : 0
Media Create Date               : 0000:00:00 00:00:00
Media Modify Date               : 0000:00:00 00:00:00
Media Time Scale                : 44100
Media Duration                  : 15.11 s
Media Language Code             : und
Handler Description             : SoundHandler
Balance                         : 0
Audio Format                    : mp4a
Audio Channels                  : 2
Audio Bits Per Sample           : 16
Audio Sample Rate               : 44100
Handler Type                    : Metadata
Handler Vendor ID               : Apple
Encoder                         : Lavf62.3.100
Media Data Size                 : 1856079
Media Data Offset               : 8043
Image Size                      : 1080x1920
Megapixels                      : 2.1
Avg Bitrate                     : 990 kbps
Rotation                        : 0
======== files/mov/gstar3.mp4
ExifTool Version Number         : 13.44
File Name                       : gstar3.mp4
Directory                       : files/mov
File Size                       : 1607 kB
File Modification Date/Time     : 2025:09:27 21:56:37-05:00
File Access Date/Time           : 2026:01:12 11:24:01-06:00
File Inode Change Date/Time     : 2026:01:12 11:24:01-06:00
File Permissions                : -rw-r--r--
File Type                       : MP4
File Type Extension             : mp4
MIME Type                       : video/mp4
Major Brand                     : MP4 Base Media v1 [IS0 14496-12:2003]
Minor Version                   : 0.2.0
Compatible Brands               : isom, iso2, mp41
Movie Header Version            : 0
Create Date                     : 0000:00:00 00:00:00
Modify Date                     : 0000:00:00 00:00:00
Time Scale                      : 1000
Duration                        : 15.00 s
Preferred Rate                  : 1
Preferred Volume                : 100.00%
Preview Time                    : 0 s
Preview Duration                : 0 s
Poster Time                     : 0 s
Selection Time                  : 0 s
Selection Duration              : 0 s
Current Time                    : 0 s
Next Track ID                   : 3
Track Header Version            : 0
Track Create Date               : 0000:00:00 00:00:00
Track Modify Date               : 0000:00:00 00:00:00
Track ID                        : 1
Track Duration                  : 15.00 s
Track Layer                     : 0
Track Volume                    : 0.00%
Image Width                     : 1080
Image Height                    : 1920
Graphics Mode                   : srcCopy
Op Color                        : 0 0 0
Compressor ID                   : vp09
Source Image Width              : 1080
Source Image Height             : 1920
X Resolution                    : 72
Y Resolution                    : 72
Compressor Name                 : VPC Coding
Bit Depth                       : 24
Color Profiles                  : nclx
Color Primaries                 : BT.709
Transfer Characteristics        : BT.709
Matrix Coefficients             : BT.709
Video Full Range Flag           : Limited
Buffer Size                     : 0
Max Bitrate                     : 810547
Average Bitrate                 : 782946
Video Frame Rate                : 25
Matrix Structure                : 1 0 0 0 1 0 0 0 1
Media Header Version            : 0
Media Create Date               : 0000:00:00 00:00:00
Media Modify Date               : 0000:00:00 00:00:00
Media Time Scale                : 44100
Media Duration                  : 15.11 s
Media Language Code             : und
Handler Description             : SoundHandler
Balance                         : 0
Audio Format                    : mp4a
Audio Channels                  : 2
Audio Bits Per Sample           : 16
Audio Sample Rate               : 44100
Handler Type                    : Metadata
Handler Vendor ID               : Apple
Encoder                         : Lavf62.3.100
Media Data Size                 : 1598821
Media Data Offset               : 8043
Image Size                      : 1080x1920
Megapixels                      : 2.1
Avg Bitrate                     : 853 kbps
Rotation                        : 0
======== files/mov/gstar1.mp4
ExifTool Version Number         : 13.44
File Name                       : gstar1.mp4
Directory                       : files/mov
File Size                       : 1211 kB
File Modification Date/Time     : 2025:09:27 21:56:55-05:00
File Access Date/Time           : 2026:01:12 11:24:01-06:00
File Inode Change Date/Time     : 2026:01:12 11:24:01-06:00
File Permissions                : -rw-r--r--
File Type                       : MP4
File Type Extension             : mp4
MIME Type                       : video/mp4
Major Brand                     : MP4 Base Media v1 [IS0 14496-12:2003]
Minor Version                   : 0.2.0
Compatible Brands               : isom, iso2, mp41
Movie Header Version            : 0
Create Date                     : 0000:00:00 00:00:00
Modify Date                     : 0000:00:00 00:00:00
Time Scale                      : 1000
Duration                        : 15.00 s
Preferred Rate                  : 1
Preferred Volume                : 100.00%
Preview Time                    : 0 s
Preview Duration                : 0 s
Poster Time                     : 0 s
Selection Time                  : 0 s
Selection Duration              : 0 s
Current Time                    : 0 s
Next Track ID                   : 3
Track Header Version            : 0
Track Create Date               : 0000:00:00 00:00:00
Track Modify Date               : 0000:00:00 00:00:00
Track ID                        : 1
Track Duration                  : 15.00 s
Track Layer                     : 0
Track Volume                    : 0.00%
Image Width                     : 1080
Image Height                    : 1920
Graphics Mode                   : srcCopy
Op Color                        : 0 0 0
Compressor ID                   : vp09
Source Image Width              : 1080
Source Image Height             : 1920
X Resolution                    : 72
Y Resolution                    : 72
Compressor Name                 : VPC Coding
Bit Depth                       : 24
Color Profiles                  : nclx
Color Primaries                 : BT.709
Transfer Characteristics        : BT.709
Matrix Coefficients             : BT.709
Video Full Range Flag           : Limited
Buffer Size                     : 0
Max Bitrate                     : 573325
Average Bitrate                 : 573325
Video Frame Rate                : 25
Matrix Structure                : 1 0 0 0 1 0 0 0 1
Media Header Version            : 0
Media Create Date               : 0000:00:00 00:00:00
Media Modify Date               : 0000:00:00 00:00:00
Media Time Scale                : 44100
Media Duration                  : 15.11 s
Media Language Code             : und
Handler Description             : SoundHandler
Balance                         : 0
Audio Format                    : mp4a
Audio Channels                  : 2
Audio Bits Per Sample           : 16
Audio Sample Rate               : 44100
Handler Type                    : Metadata
Handler Vendor ID               : Apple
Encoder                         : Lavf62.3.100
Media Data Size                 : 1202753
Media Data Offset               : 8043
Image Size                      : 1080x1920
Megapixels                      : 2.1
Avg Bitrate                     : 641 kbps
Rotation                        : 0
======== files/mov/forcedenlightenment.mp4
ExifTool Version Number         : 13.44
File Name                       : forcedenlightenment.mp4
Directory                       : files/mov
File Size                       : 10 MB
File Modification Date/Time     : 2025:08:17 22:50:25-05:00
File Access Date/Time           : 2026:01:12 11:28:11-06:00
File Inode Change Date/Time     : 2026:01:12 11:25:43-06:00
File Permissions                : -rw-r--r--
File Type                       : MP4
File Type Extension             : mp4
MIME Type                       : video/mp4
Major Brand                     : MP4 Base Media v1 [IS0 14496-12:2003]
Minor Version                   : 0.2.0
Compatible Brands               : isom, iso2, avc1, mp41
Movie Header Version            : 0
Create Date                     : 2024:11:19 07:47:36
Modify Date                     : 2024:11:19 07:47:36
Time Scale                      : 1000
Duration                        : 0:03:22
Preferred Rate                  : 1
Preferred Volume                : 100.00%
Preview Time                    : 0 s
Preview Duration                : 0 s
Poster Time                     : 0 s
Selection Time                  : 0 s
Selection Duration              : 0 s
Current Time                    : 0 s
Next Track ID                   : 3
Track Header Version            : 0
Track Create Date               : 2024:11:19 07:47:36
Track Modify Date               : 2024:11:19 07:47:36
Track ID                        : 1
Track Duration                  : 0:03:22
Track Layer                     : 0
Track Volume                    : 0.00%
Image Width                     : 320
Image Height                    : 180
Graphics Mode                   : srcCopy
Op Color                        : 0 0 0
Compressor ID                   : avc1
Source Image Width              : 320
Source Image Height             : 180
X Resolution                    : 72
Y Resolution                    : 72
Compressor Name                 : Lavc61.11.100 h264_videotoolbox
Bit Depth                       : 24
Color Profiles                  : nclx
Color Primaries                 : BT.709
Transfer Characteristics        : BT.709
Matrix Coefficients             : BT.709
Video Full Range Flag           : Limited
Pixel Aspect Ratio              : 1:1
Buffer Size                     : 0
Max Bitrate                     : 143197
Average Bitrate                 : 143197
Video Frame Rate                : 25
Matrix Structure                : 1 0 0 0 1 0 0 0 1
Media Header Version            : 0
Media Create Date               : 2024:11:19 07:47:36
Media Modify Date               : 2024:11:19 07:47:36
Media Time Scale                : 48000
Media Duration                  : 0:03:22
Media Language Code             : eng
Handler Description             : ISO Media file produced by Google Inc. Created on: 08/24/2024.
Balance                         : 0
Audio Format                    : mp4a
Audio Channels                  : 2
Audio Bits Per Sample           : 16
Audio Sample Rate               : 48000
Handler Type                    : Metadata
Handler Vendor ID               : Apple
Encoder                         : Lavf61.5.101
Media Data Size                 : 10096445
Media Data Offset               : 116969
Image Size                      : 320x180
Megapixels                      : 0.058
Avg Bitrate                     : 399 kbps
Rotation                        : 0
    1 directories scanned
   26 image files read
