======== files/gif/4.gif
ExifTool Version Number         : 13.44
File Name                       : 4.gif
Directory                       : files/gif
File Size                       : 34 MB
File Modification Date/Time     : 2025:09:15 03:55:40-05:00
File Access Date/Time           : 2026:01:12 11:24:28-06:00
File Inode Change Date/Time     : 2026:01:12 11:24:01-06:00
File Permissions                : -rw-r--r--
File Type                       : GIF
File Type Extension             : gif
MIME Type                       : image/gif
GIF Version                     : 89a
Image Width                     : 640
Image Height                    : 453
Has Color Map                   : Yes
Color Resolution Depth          : 8
Bits Per Pixel                  : 8
Background Color                : 255
Animation Iterations            : Infinite
Transparent Color               : 255
Frame Count                     : 325
Duration                        : 32.50 s
Image Size                      : 640x453
Megapixels                      : 0.290
======== files/gif/5.gif
ExifTool Version Number         : 13.44
File Name                       : 5.gif
Directory                       : files/gif
File Size                       : 9.5 MB
File Modification Date/Time     : 2025:09:15 03:55:40-05:00
File Access Date/Time           : 2026:01:12 11:24:28-06:00
File Inode Change Date/Time     : 2026:01:12 11:24:01-06:00
File Permissions                : -rw-r--r--
File Type                       : GIF
File Type Extension             : gif
MIME Type                       : image/gif
GIF Version                     : 89a
Image Width                     : 640
Image Height                    : 453
Has Color Map                   : Yes
Color Resolution Depth          : 8
Bits Per Pixel                  : 8
Background Color                : 255
Animation Iterations            : Infinite
Transparent Color               : 255
Frame Count                     : 80
Duration                        : 8.00 s
Image Size                      : 640x453
Megapixels                      : 0.290
======== files/gif/7.gif
ExifTool Version Number         : 13.44
File Name                       : 7.gif
Directory                       : files/gif
File Size                       : 3.3 MB
File Modification Date/Time     : 2025:09:15 03:55:40-05:00
File Access Date/Time           : 2026:01:12 11:24:28-06:00
File Inode Change Date/Time     : 2026:01:12 11:24:01-06:00
File Permissions                : -rw-r--r--
File Type                       : GIF
File Type Extension             : gif
MIME Type                       : image/gif
GIF Version                     : 89a
Image Width                     : 640
Image Height                    : 453
Has Color Map                   : Yes
Color Resolution Depth          : 8
Bits Per Pixel                  : 8
Background Color                : 255
Animation Iterations            : Infinite
Transparent Color               : 255
Frame Count                     : 21
Duration                        : 2.10 s
Image Size                      : 640x453
Megapixels                      : 0.290
======== files/gif/2.gif
ExifTool Version Number         : 13.44
File Name                       : 2.gif
Directory                       : files/gif
File Size                       : 11 MB
File Modification Date/Time     : 2025:09:15 03:55:39-05:00
File Access Date/Time           : 2026:01:12 11:24:29-06:00
File Inode Change Date/Time     : 2026:01:12 11:24:00-06:00
File Permissions                : -rw-r--r--
File Type                       : GIF
File Type Extension             : gif
MIME Type                       : image/gif
GIF Version                     : 89a
Image Width                     : 640
Image Height                    : 453
Has Color Map                   : Yes
Color Resolution Depth          : 8
Bits Per Pixel                  : 8
Background Color                : 255
Animation Iterations            : Infinite
Transparent Color               : 255
Frame Count                     : 201
Duration                        : 20.10 s
Image Size                      : 640x453
Megapixels                      : 0.290
======== files/gif/3.gif
ExifTool Version Number         : 13.44
File Name                       : 3.gif
Directory                       : files/gif
File Size                       : 36 MB
File Modification Date/Time     : 2025:09:15 03:55:40-05:00
File Access Date/Time           : 2026:01:12 11:24:29-06:00
File Inode Change Date/Time     : 2026:01:12 11:24:00-06:00
File Permissions                : -rw-r--r--
File Type                       : GIF
File Type Extension             : gif
MIME Type                       : image/gif
GIF Version                     : 89a
Image Width                     : 640
Image Height                    : 453
Has Color Map                   : Yes
Color Resolution Depth          : 8
Bits Per Pixel                  : 8
Background Color                : 255
Animation Iterations            : Infinite
Transparent Color               : 255
Frame Count                     : 213
Duration                        : 21.30 s
Image Size                      : 640x453
Megapixels                      : 0.290
======== files/gif/1.gif
ExifTool Version Number         : 13.44
File Name                       : 1.gif
Directory                       : files/gif
File Size                       : 11 MB
File Modification Date/Time     : 2025:09:15 03:55:39-05:00
File Access Date/Time           : 2026:01:12 11:24:29-06:00
File Inode Change Date/Time     : 2026:01:12 11:24:00-06:00
File Permissions                : -rw-r--r--
File Type                       : GIF
File Type Extension             : gif
MIME Type                       : image/gif
GIF Version                     : 89a
Image Width                     : 640
Image Height                    : 453
Has Color Map                   : Yes
Color Resolution Depth          : 8
Bits Per Pixel                  : 8
Background Color                : 255
Animation Iterations            : Infinite
Transparent Color               : 255
Frame Count                     : 95
Duration                        : 9.50 s
Image Size                      : 640x453
Megapixels                      : 0.290
======== files/gif/manifest.json
ExifTool Version Number         : 13.44
File Name                       : manifest.json
Directory                       : files/gif
File Size                       : 215 bytes
File Modification Date/Time     : 2025:09:15 04:01:49-05:00
File Access Date/Time           : 2026:01:12 11:24:25-06:00
File Inode Change Date/Time     : 2026:01:12 11:24:01-06:00
File Permissions                : -rw-r--r--
File Type                       : URL
File Type Extension             : url
MIME Type                       : application/x-mswinurl
======== files/gif/8.gif
ExifTool Version Number         : 13.44
File Name                       : 8.gif
Directory                       : files/gif
File Size                       : 11 MB
File Modification Date/Time     : 2025:09:15 03:55:40-05:00
File Access Date/Time           : 2026:01:12 11:24:27-06:00
File Inode Change Date/Time     : 2026:01:12 11:24:01-06:00
File Permissions                : -rw-r--r--
File Type                       : GIF
File Type Extension             : gif
MIME Type                       : image/gif
GIF Version                     : 89a
Image Width                     : 640
Image Height                    : 453
Has Color Map                   : Yes
Color Resolution Depth          : 8
Bits Per Pixel                  : 8
Background Color                : 255
Animation Iterations            : Infinite
Transparent Color               : 255
Frame Count                     : 121
Duration                        : 12.10 s
Image Size                      : 640x453
Megapixels                      : 0.290
======== files/gif/9.gif
ExifTool Version Number         : 13.44
File Name                       : 9.gif
Directory                       : files/gif
File Size                       : 2.4 MB
File Modification Date/Time     : 2025:09:15 03:55:40-05:00
File Access Date/Time           : 2026:01:12 11:24:27-06:00
File Inode Change Date/Time     : 2026:01:12 11:24:01-06:00
File Permissions                : -rw-r--r--
File Type                       : GIF
File Type Extension             : gif
MIME Type                       : image/gif
GIF Version                     : 89a
Image Width                     : 640
Image Height                    : 453
Has Color Map                   : Yes
Color Resolution Depth          : 8
Bits Per Pixel                  : 8
Background Color                : 255
Animation Iterations            : Infinite
Transparent Color               : 255
Frame Count                     : 52
Duration                        : 5.20 s
Image Size                      : 640x453
Megapixels                      : 0.290
======== files/gif/11.gif
ExifTool Version Number         : 13.44
File Name                       : 11.gif
Directory                       : files/gif
File Size                       : 19 MB
File Modification Date/Time     : 2025:09:15 03:55:39-05:00
File Access Date/Time           : 2026:01:12 11:24:29-06:00
File Inode Change Date/Time     : 2026:01:12 11:24:00-06:00
File Permissions                : -rw-r--r--
File Type                       : GIF
File Type Extension             : gif
MIME Type                       : image/gif
GIF Version                     : 89a
Image Width                     : 640
Image Height                    : 453
Has Color Map                   : Yes
Color Resolution Depth          : 8
Bits Per Pixel                  : 8
Background Color                : 255
Animation Iterations            : Infinite
Transparent Color               : 255
Frame Count                     : 196
Duration                        : 19.60 s
Image Size                      : 640x453
Megapixels                      : 0.290
======== files/gif/10.gif
ExifTool Version Number         : 13.44
File Name                       : 10.gif
Directory                       : files/gif
File Size                       : 13 MB
File Modification Date/Time     : 2025:09:15 03:55:39-05:00
File Access Date/Time           : 2026:01:12 11:24:29-06:00
File Inode Change Date/Time     : 2026:01:12 11:24:00-06:00
File Permissions                : -rw-r--r--
File Type                       : GIF
File Type Extension             : gif
MIME Type                       : image/gif
GIF Version                     : 89a
Image Width                     : 640
Image Height                    : 453
Has Color Map                   : Yes
Color Resolution Depth          : 8
Bits Per Pixel                  : 8
Background Color                : 255
Animation Iterations            : Infinite
Transparent Color               : 255
Frame Count                     : 116
Duration                        : 11.60 s
Image Size                      : 640x453
Megapixels                      : 0.290
    1 directories scanned
   11 image files read
