======== files/mov/RESCALED/chemlove.mp4
ExifTool Version Number         : 13.44
File Name                       : chemlove.mp4
Directory                       : files/mov/RESCALED
File Size                       : 55 MB
File Modification Date/Time     : 2025:09:15 03:55:40-05:00
File Access Date/Time           : 2026:01:12 11:28:07-06:00
File Inode Change Date/Time     : 2026:01:12 11:24:03-06:00
File Permissions                : -rw-r--r--
File Type                       : MP4
File Type Extension             : mp4
MIME Type                       : video/mp4
Major Brand                     : MP4 Base Media v1 [IS0 14496-12:2003]
Minor Version                   : 0.2.0
Compatible Brands               : isom, iso2, avc1, mp41
Media Data Size                 : 55135797
Media Data Offset               : 48
Movie Header Version            : 0
Create Date                     : 2025:01:01 00:02:25
Modify Date                     : 2025:01:01 00:02:25
Time Scale                      : 1000
Duration                        : 0:05:04
Preferred Rate                  : 1
Preferred Volume                : 100.00%
Preview Time                    : 0 s
Preview Duration                : 0 s
Poster Time                     : 0 s
Selection Time                  : 0 s
Selection Duration              : 0 s
Current Time                    : 0 s
Next Track ID                   : 3
Track Header Version            : 0
Track Create Date               : 2025:01:01 00:02:25
Track Modify Date               : 2025:01:01 00:02:25
Track ID                        : 1
Track Duration                  : 0:05:04
Track Layer                     : 0
Track Volume                    : 0.00%
Image Width                     : 854
Image Height                    : 480
Graphics Mode                   : srcCopy
Op Color                        : 0 0 0
Compressor ID                   : avc1
Source Image Width              : 854
Source Image Height             : 480
X Resolution                    : 72
Y Resolution                    : 72
Compressor Name                 : Lavc61.26.100 libx264
Bit Depth                       : 24
Color Profiles                  : nclx
Color Primaries                 : BT.709
Transfer Characteristics        : BT.709
Matrix Coefficients             : BT.709
Video Full Range Flag           : Limited
Pixel Aspect Ratio              : 1:1
Buffer Size                     : 0
Max Bitrate                     : 1196440
Average Bitrate                 : 1196440
Video Frame Rate                : 29.97
Matrix Structure                : 1 0 0 0 1 0 0 0 1
Media Header Version            : 0
Media Create Date               : 2025:01:01 00:02:25
Media Modify Date               : 2025:01:01 00:02:25
Media Time Scale                : 48000
Media Duration                  : 0:05:04
Media Language Code             : eng
Handler Description             : ISO Media file produced by Google Inc. Created on: 11/06/2024.
Balance                         : 0
Audio Format                    : mp4a
Audio Channels                  : 2
Audio Bits Per Sample           : 16
Audio Sample Rate               : 48000
Handler Type                    : Metadata
Handler Vendor ID               : Apple
Encoder                         : Lavf61.9.100
Image Size                      : 854x480
Megapixels                      : 0.410
Avg Bitrate                     : 1.45 Mbps
Rotation                        : 0
======== files/mov/RESCALED/forcedenlightenment.mp4
ExifTool Version Number         : 13.44
File Name                       : forcedenlightenment.mp4
Directory                       : files/mov/RESCALED
File Size                       : 32 MB
File Modification Date/Time     : 2025:09:15 03:55:40-05:00
File Access Date/Time           : 2026:01:12 11:28:08-06:00
File Inode Change Date/Time     : 2026:01:12 11:24:04-06:00
File Permissions                : -rw-r--r--
File Type                       : MP4
File Type Extension             : mp4
MIME Type                       : video/mp4
Major Brand                     : MP4 Base Media v1 [IS0 14496-12:2003]
Minor Version                   : 0.2.0
Compatible Brands               : isom, iso2, avc1, mp41
Media Data Size                 : 31492071
Media Data Offset               : 48
Movie Header Version            : 0
Create Date                     : 2025:01:01 00:03:11
Modify Date                     : 2025:01:01 00:03:11
Time Scale                      : 1000
Duration                        : 0:03:22
Preferred Rate                  : 1
Preferred Volume                : 100.00%
Preview Time                    : 0 s
Preview Duration                : 0 s
Poster Time                     : 0 s
Selection Time                  : 0 s
Selection Duration              : 0 s
Current Time                    : 0 s
Next Track ID                   : 3
Track Header Version            : 0
Track Create Date               : 2025:01:01 00:03:11
Track Modify Date               : 2025:01:01 00:03:11
Track ID                        : 1
Track Duration                  : 0:03:22
Track Layer                     : 0
Track Volume                    : 0.00%
Image Width                     : 854
Image Height                    : 480
Graphics Mode                   : srcCopy
Op Color                        : 0 0 0
Compressor ID                   : avc1
Source Image Width              : 854
Source Image Height             : 480
X Resolution                    : 72
Y Resolution                    : 72
Compressor Name                 : Lavc61.26.100 libx264
Bit Depth                       : 24
Color Profiles                  : nclx
Color Primaries                 : BT.709
Transfer Characteristics        : BT.709
Matrix Coefficients             : BT.709
Video Full Range Flag           : Limited
Pixel Aspect Ratio              : 1:1
Buffer Size                     : 0
Max Bitrate                     : 989349
Average Bitrate                 : 989349
Video Frame Rate                : 25
Matrix Structure                : 1 0 0 0 1 0 0 0 1
Media Header Version            : 0
Media Create Date               : 2025:01:01 00:03:11
Media Modify Date               : 2025:01:01 00:03:11
Media Time Scale                : 48000
Media Duration                  : 0:03:22
Media Language Code             : eng
Handler Description             : ISO Media file produced by Google Inc. Created on: 08/24/2024.
Balance                         : 0
Audio Format                    : mp4a
Audio Channels                  : 2
Audio Bits Per Sample           : 16
Audio Sample Rate               : 48000
Handler Type                    : Metadata
Handler Vendor ID               : Apple
Encoder                         : Lavf61.9.100
Image Size                      : 854x480
Megapixels                      : 0.410
Avg Bitrate                     : 1.25 Mbps
Rotation                        : 0
    1 directories scanned
    2 image files read
