======== files/font/GGX88Rg-Italic.woff2
ExifTool Version Number         : 13.44
File Name                       : GGX88Rg-Italic.woff2
Directory                       : files/font
File Size                       : 36 kB
File Modification Date/Time     : 2025:08:17 22:50:24-05:00
File Access Date/Time           : 2026:01:12 11:25:42-06:00
File Inode Change Date/Time     : 2026:01:12 11:25:42-06:00
File Permissions                : -rw-r--r--
File Type                       : WOFF2
File Type Extension             : woff2
MIME Type                       : font/woff2
WOFF Version                    : 1.0
Copyright                       : Copyright (c) 2010-2015 Typodermic Fonts Inc.
Font Family                     : GGX88 Italic
Font Subfamily                  : Italic
Font Subfamily ID               : com.myfonts.easy.typodermic.ggx88.italic.wfkit2.version.4rui
Font Name                       : GGX88 Italic
Name Table Version              : 2.000
PostScript Font Name            : GGX88Rg-Italic
Trademark                       : GGX88 is a trademark of Typodermic Fonts Inc.
Manufacturer                    : Ray Larabie
Designer                        : Ray Larabie
Description                     : To see more fonts by Ray Larabie, visit Typodermic.com
Vendor URL                      : http://www.larabiefonts.com
Designer URL                    : http://www.typodermicfonts.com
Preferred Family                : GGX88
Preferred Subfamily             : Italic
Copyright (en-US)               : Copyright (c) 2010-2015 Typodermic Fonts Inc.
Font Family (en-US)             : GGX88 Italic
Font Subfamily (en-US)          : Italic
Font Subfamily ID (en-US)       : com.myfonts.easy.typodermic.ggx88.italic.wfkit2.version.4rui
Font Name (en-US)               : GGX88 Italic
Name Table Version (en-US)      : 2.000
Post Script Font Name (en-US)   : GGX88Rg-Italic
Trademark (en-US)               : GGX88 is a trademark of Typodermic Fonts Inc.
Manufacturer (en-US)            : Ray Larabie
Designer (en-US)                : Ray Larabie
Description (en-US)             : To see more fonts by Ray Larabie, visit Typodermic.com
Vendor URL (en-US)              : http://www.larabiefonts.com
Designer URL (en-US)            : http://www.typodermicfonts.com
Preferred Family (en-US)        : GGX88
Preferred Subfamily (en-US)     : Italic
======== files/font/GGX88Bk-Regular.woff
ExifTool Version Number         : 13.44
File Name                       : GGX88Bk-Regular.woff
Directory                       : files/font
File Size                       : 50 kB
File Modification Date/Time     : 2025:08:17 22:50:24-05:00
File Access Date/Time           : 2026:01:12 11:25:42-06:00
File Inode Change Date/Time     : 2026:01:12 11:25:42-06:00
File Permissions                : -rw-r--r--
File Type                       : WOFF
File Type Extension             : woff
MIME Type                       : font/woff
WOFF Version                    : 2.0
Copyright                       : Copyright (c) 2010-2015 Typodermic Fonts Inc.
Font Family                     : GGX88 Book
Font Subfamily                  : Book
Font Subfamily ID               : com.myfonts.easy.typodermic.ggx88.book.wfkit2.version.4ru1
Font Name                       : GGX88 Book
Name Table Version              : 2.000
PostScript Font Name            : GGX88Bk-Regular
Trademark                       : GGX88 is a trademark of Typodermic Fonts Inc.
Manufacturer                    : Ray Larabie
Designer                        : Ray Larabie
Description                     : To see more fonts by Ray Larabie, visit Typodermic.com
Vendor URL                      : http://www.larabiefonts.com
Designer URL                    : http://www.typodermicfonts.com
Preferred Family                : GGX88
Preferred Subfamily             : Book
Copyright (en-US)               : Copyright (c) 2010-2015 Typodermic Fonts Inc.
Font Family (en-US)             : GGX88 Book
Font Subfamily (en-US)          : Book
Font Subfamily ID (en-US)       : com.myfonts.easy.typodermic.ggx88.book.wfkit2.version.4ru1
Font Name (en-US)               : GGX88 Book
Name Table Version (en-US)      : 2.000
Post Script Font Name (en-US)   : GGX88Bk-Regular
Trademark (en-US)               : GGX88 is a trademark of Typodermic Fonts Inc.
Manufacturer (en-US)            : Ray Larabie
Designer (en-US)                : Ray Larabie
Description (en-US)             : To see more fonts by Ray Larabie, visit Typodermic.com
Vendor URL (en-US)              : http://www.larabiefonts.com
Designer URL (en-US)            : http://www.typodermicfonts.com
Preferred Family (en-US)        : GGX88
Preferred Subfamily (en-US)     : Book
======== files/font/GGX88Rg-Bold.woff2
ExifTool Version Number         : 13.44
File Name                       : GGX88Rg-Bold.woff2
Directory                       : files/font
File Size                       : 35 kB
File Modification Date/Time     : 2025:08:17 22:50:24-05:00
File Access Date/Time           : 2026:01:12 11:25:42-06:00
File Inode Change Date/Time     : 2026:01:12 11:25:42-06:00
File Permissions                : -rw-r--r--
File Type                       : WOFF2
File Type Extension             : woff2
MIME Type                       : font/woff2
WOFF Version                    : 1.0
Copyright                       : Copyright (c) 2010-2015 Typodermic Fonts Inc.
Font Family                     : GGX88 Bold
Font Subfamily                  : Bold
Font Subfamily ID               : com.myfonts.easy.typodermic.ggx88.bold.wfkit2.version.4rtZ
Font Name                       : GGX88 Bold
Name Table Version              : 2.000
PostScript Font Name            : GGX88Rg-Bold
Trademark                       : GGX88 is a trademark of Typodermic Fonts Inc.
Manufacturer                    : Ray Larabie
Designer                        : Ray Larabie
Description                     : To see more fonts by Ray Larabie, visit Typodermic.com
Vendor URL                      : http://www.larabiefonts.com
Designer URL                    : http://www.typodermicfonts.com
Preferred Family                : GGX88
Preferred Subfamily             : Bold
Copyright (en-US)               : Copyright (c) 2010-2015 Typodermic Fonts Inc.
Font Family (en-US)             : GGX88 Bold
Font Subfamily (en-US)          : Bold
Font Subfamily ID (en-US)       : com.myfonts.easy.typodermic.ggx88.bold.wfkit2.version.4rtZ
Font Name (en-US)               : GGX88 Bold
Name Table Version (en-US)      : 2.000
Post Script Font Name (en-US)   : GGX88Rg-Bold
Trademark (en-US)               : GGX88 is a trademark of Typodermic Fonts Inc.
Manufacturer (en-US)            : Ray Larabie
Designer (en-US)                : Ray Larabie
Description (en-US)             : To see more fonts by Ray Larabie, visit Typodermic.com
Vendor URL (en-US)              : http://www.larabiefonts.com
Designer URL (en-US)            : http://www.typodermicfonts.com
Preferred Family (en-US)        : GGX88
Preferred Subfamily (en-US)     : Bold
======== files/font/GGX88Hv-Italic.woff2
ExifTool Version Number         : 13.44
File Name                       : GGX88Hv-Italic.woff2
Directory                       : files/font
File Size                       : 36 kB
File Modification Date/Time     : 2025:08:17 22:50:24-05:00
File Access Date/Time           : 2026:01:12 11:25:42-06:00
File Inode Change Date/Time     : 2026:01:12 11:25:42-06:00
File Permissions                : -rw-r--r--
File Type                       : WOFF2
File Type Extension             : woff2
MIME Type                       : font/woff2
WOFF Version                    : 1.0
Copyright                       : Copyright (c) 2010-2015 Typodermic Fonts Inc.
Font Family                     : GGX88 Heavy Italic
Font Subfamily                  : Heavy Italic
Font Subfamily ID               : com.myfonts.easy.typodermic.ggx88.heavy-italic.wfkit2.version.4ruj
Font Name                       : GGX88 Heavy Italic
Name Table Version              : 2.000
PostScript Font Name            : GGX88Hv-Italic
Trademark                       : GGX88 is a trademark of Typodermic Fonts Inc.
Manufacturer                    : Ray Larabie
Designer                        : Ray Larabie
Description                     : To see more fonts by Ray Larabie, visit Typodermic.com
Vendor URL                      : http://www.larabiefonts.com
Designer URL                    : http://www.typodermicfonts.com
Preferred Family                : GGX88
Preferred Subfamily             : Heavy Italic
Copyright (en-US)               : Copyright (c) 2010-2015 Typodermic Fonts Inc.
Font Family (en-US)             : GGX88 Heavy Italic
Font Subfamily (en-US)          : Heavy Italic
Font Subfamily ID (en-US)       : com.myfonts.easy.typodermic.ggx88.heavy-italic.wfkit2.version.4ruj
Font Name (en-US)               : GGX88 Heavy Italic
Name Table Version (en-US)      : 2.000
Post Script Font Name (en-US)   : GGX88Hv-Italic
Trademark (en-US)               : GGX88 is a trademark of Typodermic Fonts Inc.
Manufacturer (en-US)            : Ray Larabie
Designer (en-US)                : Ray Larabie
Description (en-US)             : To see more fonts by Ray Larabie, visit Typodermic.com
Vendor URL (en-US)              : http://www.larabiefonts.com
Designer URL (en-US)            : http://www.typodermicfonts.com
Preferred Family (en-US)        : GGX88
Preferred Subfamily (en-US)     : Heavy Italic
======== files/font/GGX88Lt-Regular.woff2
ExifTool Version Number         : 13.44
File Name                       : GGX88Lt-Regular.woff2
Directory                       : files/font
File Size                       : 34 kB
File Modification Date/Time     : 2025:08:17 22:50:24-05:00
File Access Date/Time           : 2026:01:12 11:25:42-06:00
File Inode Change Date/Time     : 2026:01:12 11:25:42-06:00
File Permissions                : -rw-r--r--
File Type                       : WOFF2
File Type Extension             : woff2
MIME Type                       : font/woff2
WOFF Version                    : 1.0
Copyright                       : Copyright (c) 2010-2015 Typodermic Fonts Inc.
Font Family                     : GGX88 Light
Font Subfamily                  : Light
Font Subfamily ID               : com.myfonts.easy.typodermic.ggx88.light.wfkit2.version.4ru6
Font Name                       : GGX88 Light
Name Table Version              : 2.000
PostScript Font Name            : GGX88Lt-Regular
Trademark                       : GGX88 is a trademark of Typodermic Fonts Inc.
Manufacturer                    : Ray Larabie
Designer                        : Ray Larabie
Description                     : To see more fonts by Ray Larabie, visit Typodermic.com
Vendor URL                      : http://www.larabiefonts.com
Designer URL                    : http://www.typodermicfonts.com
Preferred Family                : GGX88
Preferred Subfamily             : Light
Copyright (en-US)               : Copyright (c) 2010-2015 Typodermic Fonts Inc.
Font Family (en-US)             : GGX88 Light
Font Subfamily (en-US)          : Light
Font Subfamily ID (en-US)       : com.myfonts.easy.typodermic.ggx88.light.wfkit2.version.4ru6
Font Name (en-US)               : GGX88 Light
Name Table Version (en-US)      : 2.000
Post Script Font Name (en-US)   : GGX88Lt-Regular
Trademark (en-US)               : GGX88 is a trademark of Typodermic Fonts Inc.
Manufacturer (en-US)            : Ray Larabie
Designer (en-US)                : Ray Larabie
Description (en-US)             : To see more fonts by Ray Larabie, visit Typodermic.com
Vendor URL (en-US)              : http://www.larabiefonts.com
Designer URL (en-US)            : http://www.typodermicfonts.com
Preferred Family (en-US)        : GGX88
Preferred Subfamily (en-US)     : Light
======== files/font/GGX88El-Regular.woff
ExifTool Version Number         : 13.44
File Name                       : GGX88El-Regular.woff
Directory                       : files/font
File Size                       : 49 kB
File Modification Date/Time     : 2025:08:17 22:50:24-05:00
File Access Date/Time           : 2026:01:12 11:25:42-06:00
File Inode Change Date/Time     : 2026:01:12 11:25:42-06:00
File Permissions                : -rw-r--r--
File Type                       : WOFF
File Type Extension             : woff
MIME Type                       : font/woff
WOFF Version                    : 2.0
Copyright                       : Copyright (c) 2010-2015 Typodermic Fonts Inc.
Font Family                     : GGX88 ExtraLight
Font Subfamily                  : ExtraLight
Font Subfamily ID               : com.myfonts.easy.typodermic.ggx88.extralight.wfkit2.version.4ru3
Font Name                       : GGX88 ExtraLight
Name Table Version              : 2.000
PostScript Font Name            : GGX88El-Regular
Trademark                       : GGX88 is a trademark of Typodermic Fonts Inc.
Manufacturer                    : Ray Larabie
Designer                        : Ray Larabie
Description                     : To see more fonts by Ray Larabie, visit Typodermic.com
Vendor URL                      : http://www.larabiefonts.com
Designer URL                    : http://www.typodermicfonts.com
Preferred Family                : GGX88
Preferred Subfamily             : ExtraLight
Copyright (en-US)               : Copyright (c) 2010-2015 Typodermic Fonts Inc.
Font Family (en-US)             : GGX88 ExtraLight
Font Subfamily (en-US)          : ExtraLight
Font Subfamily ID (en-US)       : com.myfonts.easy.typodermic.ggx88.extralight.wfkit2.version.4ru3
Font Name (en-US)               : GGX88 ExtraLight
Name Table Version (en-US)      : 2.000
Post Script Font Name (en-US)   : GGX88El-Regular
Trademark (en-US)               : GGX88 is a trademark of Typodermic Fonts Inc.
Manufacturer (en-US)            : Ray Larabie
Designer (en-US)                : Ray Larabie
Description (en-US)             : To see more fonts by Ray Larabie, visit Typodermic.com
Vendor URL (en-US)              : http://www.larabiefonts.com
Designer URL (en-US)            : http://www.typodermicfonts.com
Preferred Family (en-US)        : GGX88
Preferred Subfamily (en-US)     : ExtraLight
======== files/font/GGX88Bk-Italic.woff
ExifTool Version Number         : 13.44
File Name                       : GGX88Bk-Italic.woff
Directory                       : files/font
File Size                       : 52 kB
File Modification Date/Time     : 2025:08:17 22:50:24-05:00
File Access Date/Time           : 2026:01:12 11:25:42-06:00
File Inode Change Date/Time     : 2026:01:12 11:25:42-06:00
File Permissions                : -rw-r--r--
File Type                       : WOFF
File Type Extension             : woff
MIME Type                       : font/woff
WOFF Version                    : 2.0
Copyright                       : Copyright (c) 2010-2015 Typodermic Fonts Inc.
Font Family                     : GGX88 Book Italic
Font Subfamily                  : Book Italic
Font Subfamily ID               : com.myfonts.easy.typodermic.ggx88.book-italic.wfkit2.version.4rum
Font Name                       : GGX88 Book Italic
Name Table Version              : 2.000
PostScript Font Name            : GGX88Bk-Italic
Trademark                       : GGX88 is a trademark of Typodermic Fonts Inc.
Manufacturer                    : Ray Larabie
Designer                        : Ray Larabie
Description                     : To see more fonts by Ray Larabie, visit Typodermic.com
Vendor URL                      : http://www.larabiefonts.com
Designer URL                    : http://www.typodermicfonts.com
Preferred Family                : GGX88
Preferred Subfamily             : Book Italic
Copyright (en-US)               : Copyright (c) 2010-2015 Typodermic Fonts Inc.
Font Family (en-US)             : GGX88 Book Italic
Font Subfamily (en-US)          : Book Italic
Font Subfamily ID (en-US)       : com.myfonts.easy.typodermic.ggx88.book-italic.wfkit2.version.4rum
Font Name (en-US)               : GGX88 Book Italic
Name Table Version (en-US)      : 2.000
Post Script Font Name (en-US)   : GGX88Bk-Italic
Trademark (en-US)               : GGX88 is a trademark of Typodermic Fonts Inc.
Manufacturer (en-US)            : Ray Larabie
Designer (en-US)                : Ray Larabie
Description (en-US)             : To see more fonts by Ray Larabie, visit Typodermic.com
Vendor URL (en-US)              : http://www.larabiefonts.com
Designer URL (en-US)            : http://www.typodermicfonts.com
Preferred Family (en-US)        : GGX88
Preferred Subfamily (en-US)     : Book Italic
======== files/font/GGX88Ul-Italic.woff
ExifTool Version Number         : 13.44
File Name                       : GGX88Ul-Italic.woff
Directory                       : files/font
File Size                       : 52 kB
File Modification Date/Time     : 2025:08:17 22:50:24-05:00
File Access Date/Time           : 2026:01:12 11:25:42-06:00
File Inode Change Date/Time     : 2026:01:12 11:25:42-06:00
File Permissions                : -rw-r--r--
File Type                       : WOFF
File Type Extension             : woff
MIME Type                       : font/woff
WOFF Version                    : 2.0
Copyright                       : Copyright (c) 2010-2015 Typodermic Fonts Inc.
Font Family                     : GGX88 UltraLight Italic
Font Subfamily                  : UltraLight Italic
Font Subfamily ID               : com.myfonts.easy.typodermic.ggx88.ul-italic.wfkit2.version.4ruq
Font Name                       : GGX88 UltraLight Italic
Name Table Version              : 2.000
PostScript Font Name            : GGX88Ul-Italic
Trademark                       : GGX88 is a trademark of Typodermic Fonts Inc.
Manufacturer                    : Ray Larabie
Designer                        : Ray Larabie
Description                     : To see more fonts by Ray Larabie, visit Typodermic.com
Vendor URL                      : http://www.larabiefonts.com
Designer URL                    : http://www.typodermicfonts.com
Preferred Family                : GGX88
Preferred Subfamily             : UltraLight Italic
Copyright (en-US)               : Copyright (c) 2010-2015 Typodermic Fonts Inc.
Font Family (en-US)             : GGX88 UltraLight Italic
Font Subfamily (en-US)          : UltraLight Italic
Font Subfamily ID (en-US)       : com.myfonts.easy.typodermic.ggx88.ul-italic.wfkit2.version.4ruq
Font Name (en-US)               : GGX88 UltraLight Italic
Name Table Version (en-US)      : 2.000
Post Script Font Name (en-US)   : GGX88Ul-Italic
Trademark (en-US)               : GGX88 is a trademark of Typodermic Fonts Inc.
Manufacturer (en-US)            : Ray Larabie
Designer (en-US)                : Ray Larabie
Description (en-US)             : To see more fonts by Ray Larabie, visit Typodermic.com
Vendor URL (en-US)              : http://www.larabiefonts.com
Designer URL (en-US)            : http://www.typodermicfonts.com
Preferred Family (en-US)        : GGX88
Preferred Subfamily (en-US)     : UltraLight Italic
======== files/font/GGX88El-Regular.woff2
ExifTool Version Number         : 13.44
File Name                       : GGX88El-Regular.woff2
Directory                       : files/font
File Size                       : 34 kB
File Modification Date/Time     : 2025:08:17 22:50:24-05:00
File Access Date/Time           : 2026:01:12 11:25:42-06:00
File Inode Change Date/Time     : 2026:01:12 11:25:42-06:00
File Permissions                : -rw-r--r--
File Type                       : WOFF2
File Type Extension             : woff2
MIME Type                       : font/woff2
WOFF Version                    : 1.0
Copyright                       : Copyright (c) 2010-2015 Typodermic Fonts Inc.
Font Family                     : GGX88 ExtraLight
Font Subfamily                  : ExtraLight
Font Subfamily ID               : com.myfonts.easy.typodermic.ggx88.extralight.wfkit2.version.4ru3
Font Name                       : GGX88 ExtraLight
Name Table Version              : 2.000
PostScript Font Name            : GGX88El-Regular
Trademark                       : GGX88 is a trademark of Typodermic Fonts Inc.
Manufacturer                    : Ray Larabie
Designer                        : Ray Larabie
Description                     : To see more fonts by Ray Larabie, visit Typodermic.com
Vendor URL                      : http://www.larabiefonts.com
Designer URL                    : http://www.typodermicfonts.com
Preferred Family                : GGX88
Preferred Subfamily             : ExtraLight
Copyright (en-US)               : Copyright (c) 2010-2015 Typodermic Fonts Inc.
Font Family (en-US)             : GGX88 ExtraLight
Font Subfamily (en-US)          : ExtraLight
Font Subfamily ID (en-US)       : com.myfonts.easy.typodermic.ggx88.extralight.wfkit2.version.4ru3
Font Name (en-US)               : GGX88 ExtraLight
Name Table Version (en-US)      : 2.000
Post Script Font Name (en-US)   : GGX88El-Regular
Trademark (en-US)               : GGX88 is a trademark of Typodermic Fonts Inc.
Manufacturer (en-US)            : Ray Larabie
Designer (en-US)                : Ray Larabie
Description (en-US)             : To see more fonts by Ray Larabie, visit Typodermic.com
Vendor URL (en-US)              : http://www.larabiefonts.com
Designer URL (en-US)            : http://www.typodermicfonts.com
Preferred Family (en-US)        : GGX88
Preferred Subfamily (en-US)     : ExtraLight
======== files/font/GGX88Rg-BoldItalic.woff
ExifTool Version Number         : 13.44
File Name                       : GGX88Rg-BoldItalic.woff
Directory                       : files/font
File Size                       : 53 kB
File Modification Date/Time     : 2025:08:17 22:50:24-05:00
File Access Date/Time           : 2026:01:12 11:25:42-06:00
File Inode Change Date/Time     : 2026:01:12 11:25:42-06:00
File Permissions                : -rw-r--r--
File Type                       : WOFF
File Type Extension             : woff
MIME Type                       : font/woff
WOFF Version                    : 2.0
Copyright                       : Copyright (c) 2010-2015 Typodermic Fonts Inc.
Font Family                     : GGX88 Bold Italic
Font Subfamily                  : Bold Italic
Font Subfamily ID               : com.myfonts.easy.typodermic.ggx88.bold-italic.wfkit2.version.4rud
Font Name                       : GGX88 Bold Italic
Name Table Version              : 2.000
PostScript Font Name            : GGX88Rg-BoldItalic
Trademark                       : GGX88 is a trademark of Typodermic Fonts Inc.
Manufacturer                    : Ray Larabie
Designer                        : Ray Larabie
Description                     : To see more fonts by Ray Larabie, visit Typodermic.com
Vendor URL                      : http://www.larabiefonts.com
Designer URL                    : http://www.typodermicfonts.com
Preferred Family                : GGX88
Preferred Subfamily             : Bold Italic
Copyright (en-US)               : Copyright (c) 2010-2015 Typodermic Fonts Inc.
Font Family (en-US)             : GGX88 Bold Italic
Font Subfamily (en-US)          : Bold Italic
Font Subfamily ID (en-US)       : com.myfonts.easy.typodermic.ggx88.bold-italic.wfkit2.version.4rud
Font Name (en-US)               : GGX88 Bold Italic
Name Table Version (en-US)      : 2.000
Post Script Font Name (en-US)   : GGX88Rg-BoldItalic
Trademark (en-US)               : GGX88 is a trademark of Typodermic Fonts Inc.
Manufacturer (en-US)            : Ray Larabie
Designer (en-US)                : Ray Larabie
Description (en-US)             : To see more fonts by Ray Larabie, visit Typodermic.com
Vendor URL (en-US)              : http://www.larabiefonts.com
Designer URL (en-US)            : http://www.typodermicfonts.com
Preferred Family (en-US)        : GGX88
Preferred Subfamily (en-US)     : Bold Italic
======== files/font/SymbolsNerdFontMono-Regular.woff2
ExifTool Version Number         : 13.44
File Name                       : SymbolsNerdFontMono-Regular.woff2
Directory                       : files/font
File Size                       : 1087 kB
File Modification Date/Time     : 2025:09:15 03:55:39-05:00
File Access Date/Time           : 2026:01:12 11:24:00-06:00
File Inode Change Date/Time     : 2026:01:12 11:24:00-06:00
File Permissions                : -rw-r--r--
File Type                       : WOFF2
File Type Extension             : woff2
MIME Type                       : font/woff2
WOFF Version                    : 1.0
Copyright                       : Copyright (c) 2016, Ryan McIntyre
Font Family                     : Symbols Nerd Font Mono
Font Subfamily                  : Regular
Font Subfamily ID               : Symbols Nerd Font Mono 3.3.0
Font Name                       : Symbols Nerd Font Mono
Name Table Version              : Version 001.000;Nerd Fonts 3.3.0
PostScript Font Name            : SymbolsNFM
Copyright (en-US)               : Copyright (c) 2016, Ryan McIntyre
Font Family (en-US)             : Symbols Nerd Font Mono
Font Subfamily (en-US)          : Regular
Font Subfamily ID (en-US)       : Symbols Nerd Font Mono 3.3.0
Font Name (en-US)               : Symbols Nerd Font Mono
Name Table Version (en-US)      : Version 001.000;Nerd Fonts 3.3.0
Post Script Font Name (en-US)   : SymbolsNFM
======== files/font/GGX88Bk-Regular.woff2
ExifTool Version Number         : 13.44
File Name                       : GGX88Bk-Regular.woff2
Directory                       : files/font
File Size                       : 35 kB
File Modification Date/Time     : 2025:08:17 22:50:24-05:00
File Access Date/Time           : 2026:01:12 11:25:42-06:00
File Inode Change Date/Time     : 2026:01:12 11:25:42-06:00
File Permissions                : -rw-r--r--
File Type                       : WOFF2
File Type Extension             : woff2
MIME Type                       : font/woff2
WOFF Version                    : 1.0
Copyright                       : Copyright (c) 2010-2015 Typodermic Fonts Inc.
Font Family                     : GGX88 Book
Font Subfamily                  : Book
Font Subfamily ID               : com.myfonts.easy.typodermic.ggx88.book.wfkit2.version.4ru1
Font Name                       : GGX88 Book
Name Table Version              : 2.000
PostScript Font Name            : GGX88Bk-Regular
Trademark                       : GGX88 is a trademark of Typodermic Fonts Inc.
Manufacturer                    : Ray Larabie
Designer                        : Ray Larabie
Description                     : To see more fonts by Ray Larabie, visit Typodermic.com
Vendor URL                      : http://www.larabiefonts.com
Designer URL                    : http://www.typodermicfonts.com
Preferred Family                : GGX88
Preferred Subfamily             : Book
Copyright (en-US)               : Copyright (c) 2010-2015 Typodermic Fonts Inc.
Font Family (en-US)             : GGX88 Book
Font Subfamily (en-US)          : Book
Font Subfamily ID (en-US)       : com.myfonts.easy.typodermic.ggx88.book.wfkit2.version.4ru1
Font Name (en-US)               : GGX88 Book
Name Table Version (en-US)      : 2.000
Post Script Font Name (en-US)   : GGX88Bk-Regular
Trademark (en-US)               : GGX88 is a trademark of Typodermic Fonts Inc.
Manufacturer (en-US)            : Ray Larabie
Designer (en-US)                : Ray Larabie
Description (en-US)             : To see more fonts by Ray Larabie, visit Typodermic.com
Vendor URL (en-US)              : http://www.larabiefonts.com
Designer URL (en-US)            : http://www.typodermicfonts.com
Preferred Family (en-US)        : GGX88
Preferred Subfamily (en-US)     : Book
======== files/font/GGX88Ul-Italic.woff2
ExifTool Version Number         : 13.44
File Name                       : GGX88Ul-Italic.woff2
Directory                       : files/font
File Size                       : 36 kB
File Modification Date/Time     : 2025:08:17 22:50:24-05:00
File Access Date/Time           : 2026:01:12 11:25:42-06:00
File Inode Change Date/Time     : 2026:01:12 11:25:42-06:00
File Permissions                : -rw-r--r--
File Type                       : WOFF2
File Type Extension             : woff2
MIME Type                       : font/woff2
WOFF Version                    : 1.0
Copyright                       : Copyright (c) 2010-2015 Typodermic Fonts Inc.
Font Family                     : GGX88 UltraLight Italic
Font Subfamily                  : UltraLight Italic
Font Subfamily ID               : com.myfonts.easy.typodermic.ggx88.ul-italic.wfkit2.version.4ruq
Font Name                       : GGX88 UltraLight Italic
Name Table Version              : 2.000
PostScript Font Name            : GGX88Ul-Italic
Trademark                       : GGX88 is a trademark of Typodermic Fonts Inc.
Manufacturer                    : Ray Larabie
Designer                        : Ray Larabie
Description                     : To see more fonts by Ray Larabie, visit Typodermic.com
Vendor URL                      : http://www.larabiefonts.com
Designer URL                    : http://www.typodermicfonts.com
Preferred Family                : GGX88
Preferred Subfamily             : UltraLight Italic
Copyright (en-US)               : Copyright (c) 2010-2015 Typodermic Fonts Inc.
Font Family (en-US)             : GGX88 UltraLight Italic
Font Subfamily (en-US)          : UltraLight Italic
Font Subfamily ID (en-US)       : com.myfonts.easy.typodermic.ggx88.ul-italic.wfkit2.version.4ruq
Font Name (en-US)               : GGX88 UltraLight Italic
Name Table Version (en-US)      : 2.000
Post Script Font Name (en-US)   : GGX88Ul-Italic
Trademark (en-US)               : GGX88 is a trademark of Typodermic Fonts Inc.
Manufacturer (en-US)            : Ray Larabie
Designer (en-US)                : Ray Larabie
Description (en-US)             : To see more fonts by Ray Larabie, visit Typodermic.com
Vendor URL (en-US)              : http://www.larabiefonts.com
Designer URL (en-US)            : http://www.typodermicfonts.com
Preferred Family (en-US)        : GGX88
Preferred Subfamily (en-US)     : UltraLight Italic
======== files/font/GGX88Rg-Regular.woff2
ExifTool Version Number         : 13.44
File Name                       : GGX88Rg-Regular.woff2
Directory                       : files/font
File Size                       : 35 kB
File Modification Date/Time     : 2025:08:17 22:50:24-05:00
File Access Date/Time           : 2026:01:12 11:25:42-06:00
File Inode Change Date/Time     : 2026:01:12 11:25:42-06:00
File Permissions                : -rw-r--r--
File Type                       : WOFF2
File Type Extension             : woff2
MIME Type                       : font/woff2
WOFF Version                    : 1.0
Copyright                       : Copyright (c) 2010-2015 Typodermic Fonts Inc.
Font Family                     : GGX88
Font Subfamily                  : Regular
Font Subfamily ID               : com.myfonts.easy.typodermic.ggx88.regular.wfkit2.version.4ru4
Font Name                       : GGX88
Name Table Version              : 2.000
PostScript Font Name            : GGX88Rg-Regular
Trademark                       : GGX88 is a trademark of Typodermic Fonts Inc.
Manufacturer                    : Ray Larabie
Designer                        : Ray Larabie
Description                     : To see more fonts by Ray Larabie, visit Typodermic.com
Vendor URL                      : http://www.larabiefonts.com
Designer URL                    : http://www.typodermicfonts.com
Preferred Family                : GGX88
Preferred Subfamily             : Regular
Copyright (en-US)               : Copyright (c) 2010-2015 Typodermic Fonts Inc.
Font Family (en-US)             : GGX88
Font Subfamily (en-US)          : Regular
Font Subfamily ID (en-US)       : com.myfonts.easy.typodermic.ggx88.regular.wfkit2.version.4ru4
Font Name (en-US)               : GGX88
Name Table Version (en-US)      : 2.000
Post Script Font Name (en-US)   : GGX88Rg-Regular
Trademark (en-US)               : GGX88 is a trademark of Typodermic Fonts Inc.
Manufacturer (en-US)            : Ray Larabie
Designer (en-US)                : Ray Larabie
Description (en-US)             : To see more fonts by Ray Larabie, visit Typodermic.com
Vendor URL (en-US)              : http://www.larabiefonts.com
Designer URL (en-US)            : http://www.typodermicfonts.com
Preferred Family (en-US)        : GGX88
Preferred Subfamily (en-US)     : Regular
======== files/font/GGX88Lt-Regular.woff
ExifTool Version Number         : 13.44
File Name                       : GGX88Lt-Regular.woff
Directory                       : files/font
File Size                       : 49 kB
File Modification Date/Time     : 2025:08:17 22:50:24-05:00
File Access Date/Time           : 2026:01:12 11:25:42-06:00
File Inode Change Date/Time     : 2026:01:12 11:25:42-06:00
File Permissions                : -rw-r--r--
File Type                       : WOFF
File Type Extension             : woff
MIME Type                       : font/woff
WOFF Version                    : 2.0
Copyright                       : Copyright (c) 2010-2015 Typodermic Fonts Inc.
Font Family                     : GGX88 Light
Font Subfamily                  : Light
Font Subfamily ID               : com.myfonts.easy.typodermic.ggx88.light.wfkit2.version.4ru6
Font Name                       : GGX88 Light
Name Table Version              : 2.000
PostScript Font Name            : GGX88Lt-Regular
Trademark                       : GGX88 is a trademark of Typodermic Fonts Inc.
Manufacturer                    : Ray Larabie
Designer                        : Ray Larabie
Description                     : To see more fonts by Ray Larabie, visit Typodermic.com
Vendor URL                      : http://www.larabiefonts.com
Designer URL                    : http://www.typodermicfonts.com
Preferred Family                : GGX88
Preferred Subfamily             : Light
Copyright (en-US)               : Copyright (c) 2010-2015 Typodermic Fonts Inc.
Font Family (en-US)             : GGX88 Light
Font Subfamily (en-US)          : Light
Font Subfamily ID (en-US)       : com.myfonts.easy.typodermic.ggx88.light.wfkit2.version.4ru6
Font Name (en-US)               : GGX88 Light
Name Table Version (en-US)      : 2.000
Post Script Font Name (en-US)   : GGX88Lt-Regular
Trademark (en-US)               : GGX88 is a trademark of Typodermic Fonts Inc.
Manufacturer (en-US)            : Ray Larabie
Designer (en-US)                : Ray Larabie
Description (en-US)             : To see more fonts by Ray Larabie, visit Typodermic.com
Vendor URL (en-US)              : http://www.larabiefonts.com
Designer URL (en-US)            : http://www.typodermicfonts.com
Preferred Family (en-US)        : GGX88
Preferred Subfamily (en-US)     : Light
======== files/font/GGX88Lt-Italic.woff
ExifTool Version Number         : 13.44
File Name                       : GGX88Lt-Italic.woff
Directory                       : files/font
File Size                       : 51 kB
File Modification Date/Time     : 2025:08:17 22:50:24-05:00
File Access Date/Time           : 2026:01:12 11:25:42-06:00
File Inode Change Date/Time     : 2026:01:12 11:25:42-06:00
File Permissions                : -rw-r--r--
File Type                       : WOFF
File Type Extension             : woff
MIME Type                       : font/woff
WOFF Version                    : 2.0
Copyright                       : Copyright (c) 2010-2015 Typodermic Fonts Inc.
Font Family                     : GGX88 Light Italic
Font Subfamily                  : Light Italic
Font Subfamily ID               : com.myfonts.easy.typodermic.ggx88.light-italic.wfkit2.version.4ruf
Font Name                       : GGX88 Light Italic
Name Table Version              : 2.000
PostScript Font Name            : GGX88Lt-Italic
Trademark                       : GGX88 is a trademark of Typodermic Fonts Inc.
Manufacturer                    : Ray Larabie
Designer                        : Ray Larabie
Description                     : To see more fonts by Ray Larabie, visit Typodermic.com
Vendor URL                      : http://www.larabiefonts.com
Designer URL                    : http://www.typodermicfonts.com
Preferred Family                : GGX88
Preferred Subfamily             : Light Italic
Copyright (en-US)               : Copyright (c) 2010-2015 Typodermic Fonts Inc.
Font Family (en-US)             : GGX88 Light Italic
Font Subfamily (en-US)          : Light Italic
Font Subfamily ID (en-US)       : com.myfonts.easy.typodermic.ggx88.light-italic.wfkit2.version.4ruf
Font Name (en-US)               : GGX88 Light Italic
Name Table Version (en-US)      : 2.000
Post Script Font Name (en-US)   : GGX88Lt-Italic
Trademark (en-US)               : GGX88 is a trademark of Typodermic Fonts Inc.
Manufacturer (en-US)            : Ray Larabie
Designer (en-US)                : Ray Larabie
Description (en-US)             : To see more fonts by Ray Larabie, visit Typodermic.com
Vendor URL (en-US)              : http://www.larabiefonts.com
Designer URL (en-US)            : http://www.typodermicfonts.com
Preferred Family (en-US)        : GGX88
Preferred Subfamily (en-US)     : Light Italic
======== files/font/GGX88Hv-Italic.woff
ExifTool Version Number         : 13.44
File Name                       : GGX88Hv-Italic.woff
Directory                       : files/font
File Size                       : 53 kB
File Modification Date/Time     : 2025:08:17 22:50:24-05:00
File Access Date/Time           : 2026:01:12 11:25:42-06:00
File Inode Change Date/Time     : 2026:01:12 11:25:42-06:00
File Permissions                : -rw-r--r--
File Type                       : WOFF
File Type Extension             : woff
MIME Type                       : font/woff
WOFF Version                    : 2.0
Copyright                       : Copyright (c) 2010-2015 Typodermic Fonts Inc.
Font Family                     : GGX88 Heavy Italic
Font Subfamily                  : Heavy Italic
Font Subfamily ID               : com.myfonts.easy.typodermic.ggx88.heavy-italic.wfkit2.version.4ruj
Font Name                       : GGX88 Heavy Italic
Name Table Version              : 2.000
PostScript Font Name            : GGX88Hv-Italic
Trademark                       : GGX88 is a trademark of Typodermic Fonts Inc.
Manufacturer                    : Ray Larabie
Designer                        : Ray Larabie
Description                     : To see more fonts by Ray Larabie, visit Typodermic.com
Vendor URL                      : http://www.larabiefonts.com
Designer URL                    : http://www.typodermicfonts.com
Preferred Family                : GGX88
Preferred Subfamily             : Heavy Italic
Copyright (en-US)               : Copyright (c) 2010-2015 Typodermic Fonts Inc.
Font Family (en-US)             : GGX88 Heavy Italic
Font Subfamily (en-US)          : Heavy Italic
Font Subfamily ID (en-US)       : com.myfonts.easy.typodermic.ggx88.heavy-italic.wfkit2.version.4ruj
Font Name (en-US)               : GGX88 Heavy Italic
Name Table Version (en-US)      : 2.000
Post Script Font Name (en-US)   : GGX88Hv-Italic
Trademark (en-US)               : GGX88 is a trademark of Typodermic Fonts Inc.
Manufacturer (en-US)            : Ray Larabie
Designer (en-US)                : Ray Larabie
Description (en-US)             : To see more fonts by Ray Larabie, visit Typodermic.com
Vendor URL (en-US)              : http://www.larabiefonts.com
Designer URL (en-US)            : http://www.typodermicfonts.com
Preferred Family (en-US)        : GGX88
Preferred Subfamily (en-US)     : Heavy Italic
======== files/font/GGX88El-Italic.woff2
ExifTool Version Number         : 13.44
File Name                       : GGX88El-Italic.woff2
Directory                       : files/font
File Size                       : 35 kB
File Modification Date/Time     : 2025:08:17 22:50:24-05:00
File Access Date/Time           : 2026:01:12 11:25:42-06:00
File Inode Change Date/Time     : 2026:01:12 11:25:42-06:00
File Permissions                : -rw-r--r--
File Type                       : WOFF2
File Type Extension             : woff2
MIME Type                       : font/woff2
WOFF Version                    : 1.0
Copyright                       : Copyright (c) 2010-2015 Typodermic Fonts Inc.
Font Family                     : GGX88 ExtraLight Italic
Font Subfamily                  : ExtraLight Italic
Font Subfamily ID               : com.myfonts.easy.typodermic.ggx88.el-italic.wfkit2.version.4rue
Font Name                       : GGX88 ExtraLight Italic
Name Table Version              : 2.000
PostScript Font Name            : GGX88El-Italic
Trademark                       : GGX88 is a trademark of Typodermic Fonts Inc.
Manufacturer                    : Ray Larabie
Designer                        : Ray Larabie
Description                     : To see more fonts by Ray Larabie, visit Typodermic.com
Vendor URL                      : http://www.larabiefonts.com
Designer URL                    : http://www.typodermicfonts.com
Preferred Family                : GGX88
Preferred Subfamily             : ExtraLight Italic
Copyright (en-US)               : Copyright (c) 2010-2015 Typodermic Fonts Inc.
Font Family (en-US)             : GGX88 ExtraLight Italic
Font Subfamily (en-US)          : ExtraLight Italic
Font Subfamily ID (en-US)       : com.myfonts.easy.typodermic.ggx88.el-italic.wfkit2.version.4rue
Font Name (en-US)               : GGX88 ExtraLight Italic
Name Table Version (en-US)      : 2.000
Post Script Font Name (en-US)   : GGX88El-Italic
Trademark (en-US)               : GGX88 is a trademark of Typodermic Fonts Inc.
Manufacturer (en-US)            : Ray Larabie
Designer (en-US)                : Ray Larabie
Description (en-US)             : To see more fonts by Ray Larabie, visit Typodermic.com
Vendor URL (en-US)              : http://www.larabiefonts.com
Designer URL (en-US)            : http://www.typodermicfonts.com
Preferred Family (en-US)        : GGX88
Preferred Subfamily (en-US)     : ExtraLight Italic
======== files/font/GGX88Rg-Italic.woff
ExifTool Version Number         : 13.44
File Name                       : GGX88Rg-Italic.woff
Directory                       : files/font
File Size                       : 53 kB
File Modification Date/Time     : 2025:08:17 22:50:24-05:00
File Access Date/Time           : 2026:01:12 11:25:42-06:00
File Inode Change Date/Time     : 2026:01:12 11:25:42-06:00
File Permissions                : -rw-r--r--
File Type                       : WOFF
File Type Extension             : woff
MIME Type                       : font/woff
WOFF Version                    : 2.0
Copyright                       : Copyright (c) 2010-2015 Typodermic Fonts Inc.
Font Family                     : GGX88 Italic
Font Subfamily                  : Italic
Font Subfamily ID               : com.myfonts.easy.typodermic.ggx88.italic.wfkit2.version.4rui
Font Name                       : GGX88 Italic
Name Table Version              : 2.000
PostScript Font Name            : GGX88Rg-Italic
Trademark                       : GGX88 is a trademark of Typodermic Fonts Inc.
Manufacturer                    : Ray Larabie
Designer                        : Ray Larabie
Description                     : To see more fonts by Ray Larabie, visit Typodermic.com
Vendor URL                      : http://www.larabiefonts.com
Designer URL                    : http://www.typodermicfonts.com
Preferred Family                : GGX88
Preferred Subfamily             : Italic
Copyright (en-US)               : Copyright (c) 2010-2015 Typodermic Fonts Inc.
Font Family (en-US)             : GGX88 Italic
Font Subfamily (en-US)          : Italic
Font Subfamily ID (en-US)       : com.myfonts.easy.typodermic.ggx88.italic.wfkit2.version.4rui
Font Name (en-US)               : GGX88 Italic
Name Table Version (en-US)      : 2.000
Post Script Font Name (en-US)   : GGX88Rg-Italic
Trademark (en-US)               : GGX88 is a trademark of Typodermic Fonts Inc.
Manufacturer (en-US)            : Ray Larabie
Designer (en-US)                : Ray Larabie
Description (en-US)             : To see more fonts by Ray Larabie, visit Typodermic.com
Vendor URL (en-US)              : http://www.larabiefonts.com
Designer URL (en-US)            : http://www.typodermicfonts.com
Preferred Family (en-US)        : GGX88
Preferred Subfamily (en-US)     : Italic
======== files/font/GGX88Rg-Bold.woff
ExifTool Version Number         : 13.44
File Name                       : GGX88Rg-Bold.woff
Directory                       : files/font
File Size                       : 51 kB
File Modification Date/Time     : 2025:08:17 22:50:24-05:00
File Access Date/Time           : 2026:01:12 11:25:42-06:00
File Inode Change Date/Time     : 2026:01:12 11:25:42-06:00
File Permissions                : -rw-r--r--
File Type                       : WOFF
File Type Extension             : woff
MIME Type                       : font/woff
WOFF Version                    : 2.0
Copyright                       : Copyright (c) 2010-2015 Typodermic Fonts Inc.
Font Family                     : GGX88 Bold
Font Subfamily                  : Bold
Font Subfamily ID               : com.myfonts.easy.typodermic.ggx88.bold.wfkit2.version.4rtZ
Font Name                       : GGX88 Bold
Name Table Version              : 2.000
PostScript Font Name            : GGX88Rg-Bold
Trademark                       : GGX88 is a trademark of Typodermic Fonts Inc.
Manufacturer                    : Ray Larabie
Designer                        : Ray Larabie
Description                     : To see more fonts by Ray Larabie, visit Typodermic.com
Vendor URL                      : http://www.larabiefonts.com
Designer URL                    : http://www.typodermicfonts.com
Preferred Family                : GGX88
Preferred Subfamily             : Bold
Copyright (en-US)               : Copyright (c) 2010-2015 Typodermic Fonts Inc.
Font Family (en-US)             : GGX88 Bold
Font Subfamily (en-US)          : Bold
Font Subfamily ID (en-US)       : com.myfonts.easy.typodermic.ggx88.bold.wfkit2.version.4rtZ
Font Name (en-US)               : GGX88 Bold
Name Table Version (en-US)      : 2.000
Post Script Font Name (en-US)   : GGX88Rg-Bold
Trademark (en-US)               : GGX88 is a trademark of Typodermic Fonts Inc.
Manufacturer (en-US)            : Ray Larabie
Designer (en-US)                : Ray Larabie
Description (en-US)             : To see more fonts by Ray Larabie, visit Typodermic.com
Vendor URL (en-US)              : http://www.larabiefonts.com
Designer URL (en-US)            : http://www.typodermicfonts.com
Preferred Family (en-US)        : GGX88
Preferred Subfamily (en-US)     : Bold
======== files/font/GGX88Hv-Regular.woff
ExifTool Version Number         : 13.44
File Name                       : GGX88Hv-Regular.woff
Directory                       : files/font
File Size                       : 51 kB
File Modification Date/Time     : 2025:08:17 22:50:24-05:00
File Access Date/Time           : 2026:01:12 11:25:42-06:00
File Inode Change Date/Time     : 2026:01:12 11:25:42-06:00
File Permissions                : -rw-r--r--
File Type                       : WOFF
File Type Extension             : woff
MIME Type                       : font/woff
WOFF Version                    : 2.0
Copyright                       : Copyright (c) 2010-2015 Typodermic Fonts Inc.
Font Family                     : GGX88 Heavy
Font Subfamily                  : Heavy
Font Subfamily ID               : com.myfonts.easy.typodermic.ggx88.heavy.wfkit2.version.4ru5
Font Name                       : GGX88 Heavy
Name Table Version              : 2.000
PostScript Font Name            : GGX88Hv-Regular
Trademark                       : GGX88 is a trademark of Typodermic Fonts Inc.
Manufacturer                    : Ray Larabie
Designer                        : Ray Larabie
Description                     : To see more fonts by Ray Larabie, visit Typodermic.com
Vendor URL                      : http://www.larabiefonts.com
Designer URL                    : http://www.typodermicfonts.com
Preferred Family                : GGX88
Preferred Subfamily             : Heavy
Copyright (en-US)               : Copyright (c) 2010-2015 Typodermic Fonts Inc.
Font Family (en-US)             : GGX88 Heavy
Font Subfamily (en-US)          : Heavy
Font Subfamily ID (en-US)       : com.myfonts.easy.typodermic.ggx88.heavy.wfkit2.version.4ru5
Font Name (en-US)               : GGX88 Heavy
Name Table Version (en-US)      : 2.000
Post Script Font Name (en-US)   : GGX88Hv-Regular
Trademark (en-US)               : GGX88 is a trademark of Typodermic Fonts Inc.
Manufacturer (en-US)            : Ray Larabie
Designer (en-US)                : Ray Larabie
Description (en-US)             : To see more fonts by Ray Larabie, visit Typodermic.com
Vendor URL (en-US)              : http://www.larabiefonts.com
Designer URL (en-US)            : http://www.typodermicfonts.com
Preferred Family (en-US)        : GGX88
Preferred Subfamily (en-US)     : Heavy
======== files/font/GGX88Bk-Italic.woff2
ExifTool Version Number         : 13.44
File Name                       : GGX88Bk-Italic.woff2
Directory                       : files/font
File Size                       : 36 kB
File Modification Date/Time     : 2025:08:17 22:50:24-05:00
File Access Date/Time           : 2026:01:12 11:25:42-06:00
File Inode Change Date/Time     : 2026:01:12 11:25:42-06:00
File Permissions                : -rw-r--r--
File Type                       : WOFF2
File Type Extension             : woff2
MIME Type                       : font/woff2
WOFF Version                    : 1.0
Copyright                       : Copyright (c) 2010-2015 Typodermic Fonts Inc.
Font Family                     : GGX88 Book Italic
Font Subfamily                  : Book Italic
Font Subfamily ID               : com.myfonts.easy.typodermic.ggx88.book-italic.wfkit2.version.4rum
Font Name                       : GGX88 Book Italic
Name Table Version              : 2.000
PostScript Font Name            : GGX88Bk-Italic
Trademark                       : GGX88 is a trademark of Typodermic Fonts Inc.
Manufacturer                    : Ray Larabie
Designer                        : Ray Larabie
Description                     : To see more fonts by Ray Larabie, visit Typodermic.com
Vendor URL                      : http://www.larabiefonts.com
Designer URL                    : http://www.typodermicfonts.com
Preferred Family                : GGX88
Preferred Subfamily             : Book Italic
Copyright (en-US)               : Copyright (c) 2010-2015 Typodermic Fonts Inc.
Font Family (en-US)             : GGX88 Book Italic
Font Subfamily (en-US)          : Book Italic
Font Subfamily ID (en-US)       : com.myfonts.easy.typodermic.ggx88.book-italic.wfkit2.version.4rum
Font Name (en-US)               : GGX88 Book Italic
Name Table Version (en-US)      : 2.000
Post Script Font Name (en-US)   : GGX88Bk-Italic
Trademark (en-US)               : GGX88 is a trademark of Typodermic Fonts Inc.
Manufacturer (en-US)            : Ray Larabie
Designer (en-US)                : Ray Larabie
Description (en-US)             : To see more fonts by Ray Larabie, visit Typodermic.com
Vendor URL (en-US)              : http://www.larabiefonts.com
Designer URL (en-US)            : http://www.typodermicfonts.com
Preferred Family (en-US)        : GGX88
Preferred Subfamily (en-US)     : Book Italic
======== files/font/GGX88Hv-Regular.woff2
ExifTool Version Number         : 13.44
File Name                       : GGX88Hv-Regular.woff2
Directory                       : files/font
File Size                       : 35 kB
File Modification Date/Time     : 2025:08:17 22:50:24-05:00
File Access Date/Time           : 2026:01:12 11:25:42-06:00
File Inode Change Date/Time     : 2026:01:12 11:25:42-06:00
File Permissions                : -rw-r--r--
File Type                       : WOFF2
File Type Extension             : woff2
MIME Type                       : font/woff2
WOFF Version                    : 1.0
Copyright                       : Copyright (c) 2010-2015 Typodermic Fonts Inc.
Font Family                     : GGX88 Heavy
Font Subfamily                  : Heavy
Font Subfamily ID               : com.myfonts.easy.typodermic.ggx88.heavy.wfkit2.version.4ru5
Font Name                       : GGX88 Heavy
Name Table Version              : 2.000
PostScript Font Name            : GGX88Hv-Regular
Trademark                       : GGX88 is a trademark of Typodermic Fonts Inc.
Manufacturer                    : Ray Larabie
Designer                        : Ray Larabie
Description                     : To see more fonts by Ray Larabie, visit Typodermic.com
Vendor URL                      : http://www.larabiefonts.com
Designer URL                    : http://www.typodermicfonts.com
Preferred Family                : GGX88
Preferred Subfamily             : Heavy
Copyright (en-US)               : Copyright (c) 2010-2015 Typodermic Fonts Inc.
Font Family (en-US)             : GGX88 Heavy
Font Subfamily (en-US)          : Heavy
Font Subfamily ID (en-US)       : com.myfonts.easy.typodermic.ggx88.heavy.wfkit2.version.4ru5
Font Name (en-US)               : GGX88 Heavy
Name Table Version (en-US)      : 2.000
Post Script Font Name (en-US)   : GGX88Hv-Regular
Trademark (en-US)               : GGX88 is a trademark of Typodermic Fonts Inc.
Manufacturer (en-US)            : Ray Larabie
Designer (en-US)                : Ray Larabie
Description (en-US)             : To see more fonts by Ray Larabie, visit Typodermic.com
Vendor URL (en-US)              : http://www.larabiefonts.com
Designer URL (en-US)            : http://www.typodermicfonts.com
Preferred Family (en-US)        : GGX88
Preferred Subfamily (en-US)     : Heavy
======== files/font/GGX88Rg-Regular.woff
ExifTool Version Number         : 13.44
File Name                       : GGX88Rg-Regular.woff
Directory                       : files/font
File Size                       : 50 kB
File Modification Date/Time     : 2025:08:17 22:50:24-05:00
File Access Date/Time           : 2026:01:12 11:25:42-06:00
File Inode Change Date/Time     : 2026:01:12 11:25:42-06:00
File Permissions                : -rw-r--r--
File Type                       : WOFF
File Type Extension             : woff
MIME Type                       : font/woff
WOFF Version                    : 2.0
Copyright                       : Copyright (c) 2010-2015 Typodermic Fonts Inc.
Font Family                     : GGX88
Font Subfamily                  : Regular
Font Subfamily ID               : com.myfonts.easy.typodermic.ggx88.regular.wfkit2.version.4ru4
Font Name                       : GGX88
Name Table Version              : 2.000
PostScript Font Name            : GGX88Rg-Regular
Trademark                       : GGX88 is a trademark of Typodermic Fonts Inc.
Manufacturer                    : Ray Larabie
Designer                        : Ray Larabie
Description                     : To see more fonts by Ray Larabie, visit Typodermic.com
Vendor URL                      : http://www.larabiefonts.com
Designer URL                    : http://www.typodermicfonts.com
Preferred Family                : GGX88
Preferred Subfamily             : Regular
Copyright (en-US)               : Copyright (c) 2010-2015 Typodermic Fonts Inc.
Font Family (en-US)             : GGX88
Font Subfamily (en-US)          : Regular
Font Subfamily ID (en-US)       : com.myfonts.easy.typodermic.ggx88.regular.wfkit2.version.4ru4
Font Name (en-US)               : GGX88
Name Table Version (en-US)      : 2.000
Post Script Font Name (en-US)   : GGX88Rg-Regular
Trademark (en-US)               : GGX88 is a trademark of Typodermic Fonts Inc.
Manufacturer (en-US)            : Ray Larabie
Designer (en-US)                : Ray Larabie
Description (en-US)             : To see more fonts by Ray Larabie, visit Typodermic.com
Vendor URL (en-US)              : http://www.larabiefonts.com
Designer URL (en-US)            : http://www.typodermicfonts.com
Preferred Family (en-US)        : GGX88
Preferred Subfamily (en-US)     : Regular
======== files/font/GGX88Rg-BoldItalic.woff2
ExifTool Version Number         : 13.44
File Name                       : GGX88Rg-BoldItalic.woff2
Directory                       : files/font
File Size                       : 36 kB
File Modification Date/Time     : 2025:08:17 22:50:24-05:00
File Access Date/Time           : 2026:01:12 11:25:42-06:00
File Inode Change Date/Time     : 2026:01:12 11:25:42-06:00
File Permissions                : -rw-r--r--
File Type                       : WOFF2
File Type Extension             : woff2
MIME Type                       : font/woff2
WOFF Version                    : 1.0
Copyright                       : Copyright (c) 2010-2015 Typodermic Fonts Inc.
Font Family                     : GGX88 Bold Italic
Font Subfamily                  : Bold Italic
Font Subfamily ID               : com.myfonts.easy.typodermic.ggx88.bold-italic.wfkit2.version.4rud
Font Name                       : GGX88 Bold Italic
Name Table Version              : 2.000
PostScript Font Name            : GGX88Rg-BoldItalic
Trademark                       : GGX88 is a trademark of Typodermic Fonts Inc.
Manufacturer                    : Ray Larabie
Designer                        : Ray Larabie
Description                     : To see more fonts by Ray Larabie, visit Typodermic.com
Vendor URL                      : http://www.larabiefonts.com
Designer URL                    : http://www.typodermicfonts.com
Preferred Family                : GGX88
Preferred Subfamily             : Bold Italic
Copyright (en-US)               : Copyright (c) 2010-2015 Typodermic Fonts Inc.
Font Family (en-US)             : GGX88 Bold Italic
Font Subfamily (en-US)          : Bold Italic
Font Subfamily ID (en-US)       : com.myfonts.easy.typodermic.ggx88.bold-italic.wfkit2.version.4rud
Font Name (en-US)               : GGX88 Bold Italic
Name Table Version (en-US)      : 2.000
Post Script Font Name (en-US)   : GGX88Rg-BoldItalic
Trademark (en-US)               : GGX88 is a trademark of Typodermic Fonts Inc.
Manufacturer (en-US)            : Ray Larabie
Designer (en-US)                : Ray Larabie
Description (en-US)             : To see more fonts by Ray Larabie, visit Typodermic.com
Vendor URL (en-US)              : http://www.larabiefonts.com
Designer URL (en-US)            : http://www.typodermicfonts.com
Preferred Family (en-US)        : GGX88
Preferred Subfamily (en-US)     : Bold Italic
======== files/font/GGX88El-Italic.woff
ExifTool Version Number         : 13.44
File Name                       : GGX88El-Italic.woff
Directory                       : files/font
File Size                       : 51 kB
File Modification Date/Time     : 2025:08:17 22:50:24-05:00
File Access Date/Time           : 2026:01:12 11:25:42-06:00
File Inode Change Date/Time     : 2026:01:12 11:25:42-06:00
File Permissions                : -rw-r--r--
File Type                       : WOFF
File Type Extension             : woff
MIME Type                       : font/woff
WOFF Version                    : 2.0
Copyright                       : Copyright (c) 2010-2015 Typodermic Fonts Inc.
Font Family                     : GGX88 ExtraLight Italic
Font Subfamily                  : ExtraLight Italic
Font Subfamily ID               : com.myfonts.easy.typodermic.ggx88.el-italic.wfkit2.version.4rue
Font Name                       : GGX88 ExtraLight Italic
Name Table Version              : 2.000
PostScript Font Name            : GGX88El-Italic
Trademark                       : GGX88 is a trademark of Typodermic Fonts Inc.
Manufacturer                    : Ray Larabie
Designer                        : Ray Larabie
Description                     : To see more fonts by Ray Larabie, visit Typodermic.com
Vendor URL                      : http://www.larabiefonts.com
Designer URL                    : http://www.typodermicfonts.com
Preferred Family                : GGX88
Preferred Subfamily             : ExtraLight Italic
Copyright (en-US)               : Copyright (c) 2010-2015 Typodermic Fonts Inc.
Font Family (en-US)             : GGX88 ExtraLight Italic
Font Subfamily (en-US)          : ExtraLight Italic
Font Subfamily ID (en-US)       : com.myfonts.easy.typodermic.ggx88.el-italic.wfkit2.version.4rue
Font Name (en-US)               : GGX88 ExtraLight Italic
Name Table Version (en-US)      : 2.000
Post Script Font Name (en-US)   : GGX88El-Italic
Trademark (en-US)               : GGX88 is a trademark of Typodermic Fonts Inc.
Manufacturer (en-US)            : Ray Larabie
Designer (en-US)                : Ray Larabie
Description (en-US)             : To see more fonts by Ray Larabie, visit Typodermic.com
Vendor URL (en-US)              : http://www.larabiefonts.com
Designer URL (en-US)            : http://www.typodermicfonts.com
Preferred Family (en-US)        : GGX88
Preferred Subfamily (en-US)     : ExtraLight Italic
======== files/font/GGX88Lt-Italic.woff2
ExifTool Version Number         : 13.44
File Name                       : GGX88Lt-Italic.woff2
Directory                       : files/font
File Size                       : 35 kB
File Modification Date/Time     : 2025:08:17 22:50:24-05:00
File Access Date/Time           : 2026:01:12 11:25:42-06:00
File Inode Change Date/Time     : 2026:01:12 11:25:42-06:00
File Permissions                : -rw-r--r--
File Type                       : WOFF2
File Type Extension             : woff2
MIME Type                       : font/woff2
WOFF Version                    : 1.0
Copyright                       : Copyright (c) 2010-2015 Typodermic Fonts Inc.
Font Family                     : GGX88 Light Italic
Font Subfamily                  : Light Italic
Font Subfamily ID               : com.myfonts.easy.typodermic.ggx88.light-italic.wfkit2.version.4ruf
Font Name                       : GGX88 Light Italic
Name Table Version              : 2.000
PostScript Font Name            : GGX88Lt-Italic
Trademark                       : GGX88 is a trademark of Typodermic Fonts Inc.
Manufacturer                    : Ray Larabie
Designer                        : Ray Larabie
Description                     : To see more fonts by Ray Larabie, visit Typodermic.com
Vendor URL                      : http://www.larabiefonts.com
Designer URL                    : http://www.typodermicfonts.com
Preferred Family                : GGX88
Preferred Subfamily             : Light Italic
Copyright (en-US)               : Copyright (c) 2010-2015 Typodermic Fonts Inc.
Font Family (en-US)             : GGX88 Light Italic
Font Subfamily (en-US)          : Light Italic
Font Subfamily ID (en-US)       : com.myfonts.easy.typodermic.ggx88.light-italic.wfkit2.version.4ruf
Font Name (en-US)               : GGX88 Light Italic
Name Table Version (en-US)      : 2.000
Post Script Font Name (en-US)   : GGX88Lt-Italic
Trademark (en-US)               : GGX88 is a trademark of Typodermic Fonts Inc.
Manufacturer (en-US)            : Ray Larabie
Designer (en-US)                : Ray Larabie
Description (en-US)             : To see more fonts by Ray Larabie, visit Typodermic.com
Vendor URL (en-US)              : http://www.larabiefonts.com
Designer URL (en-US)            : http://www.typodermicfonts.com
Preferred Family (en-US)        : GGX88
Preferred Subfamily (en-US)     : Light Italic
======== files/font/GGX88Ul-Regular.woff
ExifTool Version Number         : 13.44
File Name                       : GGX88Ul-Regular.woff
Directory                       : files/font
File Size                       : 49 kB
File Modification Date/Time     : 2025:08:17 22:50:24-05:00
File Access Date/Time           : 2026:01:12 11:25:42-06:00
File Inode Change Date/Time     : 2026:01:12 11:25:42-06:00
File Permissions                : -rw-r--r--
File Type                       : WOFF
File Type Extension             : woff
MIME Type                       : font/woff
WOFF Version                    : 2.0
Copyright                       : Copyright (c) 2010-2015 Typodermic Fonts Inc.
Font Family                     : GGX88 UltraLight
Font Subfamily                  : UltraLight
Font Subfamily ID               : com.myfonts.easy.typodermic.ggx88.ultralight.wfkit2.version.4rub
Font Name                       : GGX88 UltraLight
Name Table Version              : 2.000
PostScript Font Name            : GGX88Ul-Regular
Trademark                       : GGX88 is a trademark of Typodermic Fonts Inc.
Manufacturer                    : Ray Larabie
Designer                        : Ray Larabie
Description                     : To see more fonts by Ray Larabie, visit Typodermic.com
Vendor URL                      : http://www.larabiefonts.com
Designer URL                    : http://www.typodermicfonts.com
Preferred Family                : GGX88
Preferred Subfamily             : UltraLight
Copyright (en-US)               : Copyright (c) 2010-2015 Typodermic Fonts Inc.
Font Family (en-US)             : GGX88 UltraLight
Font Subfamily (en-US)          : UltraLight
Font Subfamily ID (en-US)       : com.myfonts.easy.typodermic.ggx88.ultralight.wfkit2.version.4rub
Font Name (en-US)               : GGX88 UltraLight
Name Table Version (en-US)      : 2.000
Post Script Font Name (en-US)   : GGX88Ul-Regular
Trademark (en-US)               : GGX88 is a trademark of Typodermic Fonts Inc.
Manufacturer (en-US)            : Ray Larabie
Designer (en-US)                : Ray Larabie
Description (en-US)             : To see more fonts by Ray Larabie, visit Typodermic.com
Vendor URL (en-US)              : http://www.larabiefonts.com
Designer URL (en-US)            : http://www.typodermicfonts.com
Preferred Family (en-US)        : GGX88
Preferred Subfamily (en-US)     : UltraLight
======== files/font/SymbolsNerdFont-Regular.woff2
ExifTool Version Number         : 13.44
File Name                       : SymbolsNerdFont-Regular.woff2
Directory                       : files/font
File Size                       : 966 kB
File Modification Date/Time     : 2025:09:15 03:55:39-05:00
File Access Date/Time           : 2026:01:12 11:24:00-06:00
File Inode Change Date/Time     : 2026:01:12 11:24:00-06:00
File Permissions                : -rw-r--r--
File Type                       : WOFF2
File Type Extension             : woff2
MIME Type                       : font/woff2
WOFF Version                    : 1.0
Copyright                       : Copyright (c) 2016, Ryan McIntyre
Font Family                     : Symbols Nerd Font
Font Subfamily                  : Regular
Font Subfamily ID               : Symbols Nerd Font 3.3.0
Font Name                       : Symbols Nerd Font
Name Table Version              : Version 001.000;Nerd Fonts 3.3.0
PostScript Font Name            : SymbolsNF
Copyright (en-US)               : Copyright (c) 2016, Ryan McIntyre
Font Family (en-US)             : Symbols Nerd Font
Font Subfamily (en-US)          : Regular
Font Subfamily ID (en-US)       : Symbols Nerd Font 3.3.0
Font Name (en-US)               : Symbols Nerd Font
Name Table Version (en-US)      : Version 001.000;Nerd Fonts 3.3.0
Post Script Font Name (en-US)   : SymbolsNF
======== files/font/SymbolsNerdFont-Regular.woff
ExifTool Version Number         : 13.44
File Name                       : SymbolsNerdFont-Regular.woff
Directory                       : files/font
File Size                       : 1271 kB
File Modification Date/Time     : 2025:09:15 03:55:39-05:00
File Access Date/Time           : 2026:01:12 11:24:00-06:00
File Inode Change Date/Time     : 2026:01:12 11:24:00-06:00
File Permissions                : -rw-r--r--
File Type                       : WOFF
File Type Extension             : woff
MIME Type                       : font/woff
WOFF Version                    : 1.0
Copyright                       : Copyright (c) 2016, Ryan McIntyre
Font Family                     : Symbols Nerd Font
Font Subfamily                  : Regular
Font Subfamily ID               : Symbols Nerd Font 3.3.0
Font Name                       : Symbols Nerd Font
Name Table Version              : Version 001.000;Nerd Fonts 3.3.0
PostScript Font Name            : SymbolsNF
Copyright (en-US)               : Copyright (c) 2016, Ryan McIntyre
Font Family (en-US)             : Symbols Nerd Font
Font Subfamily (en-US)          : Regular
Font Subfamily ID (en-US)       : Symbols Nerd Font 3.3.0
Font Name (en-US)               : Symbols Nerd Font
Name Table Version (en-US)      : Version 001.000;Nerd Fonts 3.3.0
Post Script Font Name (en-US)   : SymbolsNF
======== files/font/GGX88Ul-Regular.woff2
ExifTool Version Number         : 13.44
File Name                       : GGX88Ul-Regular.woff2
Directory                       : files/font
File Size                       : 34 kB
File Modification Date/Time     : 2025:08:17 22:50:24-05:00
File Access Date/Time           : 2026:01:12 11:25:42-06:00
File Inode Change Date/Time     : 2026:01:12 11:25:42-06:00
File Permissions                : -rw-r--r--
File Type                       : WOFF2
File Type Extension             : woff2
MIME Type                       : font/woff2
WOFF Version                    : 1.0
Copyright                       : Copyright (c) 2010-2015 Typodermic Fonts Inc.
Font Family                     : GGX88 UltraLight
Font Subfamily                  : UltraLight
Font Subfamily ID               : com.myfonts.easy.typodermic.ggx88.ultralight.wfkit2.version.4rub
Font Name                       : GGX88 UltraLight
Name Table Version              : 2.000
PostScript Font Name            : GGX88Ul-Regular
Trademark                       : GGX88 is a trademark of Typodermic Fonts Inc.
Manufacturer                    : Ray Larabie
Designer                        : Ray Larabie
Description                     : To see more fonts by Ray Larabie, visit Typodermic.com
Vendor URL                      : http://www.larabiefonts.com
Designer URL                    : http://www.typodermicfonts.com
Preferred Family                : GGX88
Preferred Subfamily             : UltraLight
Copyright (en-US)               : Copyright (c) 2010-2015 Typodermic Fonts Inc.
Font Family (en-US)             : GGX88 UltraLight
Font Subfamily (en-US)          : UltraLight
Font Subfamily ID (en-US)       : com.myfonts.easy.typodermic.ggx88.ultralight.wfkit2.version.4rub
Font Name (en-US)               : GGX88 UltraLight
Name Table Version (en-US)      : 2.000
Post Script Font Name (en-US)   : GGX88Ul-Regular
Trademark (en-US)               : GGX88 is a trademark of Typodermic Fonts Inc.
Manufacturer (en-US)            : Ray Larabie
Designer (en-US)                : Ray Larabie
Description (en-US)             : To see more fonts by Ray Larabie, visit Typodermic.com
Vendor URL (en-US)              : http://www.larabiefonts.com
Designer URL (en-US)            : http://www.typodermicfonts.com
Preferred Family (en-US)        : GGX88
Preferred Subfamily (en-US)     : UltraLight
======== files/font/SymbolsNerdFontMono-Regular.woff
ExifTool Version Number         : 13.44
File Name                       : SymbolsNerdFontMono-Regular.woff
Directory                       : files/font
File Size                       : 1414 kB
File Modification Date/Time     : 2025:09:15 03:55:39-05:00
File Access Date/Time           : 2026:01:12 11:24:00-06:00
File Inode Change Date/Time     : 2026:01:12 11:24:00-06:00
File Permissions                : -rw-r--r--
File Type                       : WOFF
File Type Extension             : woff
MIME Type                       : font/woff
WOFF Version                    : 1.0
Copyright                       : Copyright (c) 2016, Ryan McIntyre
Font Family                     : Symbols Nerd Font Mono
Font Subfamily                  : Regular
Font Subfamily ID               : Symbols Nerd Font Mono 3.3.0
Font Name                       : Symbols Nerd Font Mono
Name Table Version              : Version 001.000;Nerd Fonts 3.3.0
PostScript Font Name            : SymbolsNFM
Copyright (en-US)               : Copyright (c) 2016, Ryan McIntyre
Font Family (en-US)             : Symbols Nerd Font Mono
Font Subfamily (en-US)          : Regular
Font Subfamily ID (en-US)       : Symbols Nerd Font Mono 3.3.0
Font Name (en-US)               : Symbols Nerd Font Mono
Name Table Version (en-US)      : Version 001.000;Nerd Fonts 3.3.0
Post Script Font Name (en-US)   : SymbolsNFM
    1 directories scanned
   32 image files read
