======== files/aud/old/misc_unreleased_full_005.mp3
ExifTool Version Number         : 13.44
File Name                       : misc_unreleased_full_005.mp3
Directory                       : files/aud/old
File Size                       : 2.4 MB
File Modification Date/Time     : 2026:01:12 11:27:08-06:00
File Access Date/Time           : 2026:01:12 11:27:08-06:00
File Inode Change Date/Time     : 2026:01:12 11:27:20-06:00
File Permissions                : -rw-r--r--
File Type                       : MP3
File Type Extension             : mp3
MIME Type                       : audio/mpeg
MPEG Audio Version              : 1
Audio Layer                     : 3
Audio Bitrate                   : 64 kbps
Sample Rate                     : 44100
Channel Mode                    : Joint Stereo
MS Stereo                       : On
Intensity Stereo                : Off
Copyright Flag                  : False
Original Media                  : True
Emphasis                        : None
Encoder                         : LAME3.100.n.
ID3 Size                        : 115
Encoder Settings                : LAME 64bits version 3.100 (http://lame.sf.net)
Title                           : MV CHEMLOVE
Track                           : 19
Duration                        : 0:05:04 (approx)
======== files/aud/old/a_cut_004.mp3
ExifTool Version Number         : 13.44
File Name                       : a_cut_004.mp3
Directory                       : files/aud/old
File Size                       : 115 kB
File Modification Date/Time     : 2026:01:12 11:27:03-06:00
File Access Date/Time           : 2026:01:12 11:27:03-06:00
File Inode Change Date/Time     : 2026:01:12 11:27:20-06:00
File Permissions                : -rw-r--r--
File Type                       : MP3
File Type Extension             : mp3
MIME Type                       : audio/mpeg
MPEG Audio Version              : 1
Audio Layer                     : 3
Audio Bitrate                   : 64 kbps
Sample Rate                     : 44100
Channel Mode                    : Joint Stereo
MS Stereo                       : Off
Intensity Stereo                : Off
Copyright Flag                  : False
Original Media                  : True
Emphasis                        : None
Encoder                         : LAME3.100.n.
ID3 Size                        : 213
Encoder Settings                : LAME 64bits version 3.100 (http://lame.sf.net)
Title                           : FW24_WILLOW_05_MOULDED_LEATHER_16x9_(inc bag)_R6.5_MUSIC.als
Track                           : 16
Duration                        : 14.34 s (approx)
======== files/aud/old/misc_unreleased_full_004.mp3
ExifTool Version Number         : 13.44
File Name                       : misc_unreleased_full_004.mp3
Directory                       : files/aud/old
File Size                       : 2.6 MB
File Modification Date/Time     : 2026:01:12 11:27:06-06:00
File Access Date/Time           : 2026:01:12 11:27:06-06:00
File Inode Change Date/Time     : 2026:01:12 11:27:20-06:00
File Permissions                : -rw-r--r--
File Type                       : MP3
File Type Extension             : mp3
MIME Type                       : audio/mpeg
MPEG Audio Version              : 1
Audio Layer                     : 3
Audio Bitrate                   : 64 kbps
Sample Rate                     : 44100
Channel Mode                    : Joint Stereo
MS Stereo                       : On
Intensity Stereo                : Off
Copyright Flag                  : False
Original Media                  : True
Emphasis                        : None
Encoder                         : LAME3.100.n.
ID3 Size                        : 134
Encoder Settings                : LAME 64bits version 3.100 (http://lame.sf.net)
Title                           : 5 4breaks3NOW TECHNO2
Track                           : 5
Duration                        : 0:05:25 (approx)
======== files/aud/old/r&r_003.mp3
ExifTool Version Number         : 13.44
File Name                       : r&r_003.mp3
Directory                       : files/aud/old
File Size                       : 2.2 MB
File Modification Date/Time     : 2026:01:12 11:27:09-06:00
File Access Date/Time           : 2026:01:12 11:27:09-06:00
File Inode Change Date/Time     : 2026:01:12 11:27:20-06:00
File Permissions                : -rw-r--r--
File Type                       : MP3
File Type Extension             : mp3
MIME Type                       : audio/mpeg
MPEG Audio Version              : 1
Audio Layer                     : 3
Audio Bitrate                   : 64 kbps
Sample Rate                     : 44100
Channel Mode                    : Joint Stereo
MS Stereo                       : Off
Intensity Stereo                : Off
Copyright Flag                  : False
Original Media                  : True
Emphasis                        : None
Encoder                         : LAME3.100.n.
ID3 Size                        : 198
Encoder Settings                : LAME 64bits version 3.100 (http://lame.sf.net)
Title                           : 02_TCAIO2421642_DJ Speedsick - Strvngluv Jam_MASTERED
Track                           : 3
Duration                        : 0:04:33 (approx)
======== files/aud/old/r&r_002.mp3
ExifTool Version Number         : 13.44
File Name                       : r&r_002.mp3
Directory                       : files/aud/old
File Size                       : 2.0 MB
File Modification Date/Time     : 2026:01:12 11:27:08-06:00
File Access Date/Time           : 2026:01:12 11:27:42-06:00
File Inode Change Date/Time     : 2026:01:12 11:27:20-06:00
File Permissions                : -rw-r--r--
File Type                       : MP3
File Type Extension             : mp3
MIME Type                       : audio/mpeg
MPEG Audio Version              : 1
Audio Layer                     : 3
Audio Bitrate                   : 64 kbps
Sample Rate                     : 44100
Channel Mode                    : Joint Stereo
MS Stereo                       : On
Intensity Stereo                : Off
Copyright Flag                  : False
Original Media                  : True
Emphasis                        : None
Encoder                         : LAME3.100.n.
ID3 Size                        : 196
Encoder Settings                : LAME 64bits version 3.100 (http://lame.sf.net)
Title                           : 01_TCAIP2421641_DJ Speedsick - Parasympathy_MASTERED
Track                           : 2
Duration                        : 0:04:10 (approx)
======== files/aud/old/a_cut_001.mp3
ExifTool Version Number         : 13.44
File Name                       : a_cut_001.mp3
Directory                       : files/aud/old
File Size                       : 107 kB
File Modification Date/Time     : 2026:01:12 11:27:03-06:00
File Access Date/Time           : 2026:01:12 11:27:03-06:00
File Inode Change Date/Time     : 2026:01:12 11:27:20-06:00
File Permissions                : -rw-r--r--
File Type                       : MP3
File Type Extension             : mp3
MIME Type                       : audio/mpeg
MPEG Audio Version              : 1
Audio Layer                     : 3
Audio Bitrate                   : 64 kbps
Sample Rate                     : 44100
Channel Mode                    : Joint Stereo
MS Stereo                       : On
Intensity Stereo                : Off
Copyright Flag                  : False
Original Media                  : True
Emphasis                        : None
Encoder                         : LAME3.100.n.
ID3 Size                        : 173
Encoder Settings                : LAME 64bits version 3.100 (http://lame.sf.net)
Title                           : FW24_WILLOW_04_SHEARLING_16x9_R6.5_MUSIC
Track                           : 15
Duration                        : 13.37 s (approx)
======== files/aud/old/misc_unreleased_full_001.mp3
ExifTool Version Number         : 13.44
File Name                       : misc_unreleased_full_001.mp3
Directory                       : files/aud/old
File Size                       : 2000 kB
File Modification Date/Time     : 2026:01:12 11:27:05-06:00
File Access Date/Time           : 2026:01:12 11:27:05-06:00
File Inode Change Date/Time     : 2026:01:12 11:27:20-06:00
File Permissions                : -rw-r--r--
File Type                       : MP3
File Type Extension             : mp3
MIME Type                       : audio/mpeg
MPEG Audio Version              : 1
Audio Layer                     : 3
Audio Bitrate                   : 64 kbps
Sample Rate                     : 44100
Channel Mode                    : Joint Stereo
MS Stereo                       : On
Intensity Stereo                : Off
Copyright Flag                  : False
Original Media                  : True
Emphasis                        : None
Encoder                         : LAME3.100.n.
ID3 Size                        : 117
Encoder Settings                : LAME 64bits version 3.100 (http://lame.sf.net)
Title                           : DJALEX LOOP7
Track                           : 10
Duration                        : 0:04:10 (approx)
======== files/aud/old/misc_unreleased_full_003.mp3
ExifTool Version Number         : 13.44
File Name                       : misc_unreleased_full_003.mp3
Directory                       : files/aud/old
File Size                       : 3.1 MB
File Modification Date/Time     : 2026:01:12 11:27:07-06:00
File Access Date/Time           : 2026:01:12 11:27:07-06:00
File Inode Change Date/Time     : 2026:01:12 11:27:20-06:00
File Permissions                : -rw-r--r--
File Type                       : MP3
File Type Extension             : mp3
MIME Type                       : audio/mpeg
MPEG Audio Version              : 1
Audio Layer                     : 3
Audio Bitrate                   : 64 kbps
Sample Rate                     : 44100
Channel Mode                    : Joint Stereo
MS Stereo                       : On
Intensity Stereo                : Off
Copyright Flag                  : False
Original Media                  : True
Emphasis                        : None
Encoder                         : LAME3.100.n.
ID3 Size                        : 116
Encoder Settings                : LAME 64bits version 3.100 (http://lame.sf.net)
Title                           : DJALEX LOOP0
Track                           : 9
Duration                        : 0:06:30 (approx)
======== files/aud/old/a_cut_003.mp3
ExifTool Version Number         : 13.44
File Name                       : a_cut_003.mp3
Directory                       : files/aud/old
File Size                       : 83 kB
File Modification Date/Time     : 2026:01:12 11:27:03-06:00
File Access Date/Time           : 2026:01:12 11:27:03-06:00
File Inode Change Date/Time     : 2026:01:12 11:27:20-06:00
File Permissions                : -rw-r--r--
File Type                       : MP3
File Type Extension             : mp3
MIME Type                       : audio/mpeg
MPEG Audio Version              : 1
Audio Layer                     : 3
Audio Bitrate                   : 64 kbps
Sample Rate                     : 44100
Channel Mode                    : Joint Stereo
MS Stereo                       : On
Intensity Stereo                : Off
Copyright Flag                  : False
Original Media                  : True
Emphasis                        : None
Encoder                         : LAME3.100.n.
ID3 Size                        : 203
Encoder Settings                : LAME 64bits version 3.100 (http://lame.sf.net)
Title                           : FW24_WILLOW_03_DARKSIDE_DENIM_16x9 (inc bag)_R6.5_MUSIC
Track                           : 14
Duration                        : 10.34 s (approx)
======== files/aud/old/cl_sample_001.mp3
ExifTool Version Number         : 13.44
File Name                       : cl_sample_001.mp3
Directory                       : files/aud/old
File Size                       : 826 kB
File Modification Date/Time     : 2026:01:12 11:27:04-06:00
File Access Date/Time           : 2026:01:12 11:27:04-06:00
File Inode Change Date/Time     : 2026:01:12 11:27:20-06:00
File Permissions                : -rw-r--r--
File Type                       : MP3
File Type Extension             : mp3
MIME Type                       : audio/mpeg
MPEG Audio Version              : 1
Audio Layer                     : 3
Audio Bitrate                   : 64 kbps
Sample Rate                     : 44100
Channel Mode                    : Joint Stereo
MS Stereo                       : On
Intensity Stereo                : Off
Copyright Flag                  : False
Original Media                  : True
Emphasis                        : None
Encoder                         : LAME3.100.n.
ID3 Size                        : 124
Encoder Settings                : LAME 64bits version 3.100 (http://lame.sf.net)
Title                           : CAMPER-PRE-DEMO2
Track                           : 7
Duration                        : 0:01:43 (approx)
======== files/aud/old/r&r_001.mp3
ExifTool Version Number         : 13.44
File Name                       : r&r_001.mp3
Directory                       : files/aud/old
File Size                       : 2.2 MB
File Modification Date/Time     : 2026:01:12 11:27:08-06:00
File Access Date/Time           : 2026:01:12 11:27:08-06:00
File Inode Change Date/Time     : 2026:01:12 11:27:20-06:00
File Permissions                : -rw-r--r--
File Type                       : MP3
File Type Extension             : mp3
MIME Type                       : audio/mpeg
MPEG Audio Version              : 1
Audio Layer                     : 3
Audio Bitrate                   : 64 kbps
Sample Rate                     : 44100
Channel Mode                    : Joint Stereo
MS Stereo                       : On
Intensity Stereo                : Off
Copyright Flag                  : False
Original Media                  : True
Emphasis                        : None
Encoder                         : LAME3.100.n.
ID3 Size                        : 198
Encoder Settings                : LAME 64bits version 3.100 (http://lame.sf.net)
Title                           : 03_TCAIO2421647_DJ Speedsick - Suicide Scene_MASTERED
Track                           : 4
Duration                        : 0:04:41 (approx)
======== files/aud/old/a_cut_002.mp3
ExifTool Version Number         : 13.44
File Name                       : a_cut_002.mp3
Directory                       : files/aud/old
File Size                       : 69 kB
File Modification Date/Time     : 2026:01:12 11:27:03-06:00
File Access Date/Time           : 2026:01:12 11:27:03-06:00
File Inode Change Date/Time     : 2026:01:12 11:27:20-06:00
File Permissions                : -rw-r--r--
File Type                       : MP3
File Type Extension             : mp3
MIME Type                       : audio/mpeg
MPEG Audio Version              : 1
Audio Layer                     : 3
Audio Bitrate                   : 64 kbps
Sample Rate                     : 44100
Channel Mode                    : Joint Stereo
MS Stereo                       : On
Intensity Stereo                : Off
Copyright Flag                  : False
Original Media                  : True
Emphasis                        : None
Encoder                         : LAME3.100.n.
ID3 Size                        : 185
Encoder Settings                : LAME 64bits version 3.100 (http://lame.sf.net)
Title                           : FW24_WILLOW_01_TEASER_16x9_R6.5_MUSIC OPT-2_V2
Track                           : 13
Duration                        : 8.54 s (approx)
======== files/aud/old/misc_unreleased_full_002.mp3
ExifTool Version Number         : 13.44
File Name                       : misc_unreleased_full_002.mp3
Directory                       : files/aud/old
File Size                       : 1973 kB
File Modification Date/Time     : 2026:01:12 11:27:06-06:00
File Access Date/Time           : 2026:01:12 11:27:06-06:00
File Inode Change Date/Time     : 2026:01:12 11:27:20-06:00
File Permissions                : -rw-r--r--
File Type                       : MP3
File Type Extension             : mp3
MIME Type                       : audio/mpeg
MPEG Audio Version              : 1
Audio Layer                     : 3
Audio Bitrate                   : 64 kbps
Sample Rate                     : 44100
Channel Mode                    : Joint Stereo
MS Stereo                       : On
Intensity Stereo                : Off
Copyright Flag                  : False
Original Media                  : True
Emphasis                        : None
Encoder                         : LAME3.100.n.
ID3 Size                        : 109
Encoder Settings                : LAME 64bits version 3.100 (http://lame.sf.net)
Title                           : whatever
Track                           : 21
Duration                        : 0:04:07 (approx)
======== files/aud/old/m-audio-001.mp3
ExifTool Version Number         : 13.44
File Name                       : m-audio-001.mp3
Directory                       : files/aud/old
File Size                       : 243 kB
File Modification Date/Time     : 2026:01:12 11:27:03-06:00
File Access Date/Time           : 2026:01:12 11:27:03-06:00
File Inode Change Date/Time     : 2026:01:12 11:27:20-06:00
File Permissions                : -rw-r--r--
File Type                       : MP3
File Type Extension             : mp3
MIME Type                       : audio/mpeg
MPEG Audio Version              : 1
Audio Layer                     : 3
Audio Bitrate                   : 64 kbps
Sample Rate                     : 44100
Channel Mode                    : Joint Stereo
MS Stereo                       : On
Intensity Stereo                : Off
Copyright Flag                  : False
Original Media                  : True
Emphasis                        : None
Encoder                         : LAME3.100.n.
ID3 Size                        : 108
Encoder Settings                : LAME 64bits version 3.100 (http://lame.sf.net)
Title                           : 0-MASTER
Track                           : 1
Duration                        : 0:00:30 (approx)
======== files/aud/old/m-audio-002.mp3
ExifTool Version Number         : 13.44
File Name                       : m-audio-002.mp3
Directory                       : files/aud/old
File Size                       : 285 kB
File Modification Date/Time     : 2026:01:12 11:27:03-06:00
File Access Date/Time           : 2026:01:12 11:27:03-06:00
File Inode Change Date/Time     : 2026:01:12 11:27:20-06:00
File Permissions                : -rw-r--r--
File Type                       : MP3
File Type Extension             : mp3
MIME Type                       : audio/mpeg
MPEG Audio Version              : 1
Audio Layer                     : 3
Audio Bitrate                   : 64 kbps
Sample Rate                     : 44100
Channel Mode                    : Joint Stereo
MS Stereo                       : On
Intensity Stereo                : Off
Copyright Flag                  : False
Original Media                  : True
Emphasis                        : None
Encoder                         : LAME3.100.n.
ID3 Size                        : 107
Encoder Settings                : LAME 64bits version 3.100 (http://lame.sf.net)
Title                           : FROZEN2
Track                           : 12
Duration                        : 0:00:36 (approx)
======== files/aud/old/m-audio-003.mp3
ExifTool Version Number         : 13.44
File Name                       : m-audio-003.mp3
Directory                       : files/aud/old
File Size                       : 231 kB
File Modification Date/Time     : 2026:01:12 11:27:03-06:00
File Access Date/Time           : 2026:01:12 11:27:03-06:00
File Inode Change Date/Time     : 2026:01:12 11:27:20-06:00
File Permissions                : -rw-r--r--
File Type                       : MP3
File Type Extension             : mp3
MIME Type                       : audio/mpeg
MPEG Audio Version              : 1
Audio Layer                     : 3
Audio Bitrate                   : 64 kbps
Sample Rate                     : 44100
Channel Mode                    : Joint Stereo
MS Stereo                       : On
Intensity Stereo                : Off
Copyright Flag                  : False
Original Media                  : True
Emphasis                        : None
Encoder                         : LAME3.100.n.
ID3 Size                        : 104
Encoder Settings                : LAME 64bits version 3.100 (http://lame.sf.net)
Title                           : ANGEL2
Track                           : 6
Duration                        : 28.87 s (approx)
======== files/aud/old/m-audio-006.mp3
ExifTool Version Number         : 13.44
File Name                       : m-audio-006.mp3
Directory                       : files/aud/old
File Size                       : 421 kB
File Modification Date/Time     : 2026:01:12 11:27:04-06:00
File Access Date/Time           : 2026:01:12 11:27:04-06:00
File Inode Change Date/Time     : 2026:01:12 11:27:20-06:00
File Permissions                : -rw-r--r--
File Type                       : MP3
File Type Extension             : mp3
MIME Type                       : audio/mpeg
MPEG Audio Version              : 1
Audio Layer                     : 3
Audio Bitrate                   : 64 kbps
Sample Rate                     : 44100
Channel Mode                    : Joint Stereo
MS Stereo                       : On
Intensity Stereo                : Off
Copyright Flag                  : False
Original Media                  : True
Emphasis                        : None
Encoder                         : LAME3.100.n.
ID3 Size                        : 131
Encoder Settings                : LAME 64bits version 3.100 (http://lame.sf.net)
Title                           : TEARDROP_ANGEL OPT1
Track                           : 20
Duration                        : 0:00:53 (approx)
======== files/aud/old/m-audio-004.mp3
ExifTool Version Number         : 13.44
File Name                       : m-audio-004.mp3
Directory                       : files/aud/old
File Size                       : 288 kB
File Modification Date/Time     : 2026:01:12 11:27:03-06:00
File Access Date/Time           : 2026:01:12 11:27:03-06:00
File Inode Change Date/Time     : 2026:01:12 11:27:20-06:00
File Permissions                : -rw-r--r--
File Type                       : MP3
File Type Extension             : mp3
MIME Type                       : audio/mpeg
MPEG Audio Version              : 1
Audio Layer                     : 3
Audio Bitrate                   : 64 kbps
Sample Rate                     : 44100
Channel Mode                    : Joint Stereo
MS Stereo                       : On
Intensity Stereo                : Off
Copyright Flag                  : False
Original Media                  : True
Emphasis                        : None
Encoder                         : LAME3.100.n.
ID3 Size                        : 117
Encoder Settings                : LAME 64bits version 3.100 (http://lame.sf.net)
Title                           : FROZEN OPT 1
Track                           : 11
Duration                        : 0:00:36 (approx)
======== files/aud/old/m-audio-005.mp3
ExifTool Version Number         : 13.44
File Name                       : m-audio-005.mp3
Directory                       : files/aud/old
File Size                       : 285 kB
File Modification Date/Time     : 2026:01:12 11:27:04-06:00
File Access Date/Time           : 2026:01:12 11:27:04-06:00
File Inode Change Date/Time     : 2026:01:12 11:27:20-06:00
File Permissions                : -rw-r--r--
File Type                       : MP3
File Type Extension             : mp3
MIME Type                       : audio/mpeg
MPEG Audio Version              : 1
Audio Layer                     : 3
Audio Bitrate                   : 64 kbps
Sample Rate                     : 44100
Channel Mode                    : Joint Stereo
MS Stereo                       : On
Intensity Stereo                : Off
Copyright Flag                  : False
Original Media                  : True
Emphasis                        : None
Encoder                         : LAME3.100.n.
ID3 Size                        : 125
Encoder Settings                : LAME 64bits version 3.100 (http://lame.sf.net)
Title                           : MARGIELA V2.0(1)
Track                           : 18
Duration                        : 0:00:36 (approx)
    1 directories scanned
   19 image files read
