======== files/img/me.jpg
ExifTool Version Number         : 13.44
File Name                       : me.jpg
Directory                       : files/img
File Size                       : 328 kB
File Modification Date/Time     : 2026:01:10 09:41:03-06:00
File Access Date/Time           : 2026:01:12 11:26:19-06:00
File Inode Change Date/Time     : 2026:01:12 11:25:42-06:00
File Permissions                : -rw-r--r--
File Type                       : JPEG
File Type Extension             : jpg
MIME Type                       : image/jpeg
Exif Byte Order                 : Big-endian (Motorola, MM)
Make                            : Apple
Camera Model Name               : iPhone 7
Orientation                     : Horizontal (normal)
X Resolution                    : 72
Y Resolution                    : 72
Resolution Unit                 : inches
Software                        : 11.4.1
Modify Date                     : 2019:03:22 23:56:59
Tile Width                      : 512
Tile Length                     : 512
Y Cb Cr Positioning             : Centered
Exposure Time                   : 1/20
F Number                        : 2.2
Exposure Program                : Program AE
ISO                             : 320
Exif Version                    : 0221
Date/Time Original              : 2019:03:22 23:56:59
Create Date                     : 2019:03:22 23:56:59
Components Configuration        : Y, Cb, Cr, -
Shutter Speed Value             : 1/20
Aperture Value                  : 2.2
Brightness Value                : -1.090907851
Exposure Compensation           : 0
Metering Mode                   : Multi-segment
Flash                           : Auto, Fired
Focal Length                    : 2.9 mm
Maker Note Version              : 9
Run Time Flags                  : Valid
Run Time Value                  : 146652165771583
Run Time Scale                  : 1000000000
Run Time Epoch                  : 0
AE Stable                       : No
AE Target                       : 116
AE Average                      : 61
AF Stable                       : Yes
Acceleration Vector             : 0.07708645611 -0.9696753628 -0.2156452239
Image Capture Type              : Portrait
Live Photo Video Index          : 0
Photos App Feature Flags        : 0
Sub Sec Time Original           : 175
Sub Sec Time Digitized          : 175
Flashpix Version                : 0100
Color Space                     : Uncalibrated
Exif Image Width                : 3088
Exif Image Height               : 2320
Sensing Method                  : One-chip color area
Scene Type                      : Directly photographed
Exposure Mode                   : Auto
White Balance                   : Auto
Focal Length In 35mm Format     : 32 mm
Scene Capture Type              : Standard
Lens Info                       : 2.869999885mm f/2.2
Lens Make                       : Apple
Lens Model                      : iPhone 7 front camera 2.87mm f/2.2
GPS Latitude Ref                : North
GPS Longitude Ref               : West
GPS Altitude Ref                : Above Sea Level
GPS Time Stamp                  : 04:56:57
GPS Speed Ref                   : km/h
GPS Speed                       : 0.03118663706
GPS Img Direction Ref           : True North
GPS Img Direction               : 196.1258278
GPS Dest Bearing Ref            : True North
GPS Dest Bearing                : 16.1258427
GPS Date Stamp                  : 2019:03:23
GPS Horizontal Positioning Error: 16 m
XMP Toolkit                     : XMP Core 6.0.0
Creator Tool                    : 11.4.1
Date Created                    : 2019:03:22 23:56:59.175
Region Type                     : Face
Region Area Y                   : 0.63800000000000001
Region Area W                   : 0.26899999999999996
Region Area X                   : 0.59150000000000003
Region Area H                   : 0.36199999999999993
Region Area Unit                : normalized
Region Extensions Angle Info Yaw: 0
Region Extensions Angle Info Roll: 270
Region Extensions Confidence Level: 330
Region Extensions Time Stamp    : 3519649578563
Region Extensions Face ID       : 1
Region Applied To Dimensions H  : 2320
Region Applied To Dimensions W  : 3088
Region Applied To Dimensions Unit: pixel
Profile CMM Type                : Apple Computer Inc.
Profile Version                 : 4.0.0
Profile Class                   : Display Device Profile
Color Space Data                : RGB
Profile Connection Space        : XYZ
Profile Date Time               : 2022:01:01 00:00:00
Profile File Signature          : acsp
Primary Platform                : Apple Computer Inc.
CMM Flags                       : Not Embedded, Independent
Device Manufacturer             : Apple Computer Inc.
Device Model                    : 
Device Attributes               : Reflective, Glossy, Positive, Color
Rendering Intent                : Perceptual
Connection Space Illuminant     : 0.9642 1 0.82491
Profile Creator                 : Apple Computer Inc.
Profile ID                      : 0
Profile Description             : Display P3
Profile Copyright               : Copyright Apple Inc., 2022
Media White Point               : 0.96419 1 0.82489
Red Matrix Column               : 0.51512 0.2412 -0.00105
Green Matrix Column             : 0.29198 0.69225 0.04189
Blue Matrix Column              : 0.1571 0.06657 0.78407
Red Tone Reproduction Curve     : (Binary data 32 bytes, use -b option to extract)
Chromatic Adaptation            : 1.04788 0.02292 -0.0502 0.02959 0.99048 -0.01706 -0.00923 0.01508 0.75168
Blue Tone Reproduction Curve    : (Binary data 32 bytes, use -b option to extract)
Green Tone Reproduction Curve   : (Binary data 32 bytes, use -b option to extract)
Image Width                     : 1160
Image Height                    : 1544
Encoding Process                : Baseline DCT, Huffman coding
Bits Per Sample                 : 8
Color Components                : 3
Y Cb Cr Sub Sampling            : YCbCr4:2:0 (2 2)
Run Time Since Power Up         : 1 days 16:44:12
Aperture                        : 2.2
Image Size                      : 1160x1544
Megapixels                      : 1.8
Scale Factor To 35 mm Equivalent: 11.1
Shutter Speed                   : 1/20
Create Date                     : 2019:03:22 23:56:59.175
Date/Time Original              : 2019:03:22 23:56:59.175
GPS Altitude                    : 318.3 m Above Sea Level
GPS Date/Time                   : 2019:03:23 04:56:57Z
GPS Latitude                    : 43 deg 2' 47.56" N
GPS Longitude                   : 89 deg 29' 7.51" W
Circle Of Confusion             : 0.003 mm
Field Of View                   : 58.7 deg
Focal Length                    : 2.9 mm (35 mm equivalent: 32.0 mm)
GPS Position                    : 43 deg 2' 47.56" N, 89 deg 29' 7.51" W
Hyperfocal Distance             : 1.39 m
Light Value                     : 4.9
Lens ID                         : iPhone 7 front camera 2.87mm f/2.2
======== files/img/unix666-17.jpg
ExifTool Version Number         : 13.44
File Name                       : unix666-17.jpg
Directory                       : files/img
File Size                       : 23 kB
File Modification Date/Time     : 2025:11:09 21:57:54-06:00
File Access Date/Time           : 2026:01:12 11:26:19-06:00
File Inode Change Date/Time     : 2026:01:12 11:25:42-06:00
File Permissions                : -rw-------
File Type                       : JPEG
File Type Extension             : jpg
MIME Type                       : image/jpeg
Exif Byte Order                 : Big-endian (Motorola, MM)
Orientation                     : Horizontal (normal)
X Resolution                    : 72
Y Resolution                    : 72
Resolution Unit                 : inches
Y Cb Cr Positioning             : Centered
Exif Version                    : 0221
Components Configuration        : Y, Cb, Cr, -
Flashpix Version                : 0100
Color Space                     : sRGB
Exif Image Width                : 250
Exif Image Height               : 220
Scene Capture Type              : Standard
Image Width                     : 250
Image Height                    : 220
Encoding Process                : Baseline DCT, Huffman coding
Bits Per Sample                 : 8
Color Components                : 3
Y Cb Cr Sub Sampling            : YCbCr4:2:0 (2 2)
Image Size                      : 250x220
Megapixels                      : 0.055
======== files/img/unix666-16.jpg
ExifTool Version Number         : 13.44
File Name                       : unix666-16.jpg
Directory                       : files/img
File Size                       : 30 kB
File Modification Date/Time     : 2025:11:09 21:57:54-06:00
File Access Date/Time           : 2026:01:12 11:26:19-06:00
File Inode Change Date/Time     : 2026:01:12 11:25:42-06:00
File Permissions                : -rw-------
File Type                       : JPEG
File Type Extension             : jpg
MIME Type                       : image/jpeg
Exif Byte Order                 : Big-endian (Motorola, MM)
Orientation                     : Horizontal (normal)
X Resolution                    : 72
Y Resolution                    : 72
Resolution Unit                 : inches
Y Cb Cr Positioning             : Centered
Exif Version                    : 0210
Components Configuration        : Y, Cb, Cr, -
Flashpix Version                : 0100
Color Space                     : Uncalibrated
Exif Image Width                : 599
Exif Image Height               : 531
Scene Capture Type              : Standard
Image Width                     : 250
Image Height                    : 220
Encoding Process                : Baseline DCT, Huffman coding
Bits Per Sample                 : 8
Color Components                : 3
Y Cb Cr Sub Sampling            : YCbCr4:2:0 (2 2)
Image Size                      : 250x220
Megapixels                      : 0.055
======== files/img/unix666-14.jpg
ExifTool Version Number         : 13.44
File Name                       : unix666-14.jpg
Directory                       : files/img
File Size                       : 29 kB
File Modification Date/Time     : 2025:11:09 21:57:54-06:00
File Access Date/Time           : 2026:01:12 11:26:19-06:00
File Inode Change Date/Time     : 2026:01:12 11:25:42-06:00
File Permissions                : -rw-------
File Type                       : JPEG
File Type Extension             : jpg
MIME Type                       : image/jpeg
Exif Byte Order                 : Big-endian (Motorola, MM)
Orientation                     : Horizontal (normal)
X Resolution                    : 72
Y Resolution                    : 72
Resolution Unit                 : inches
Y Cb Cr Positioning             : Centered
Exif Version                    : 0221
Components Configuration        : Y, Cb, Cr, -
Flashpix Version                : 0100
Color Space                     : sRGB
Exif Image Width                : 599
Exif Image Height               : 523
Scene Capture Type              : Standard
Image Width                     : 250
Image Height                    : 220
Encoding Process                : Baseline DCT, Huffman coding
Bits Per Sample                 : 8
Color Components                : 3
Y Cb Cr Sub Sampling            : YCbCr4:2:0 (2 2)
Image Size                      : 250x220
Megapixels                      : 0.055
======== files/img/preview.png
ExifTool Version Number         : 13.44
File Name                       : preview.png
Directory                       : files/img
File Size                       : 792 kB
File Modification Date/Time     : 2025:08:17 22:50:25-05:00
File Access Date/Time           : 2026:01:12 11:26:19-06:00
File Inode Change Date/Time     : 2026:01:12 11:25:42-06:00
File Permissions                : -rw-r--r--
File Type                       : PNG
File Type Extension             : png
MIME Type                       : image/png
Image Width                     : 1008
Image Height                    : 1008
Bit Depth                       : 8
Color Type                      : RGB
Compression                     : Deflate/Inflate
Filter                          : Adaptive
Interlace                       : Noninterlaced
Pixels Per Unit X               : 2835
Pixels Per Unit Y               : 2835
Pixel Units                     : meters
XMP Toolkit                     : Adobe XMP Core 9.1-c001 79.1462899777, 2023/06/25-23:57:14
Creator Tool                    : Adobe Photoshop 25.3 (Macintosh)
Create Date                     : 2024:06:20 13:30:46-05:00
Modify Date                     : 2024:11:17 03:06:24-06:00
Metadata Date                   : 2024:11:17 03:06:24-06:00
Instance ID                     : xmp.iid:ce5b9643-f71b-4bd6-878f-d97c2aeac7f8
Document ID                     : adobe:docid:photoshop:c2d37b74-20dd-3f47-bfac-6d60ccdb2888
Original Document ID            : xmp.did:FB1189B7DE8E11EE92ABCEDCC9D447D7
Format                          : image/png
Color Mode                      : RGB
Derived From Instance ID        : xmp.iid:78DEFB09DD5211EE92ABCEDCC9D447D7
Derived From Document ID        : xmp.did:78DEFB0ADD5211EE92ABCEDCC9D447D7
History Action                  : saved, saved
History Instance ID             : xmp.iid:dda51ce0-7335-423f-8ac3-0705a8d10325, xmp.iid:ce5b9643-f71b-4bd6-878f-d97c2aeac7f8
History When                    : 2024:11:17 03:06:24-06:00, 2024:11:17 03:06:24-06:00
History Software Agent          : Adobe Photoshop 25.3 (Macintosh), Adobe Photoshop 25.3 (Macintosh)
History Changed                 : /, /
Image Size                      : 1008x1008
Megapixels                      : 1.0
======== files/img/index.png
ExifTool Version Number         : 13.44
File Name                       : index.png
Directory                       : files/img
File Size                       : 16 kB
File Modification Date/Time     : 2025:09:15 03:55:40-05:00
File Access Date/Time           : 2026:01:12 11:24:02-06:00
File Inode Change Date/Time     : 2026:01:12 11:24:01-06:00
File Permissions                : -rw-r--r--
File Type                       : PNG
File Type Extension             : png
MIME Type                       : image/png
Image Width                     : 1497
Image Height                    : 338
Bit Depth                       : 8
Color Type                      : Grayscale with Alpha
Compression                     : Deflate/Inflate
Filter                          : Adaptive
Interlace                       : Noninterlaced
Pixels Per Unit X               : 7874
Pixels Per Unit Y               : 7874
Pixel Units                     : meters
XMP Toolkit                     : Adobe XMP Core 9.1-c001 79.1462899777, 2023/06/25-23:57:14
Creator Tool                    : Adobe Photoshop 25.3 (Macintosh)
Create Date                     : 2025:01:01 19:41:25-06:00
Modify Date                     : 2025:08:15 06:28:05-05:00
Metadata Date                   : 2025:08:15 06:28:05-05:00
Format                          : image/png
Color Mode                      : Grayscale
Instance ID                     : xmp.iid:65787b4f-8160-4666-a9bc-49cd4aacfa5c
Document ID                     : adobe:docid:photoshop:5e41c935-a8f5-024b-8ca2-df4e8f6a74d2
Original Document ID            : xmp.did:7d207ae9-ead9-4cab-a340-57e155bdd2d7
Orientation                     : Horizontal (normal)
Y Cb Cr Positioning             : Centered
X Resolution                    : 200
Y Resolution                    : 200
Resolution Unit                 : inches
Camera Model Name               : HP Deskjet F4400 series
Exif Version                    : 0221
Flashpix Version                : 0100
Color Space                     : sRGB
Exif Image Width                : 1699
Exif Image Height               : 2200
Scene Capture Type              : Standard
History Action                  : created, converted, saved, saved
History Instance ID             : xmp.iid:7d207ae9-ead9-4cab-a340-57e155bdd2d7, xmp.iid:ad11a68f-de74-4769-b137-b5d7052ffe1a, xmp.iid:65787b4f-8160-4666-a9bc-49cd4aacfa5c
History When                    : 2025:01:01 19:41:25-06:00, 2025:01:01 19:42:59-06:00, 2025:08:15 06:28:05-05:00
History Software Agent          : Adobe Photoshop 25.3 (Macintosh), Adobe Photoshop 25.3 (Macintosh), Adobe Photoshop 25.3 (Macintosh)
History Parameters              : from image/jpeg to image/png
History Changed                 : /, /
Components Configuration        : Y, Cb, Cr, -
Image Size                      : 1497x338
Megapixels                      : 0.506
======== files/img/unix66605.jpg
ExifTool Version Number         : 13.44
File Name                       : unix66605.jpg
Directory                       : files/img
File Size                       : 47 kB
File Modification Date/Time     : 2025:08:17 22:50:25-05:00
File Access Date/Time           : 2026:01:12 11:26:19-06:00
File Inode Change Date/Time     : 2026:01:12 11:25:42-06:00
File Permissions                : -rw-r--r--
File Type                       : JPEG
File Type Extension             : jpg
MIME Type                       : image/jpeg
Exif Byte Order                 : Big-endian (Motorola, MM)
Make                            : HP
Camera Model Name               : Deskjet F4400 series
Orientation                     : Horizontal (normal)
X Resolution                    : 72
Y Resolution                    : 72
Resolution Unit                 : inches
Software                        : Adobe Photoshop 25.3 (Macintosh)
Modify Date                     : 2024:11:16 23:05:24
Host Computer                   : Apple Mac OS X
Color Space                     : sRGB
Exif Image Width                : 144
Exif Image Height               : 129
Compression                     : JPEG (old-style)
Thumbnail Offset                : 390
Thumbnail Length                : 6480
Current IPTC Digest             : cdcffa7da8c7be09057076aeaf05c34e
Coded Character Set             : UTF8
Application Record Version      : 0
IPTC Digest                     : cdcffa7da8c7be09057076aeaf05c34e
Displayed Units X               : inches
Displayed Units Y               : inches
Print Style                     : Centered
Print Position                  : 0 0
Print Scale                     : 1
Global Angle                    : 30
Global Altitude                 : 30
URL List                        : 
Slices Group Name               : unix666-05a
Num Slices                      : 1
Pixel Aspect Ratio              : 1
Photoshop Thumbnail             : (Binary data 6480 bytes, use -b option to extract)
Has Real Merged Data            : Yes
Writer Name                     : Adobe Photoshop
Reader Name                     : Adobe Photoshop 2024
Photoshop Quality               : 12
Photoshop Format                : Standard
XMP Toolkit                     : Adobe XMP Core 9.1-c001 79.1462899777, 2023/06/25-23:57:14
Creator Tool                    : Adobe Photoshop 25.3 (Macintosh)
Create Date                     : 2024:08:25 04:18:24-05:00
Metadata Date                   : 2024:11:16 23:05:24-06:00
Format                          : image/jpeg
Color Mode                      : RGB
ICC Profile Name                : sRGB IEC61966-2.1
Instance ID                     : xmp.iid:3f477968-2214-48b5-bd01-71df5b8f19ee
Document ID                     : adobe:docid:photoshop:87b32ec5-6b05-ea4b-b742-826f5cecd3f1
Original Document ID            : xmp.did:815c8da2-a718-494f-9c6c-d53d0e74206d
History Action                  : saved, saved
History Instance ID             : xmp.iid:815c8da2-a718-494f-9c6c-d53d0e74206d, xmp.iid:3f477968-2214-48b5-bd01-71df5b8f19ee
History When                    : 2024:11:16 23:05:24-06:00, 2024:11:16 23:05:24-06:00
History Software Agent          : Adobe Photoshop 25.3 (Macintosh), Adobe Photoshop 25.3 (Macintosh)
History Changed                 : /, /
Profile CMM Type                : Linotronic
Profile Version                 : 2.1.0
Profile Class                   : Display Device Profile
Color Space Data                : RGB
Profile Connection Space        : XYZ
Profile Date Time               : 1998:02:09 06:49:00
Profile File Signature          : acsp
Primary Platform                : Microsoft Corporation
CMM Flags                       : Not Embedded, Independent
Device Manufacturer             : Hewlett-Packard
Device Model                    : sRGB
Device Attributes               : Reflective, Glossy, Positive, Color
Rendering Intent                : Perceptual
Connection Space Illuminant     : 0.9642 1 0.82491
Profile Creator                 : Hewlett-Packard
Profile ID                      : 0
Profile Copyright               : Copyright (c) 1998 Hewlett-Packard Company
Profile Description             : sRGB IEC61966-2.1
Media White Point               : 0.95045 1 1.08905
Media Black Point               : 0 0 0
Red Matrix Column               : 0.43607 0.22249 0.01392
Green Matrix Column             : 0.38515 0.71687 0.09708
Blue Matrix Column              : 0.14307 0.06061 0.7141
Device Mfg Desc                 : IEC http://www.iec.ch
Device Model Desc               : IEC 61966-2.1 Default RGB colour space - sRGB
Viewing Cond Desc               : Reference Viewing Condition in IEC61966-2.1
Viewing Cond Illuminant         : 19.6445 20.3718 16.8089
Viewing Cond Surround           : 3.92889 4.07439 3.36179
Viewing Cond Illuminant Type    : D50
Luminance                       : 76.03647 80 87.12462
Measurement Observer            : CIE 1931
Measurement Backing             : 0 0 0
Measurement Geometry            : Unknown
Measurement Flare               : 0.999%
Measurement Illuminant          : D65
Technology                      : Cathode Ray Tube Display
Red Tone Reproduction Curve     : (Binary data 2060 bytes, use -b option to extract)
Green Tone Reproduction Curve   : (Binary data 2060 bytes, use -b option to extract)
Blue Tone Reproduction Curve    : (Binary data 2060 bytes, use -b option to extract)
DCT Encode Version              : 100
APP14 Flags 0                   : [14]
APP14 Flags 1                   : (none)
Color Transform                 : YCbCr
Image Width                     : 144
Image Height                    : 129
Encoding Process                : Baseline DCT, Huffman coding
Bits Per Sample                 : 8
Color Components                : 3
Y Cb Cr Sub Sampling            : YCbCr4:4:4 (1 1)
Image Size                      : 144x129
Megapixels                      : 0.019
Thumbnail Image                 : (Binary data 6480 bytes, use -b option to extract)
======== files/img/unix66606.jpeg
ExifTool Version Number         : 13.44
File Name                       : unix66606.jpeg
Directory                       : files/img
File Size                       : 34 kB
File Modification Date/Time     : 2025:08:17 22:50:25-05:00
File Access Date/Time           : 2026:01:12 11:26:19-06:00
File Inode Change Date/Time     : 2026:01:12 11:25:42-06:00
File Permissions                : -rw-r--r--
File Type                       : JPEG
File Type Extension             : jpg
MIME Type                       : image/jpeg
Exif Byte Order                 : Big-endian (Motorola, MM)
Make                            : HP
Camera Model Name               : Deskjet F4400 series
Orientation                     : Horizontal (normal)
X Resolution                    : 72
Y Resolution                    : 72
Resolution Unit                 : inches
Software                        : Adobe Photoshop 25.3 (Macintosh)
Modify Date                     : 2024:11:16 05:22:09
Host Computer                   : Apple Mac OS X
Color Space                     : sRGB
Exif Image Width                : 144
Exif Image Height               : 125
Compression                     : JPEG (old-style)
Thumbnail Offset                : 390
Thumbnail Length                : 3843
IPTC Digest                     : 00000000000000000000000000000000
Displayed Units X               : inches
Displayed Units Y               : inches
Print Style                     : Centered
Print Position                  : 0 0
Print Scale                     : 1
Global Angle                    : 30
Global Altitude                 : 30
URL List                        : 
Slices Group Name               : unix66606
Num Slices                      : 1
Pixel Aspect Ratio              : 1
Photoshop Thumbnail             : (Binary data 3843 bytes, use -b option to extract)
Has Real Merged Data            : Yes
Writer Name                     : Adobe Photoshop
Reader Name                     : Adobe Photoshop 2024
Photoshop Quality               : 12
Photoshop Format                : Standard
XMP Toolkit                     : Adobe XMP Core 9.1-c001 79.1462899777, 2023/06/25-23:57:14
Creator Tool                    : Adobe Photoshop 25.3 (Macintosh)
Create Date                     : 2024:09:24 11:05:15-05:00
Metadata Date                   : 2024:11:16 05:22:08-06:00
Format                          : image/jpeg
Color Mode                      : RGB
ICC Profile Name                : sRGB IEC61966-2.1
Instance ID                     : xmp.iid:f2713928-9139-4d99-9c7d-7ffeeb3d0b93
Document ID                     : xmp.did:f2713928-9139-4d99-9c7d-7ffeeb3d0b93
Original Document ID            : xmp.did:f2713928-9139-4d99-9c7d-7ffeeb3d0b93
History Action                  : created
History Instance ID             : xmp.iid:f2713928-9139-4d99-9c7d-7ffeeb3d0b93
History When                    : 2024:09:24 11:05:15-05:00
History Software Agent          : Adobe Photoshop 25.3 (Macintosh)
Profile CMM Type                : Linotronic
Profile Version                 : 2.1.0
Profile Class                   : Display Device Profile
Color Space Data                : RGB
Profile Connection Space        : XYZ
Profile Date Time               : 1998:02:09 06:49:00
Profile File Signature          : acsp
Primary Platform                : Microsoft Corporation
CMM Flags                       : Not Embedded, Independent
Device Manufacturer             : Hewlett-Packard
Device Model                    : sRGB
Device Attributes               : Reflective, Glossy, Positive, Color
Rendering Intent                : Perceptual
Connection Space Illuminant     : 0.9642 1 0.82491
Profile Creator                 : Hewlett-Packard
Profile ID                      : 0
Profile Copyright               : Copyright (c) 1998 Hewlett-Packard Company
Profile Description             : sRGB IEC61966-2.1
Media White Point               : 0.95045 1 1.08905
Media Black Point               : 0 0 0
Red Matrix Column               : 0.43607 0.22249 0.01392
Green Matrix Column             : 0.38515 0.71687 0.09708
Blue Matrix Column              : 0.14307 0.06061 0.7141
Device Mfg Desc                 : IEC http://www.iec.ch
Device Model Desc               : IEC 61966-2.1 Default RGB colour space - sRGB
Viewing Cond Desc               : Reference Viewing Condition in IEC61966-2.1
Viewing Cond Illuminant         : 19.6445 20.3718 16.8089
Viewing Cond Surround           : 3.92889 4.07439 3.36179
Viewing Cond Illuminant Type    : D50
Luminance                       : 76.03647 80 87.12462
Measurement Observer            : CIE 1931
Measurement Backing             : 0 0 0
Measurement Geometry            : Unknown
Measurement Flare               : 0.999%
Measurement Illuminant          : D65
Technology                      : Cathode Ray Tube Display
Red Tone Reproduction Curve     : (Binary data 2060 bytes, use -b option to extract)
Green Tone Reproduction Curve   : (Binary data 2060 bytes, use -b option to extract)
Blue Tone Reproduction Curve    : (Binary data 2060 bytes, use -b option to extract)
DCT Encode Version              : 100
APP14 Flags 0                   : [14]
APP14 Flags 1                   : (none)
Color Transform                 : YCbCr
Image Width                     : 144
Image Height                    : 125
Encoding Process                : Baseline DCT, Huffman coding
Bits Per Sample                 : 8
Color Components                : 3
Y Cb Cr Sub Sampling            : YCbCr4:4:4 (1 1)
Image Size                      : 144x125
Megapixels                      : 0.018
Thumbnail Image                 : (Binary data 3843 bytes, use -b option to extract)
======== files/img/unix666-12.jpg
ExifTool Version Number         : 13.44
File Name                       : unix666-12.jpg
Directory                       : files/img
File Size                       : 27 kB
File Modification Date/Time     : 2025:11:09 21:57:54-06:00
File Access Date/Time           : 2026:01:12 11:26:19-06:00
File Inode Change Date/Time     : 2026:01:12 11:25:42-06:00
File Permissions                : -rw-------
File Type                       : JPEG
File Type Extension             : jpg
MIME Type                       : image/jpeg
Exif Byte Order                 : Big-endian (Motorola, MM)
Orientation                     : Horizontal (normal)
X Resolution                    : 72
Y Resolution                    : 72
Resolution Unit                 : inches
Y Cb Cr Positioning             : Centered
Exif Version                    : 0221
Components Configuration        : Y, Cb, Cr, -
Flashpix Version                : 0100
Color Space                     : sRGB
Exif Image Width                : 600
Exif Image Height               : 529
Scene Capture Type              : Standard
Image Width                     : 250
Image Height                    : 220
Encoding Process                : Baseline DCT, Huffman coding
Bits Per Sample                 : 8
Color Components                : 3
Y Cb Cr Sub Sampling            : YCbCr4:2:0 (2 2)
Image Size                      : 250x220
Megapixels                      : 0.055
======== files/img/unix666-13.jpg
ExifTool Version Number         : 13.44
File Name                       : unix666-13.jpg
Directory                       : files/img
File Size                       : 20 kB
File Modification Date/Time     : 2025:11:09 21:57:54-06:00
File Access Date/Time           : 2026:01:12 11:26:19-06:00
File Inode Change Date/Time     : 2026:01:12 11:25:42-06:00
File Permissions                : -rw-------
File Type                       : JPEG
File Type Extension             : jpg
MIME Type                       : image/jpeg
Exif Byte Order                 : Big-endian (Motorola, MM)
Orientation                     : Horizontal (normal)
X Resolution                    : 72
Y Resolution                    : 72
Resolution Unit                 : inches
Y Cb Cr Positioning             : Centered
Exif Version                    : 0210
Components Configuration        : Y, Cb, Cr, -
Flashpix Version                : 0100
Color Space                     : Uncalibrated
Exif Image Width                : 600
Exif Image Height               : 523
Scene Capture Type              : Standard
Image Width                     : 250
Image Height                    : 220
Encoding Process                : Baseline DCT, Huffman coding
Bits Per Sample                 : 8
Color Components                : 3
Y Cb Cr Sub Sampling            : YCbCr4:2:0 (2 2)
Image Size                      : 250x220
Megapixels                      : 0.055
======== files/img/escbannerclick.png
ExifTool Version Number         : 13.44
File Name                       : escbannerclick.png
Directory                       : files/img
File Size                       : 581 kB
File Modification Date/Time     : 2026:01:08 08:45:03-06:00
File Access Date/Time           : 2026:01:12 11:25:42-06:00
File Inode Change Date/Time     : 2026:01:12 11:25:42-06:00
File Permissions                : -rw-r--r--
File Type                       : PNG
File Type Extension             : png
MIME Type                       : image/png
Image Width                     : 5228
Image Height                    : 664
Bit Depth                       : 8
Color Type                      : RGB with Alpha
Compression                     : Deflate/Inflate
Filter                          : Adaptive
Interlace                       : Noninterlaced
Gamma                           : 2.2
Profile Name                    : sRGB IEC61966-2.1
Profile CMM Type                : Linotronic
Profile Version                 : 2.1.0
Profile Class                   : Display Device Profile
Color Space Data                : RGB
Profile Connection Space        : XYZ
Profile Date Time               : 1998:02:09 06:49:00
Profile File Signature          : acsp
Primary Platform                : Microsoft Corporation
CMM Flags                       : Not Embedded, Independent
Device Manufacturer             : Hewlett-Packard
Device Model                    : sRGB
Device Attributes               : Reflective, Glossy, Positive, Color
Rendering Intent                : Media-Relative Colorimetric
Connection Space Illuminant     : 0.9642 1 0.82491
Profile Creator                 : Hewlett-Packard
Profile ID                      : 0
Profile Copyright               : Copyright (c) 1998 Hewlett-Packard Company
Profile Description             : sRGB IEC61966-2.1
Media White Point               : 0.95045 1 1.08905
Media Black Point               : 0 0 0
Red Matrix Column               : 0.43607 0.22249 0.01392
Green Matrix Column             : 0.38515 0.71687 0.09708
Blue Matrix Column              : 0.14307 0.06061 0.7141
Device Mfg Desc                 : IEC http://www.iec.ch
Device Model Desc               : IEC 61966-2.1 Default RGB colour space - sRGB
Viewing Cond Desc               : Reference Viewing Condition in IEC61966-2.1
Viewing Cond Illuminant         : 19.6445 20.3718 16.8089
Viewing Cond Surround           : 3.92889 4.07439 3.36179
Viewing Cond Illuminant Type    : D50
Luminance                       : 76.03647 80 87.12462
Measurement Observer            : CIE 1931
Measurement Backing             : 0 0 0
Measurement Geometry            : Unknown
Measurement Flare               : 0.999%
Measurement Illuminant          : D65
Technology                      : Cathode Ray Tube Display
Red Tone Reproduction Curve     : (Binary data 2060 bytes, use -b option to extract)
Green Tone Reproduction Curve   : (Binary data 2060 bytes, use -b option to extract)
Blue Tone Reproduction Curve    : (Binary data 2060 bytes, use -b option to extract)
White Point X                   : 0.3127
White Point Y                   : 0.329
Red X                           : 0.64
Red Y                           : 0.33
Green X                         : 0.3
Green Y                         : 0.6
Blue X                          : 0.15
Blue Y                          : 0.06
Pixels Per Unit X               : 23622
Pixels Per Unit Y               : 23622
Pixel Units                     : meters
XMP Toolkit                     : Adobe XMP Core 9.1-c001 79.1462899777, 2023/06/25-23:57:14
Creator Tool                    : Adobe Photoshop 25.3 (Macintosh)
Create Date                     : 2026:01:08 08:45:02-06:00
Metadata Date                   : 2026:01:08 08:45:02-06:00
Modify Date                     : 2026:01:08 08:45:02-06:00
Instance ID                     : xmp.iid:c5cf626c-d503-4cbd-8136-7ac5f48e02da
Document ID                     : adobe:docid:photoshop:376dfb7c-716a-074b-afca-e26ede45d9cc
Original Document ID            : xmp.did:035bcc15-3fda-4ecd-8e1a-7f2aced1f02c
Color Mode                      : RGB
Format                          : image/png
History Action                  : created, saved
History Instance ID             : xmp.iid:035bcc15-3fda-4ecd-8e1a-7f2aced1f02c, xmp.iid:c5cf626c-d503-4cbd-8136-7ac5f48e02da
History When                    : 2026:01:08 08:45:02-06:00, 2026:01:08 08:45:02-06:00
History Software Agent          : Adobe Photoshop 25.3 (Macintosh), Adobe Photoshop 25.3 (Macintosh)
History Changed                 : /
Document Ancestors              : adobe:docid:photoshop:831e8b58-5997-aa4a-bb59-dc82300b6c4e, adobe:docid:photoshop:b577f11c-17bb-fb47-960d-e2ddaa0537d1
Image Size                      : 5228x664
Megapixels                      : 3.5
======== files/img/recycled.jpg
ExifTool Version Number         : 13.44
File Name                       : recycled.jpg
Directory                       : files/img
File Size                       : 38 kB
File Modification Date/Time     : 2025:11:09 21:57:54-06:00
File Access Date/Time           : 2026:01:12 11:26:19-06:00
File Inode Change Date/Time     : 2026:01:12 11:25:42-06:00
File Permissions                : -rw-------
File Type                       : JPEG
File Type Extension             : jpg
MIME Type                       : image/jpeg
Exif Byte Order                 : Big-endian (Motorola, MM)
Orientation                     : Horizontal (normal)
X Resolution                    : 72
Y Resolution                    : 72
Resolution Unit                 : inches
Y Cb Cr Positioning             : Centered
Exif Version                    : 0221
Components Configuration        : Y, Cb, Cr, -
Flashpix Version                : 0100
Color Space                     : sRGB
Exif Image Width                : 599
Exif Image Height               : 594
Scene Capture Type              : Standard
Image Width                     : 250
Image Height                    : 250
Encoding Process                : Baseline DCT, Huffman coding
Bits Per Sample                 : 8
Color Components                : 3
Y Cb Cr Sub Sampling            : YCbCr4:2:0 (2 2)
Image Size                      : 250x250
Megapixels                      : 0.062
======== files/img/attn.png
ExifTool Version Number         : 13.44
File Name                       : attn.png
Directory                       : files/img
File Size                       : 17 kB
File Modification Date/Time     : 2025:12:06 23:16:16-06:00
File Access Date/Time           : 2026:01:12 11:25:42-06:00
File Inode Change Date/Time     : 2026:01:12 11:25:42-06:00
File Permissions                : -rw-r--r--
File Type                       : PNG
File Type Extension             : png
MIME Type                       : image/png
Image Width                     : 800
Image Height                    : 80
Bit Depth                       : 8
Color Type                      : Grayscale with Alpha
Compression                     : Deflate/Inflate
Filter                          : Adaptive
Interlace                       : Noninterlaced
Pixels Per Unit X               : 7874
Pixels Per Unit Y               : 7874
Pixel Units                     : meters
XMP Toolkit                     : Adobe XMP Core 9.1-c001 79.1462899777, 2023/06/25-23:57:14
Creator Tool                    : Apple Image Capture
Create Date                     : 2025:12:06 23:11:37-06:00
Modify Date                     : 2025:12:06 23:16:14-06:00
Metadata Date                   : 2025:12:06 23:16:14-06:00
Orientation                     : Horizontal (normal)
Resolution Unit                 : inches
Make                            : HP
Camera Model Name               : Deskjet F4400 series
Exif Image Width                : 1699
Exif Image Height               : 2200
Format                          : image/png
Color Mode                      : Grayscale
Instance ID                     : xmp.iid:f03d9b2b-70d4-46ec-8a57-5e6c3e762a0a
Document ID                     : adobe:docid:photoshop:40de4355-2ce9-534c-9be8-1f534e901663
Original Document ID            : xmp.did:a4a84e7f-95d3-4973-97ea-5d81fb17d464
History Action                  : saved, saved
History Instance ID             : xmp.iid:a4a84e7f-95d3-4973-97ea-5d81fb17d464, xmp.iid:f03d9b2b-70d4-46ec-8a57-5e6c3e762a0a
History When                    : 2025:12:06 23:16:14-06:00, 2025:12:06 23:16:14-06:00
History Software Agent          : Adobe Photoshop 25.3 (Macintosh), Adobe Photoshop 25.3 (Macintosh)
History Changed                 : /, /
Image Size                      : 800x80
Megapixels                      : 0.064
======== files/img/bpp-6004.jpg
ExifTool Version Number         : 13.44
File Name                       : bpp-6004.jpg
Directory                       : files/img
File Size                       : 51 kB
File Modification Date/Time     : 2025:11:09 21:57:54-06:00
File Access Date/Time           : 2026:01:12 11:25:42-06:00
File Inode Change Date/Time     : 2026:01:12 11:25:42-06:00
File Permissions                : -rw-------
File Type                       : JPEG
File Type Extension             : jpg
MIME Type                       : image/jpeg
Exif Byte Order                 : Big-endian (Motorola, MM)
Orientation                     : Horizontal (normal)
X Resolution                    : 72
Y Resolution                    : 72
Resolution Unit                 : inches
Y Cb Cr Positioning             : Centered
Exif Version                    : 0221
Components Configuration        : Y, Cb, Cr, -
Flashpix Version                : 0100
Color Space                     : sRGB
Exif Image Width                : 250
Exif Image Height               : 250
Scene Capture Type              : Standard
Image Width                     : 250
Image Height                    : 250
Encoding Process                : Baseline DCT, Huffman coding
Bits Per Sample                 : 8
Color Components                : 3
Y Cb Cr Sub Sampling            : YCbCr4:2:0 (2 2)
Image Size                      : 250x250
Megapixels                      : 0.062
======== files/img/minicdr-small.png
ExifTool Version Number         : 13.44
File Name                       : minicdr-small.png
Directory                       : files/img
File Size                       : 34 kB
File Modification Date/Time     : 2025:08:17 22:50:25-05:00
File Access Date/Time           : 2026:01:12 11:26:19-06:00
File Inode Change Date/Time     : 2026:01:12 11:25:42-06:00
File Permissions                : -rwxr-xr-x
File Type                       : PNG
File Type Extension             : png
MIME Type                       : image/png
Image Width                     : 135
Image Height                    : 112
Bit Depth                       : 8
Color Type                      : RGB
Compression                     : Deflate/Inflate
Filter                          : Adaptive
Interlace                       : Noninterlaced
Pixels Per Unit X               : 7087
Pixels Per Unit Y               : 7087
Pixel Units                     : meters
XMP Toolkit                     : Adobe XMP Core 9.1-c001 79.1462899777, 2023/06/25-23:57:14
Creator Tool                    : Adobe Photoshop 25.3 (Macintosh)
Create Date                     : 2024:05:28 23:42:26-05:00
Modify Date                     : 2024:06:03 21:01:27-05:00
Metadata Date                   : 2024:06:03 21:01:27-05:00
Instance ID                     : xmp.iid:9ce270f8-a668-4945-93ff-b4245d563957
Document ID                     : adobe:docid:photoshop:16319523-3443-1647-a011-576c01582a8c
Original Document ID            : xmp.did:20BA4588159A11EFB5AAF4747FB1DA3C
Format                          : image/png
Color Mode                      : RGB
Derived From Instance ID        : xmp.iid:20BA4585159A11EFB5AAF4747FB1DA3C
Derived From Document ID        : xmp.did:20BA4586159A11EFB5AAF4747FB1DA3C
History Action                  : saved, saved
History Instance ID             : xmp.iid:a6056077-f661-4bb3-aecb-9f15a44059ff, xmp.iid:9ce270f8-a668-4945-93ff-b4245d563957
History When                    : 2024:06:03 15:39:53-05:00, 2024:06:03 21:01:27-05:00
History Software Agent          : Adobe Photoshop 25.3 (Macintosh), Adobe Photoshop 25.3 (Macintosh)
History Changed                 : /, /
Image Size                      : 135x112
Megapixels                      : 0.015
======== files/img/itp.jpg
ExifTool Version Number         : 13.44
File Name                       : itp.jpg
Directory                       : files/img
File Size                       : 48 kB
File Modification Date/Time     : 2025:08:17 22:50:25-05:00
File Access Date/Time           : 2026:01:12 11:26:19-06:00
File Inode Change Date/Time     : 2026:01:12 11:25:42-06:00
File Permissions                : -rw-r--r--
File Type                       : JPEG
File Type Extension             : jpg
MIME Type                       : image/jpeg
Exif Byte Order                 : Big-endian (Motorola, MM)
Make                            : HP
Camera Model Name               : Deskjet F4400 series
Orientation                     : Horizontal (normal)
X Resolution                    : 180
Y Resolution                    : 180
Resolution Unit                 : inches
Software                        : Adobe Photoshop 25.3 (Macintosh)
Modify Date                     : 2024:12:31 17:21:27
Host Computer                   : Apple Mac OS X
Color Space                     : sRGB
Exif Image Width                : 135
Exif Image Height               : 173
Compression                     : JPEG (old-style)
Thumbnail Offset                : 390
Thumbnail Length                : 1897
Current IPTC Digest             : cdcffa7da8c7be09057076aeaf05c34e
Coded Character Set             : UTF8
Application Record Version      : 0
IPTC Digest                     : cdcffa7da8c7be09057076aeaf05c34e
Displayed Units X               : inches
Displayed Units Y               : inches
Print Style                     : Centered
Print Position                  : 0 0
Print Scale                     : 1
Global Angle                    : 30
Global Altitude                 : 30
URL List                        : 
Slices Group Name               : Scan 149
Num Slices                      : 1
Pixel Aspect Ratio              : 1
Photoshop Thumbnail             : (Binary data 1897 bytes, use -b option to extract)
Has Real Merged Data            : Yes
Writer Name                     : Adobe Photoshop
Reader Name                     : Adobe Photoshop 2024
Photoshop Quality               : 12
Photoshop Format                : Progressive
Progressive Scans               : 3 Scans
XMP Toolkit                     : Adobe XMP Core 9.1-c001 79.1462899777, 2023/06/25-23:57:14
Creator Tool                    : Adobe Photoshop 25.3 (Macintosh)
Create Date                     : 2024:12:29 02:24:55-06:00
Metadata Date                   : 2024:12:31 17:21:27-06:00
Format                          : image/jpeg
Color Mode                      : RGB
ICC Profile Name                : sRGB IEC61966-2.1
Instance ID                     : xmp.iid:1adb232d-3c49-42e1-8614-2ddf47e013ee
Document ID                     : adobe:docid:photoshop:6cfa1ce3-f85b-9d4e-918a-941bbf3d646e
Original Document ID            : xmp.did:184c7ebf-c4ec-4ad3-b8ef-1b45806b1542
History Action                  : saved, saved
History Instance ID             : xmp.iid:184c7ebf-c4ec-4ad3-b8ef-1b45806b1542, xmp.iid:1adb232d-3c49-42e1-8614-2ddf47e013ee
History When                    : 2024:12:31 17:21:27-06:00, 2024:12:31 17:21:27-06:00
History Software Agent          : Adobe Photoshop 25.3 (Macintosh), Adobe Photoshop 25.3 (Macintosh)
History Changed                 : /, /
Profile CMM Type                : Linotronic
Profile Version                 : 2.1.0
Profile Class                   : Display Device Profile
Color Space Data                : RGB
Profile Connection Space        : XYZ
Profile Date Time               : 1998:02:09 06:49:00
Profile File Signature          : acsp
Primary Platform                : Microsoft Corporation
CMM Flags                       : Not Embedded, Independent
Device Manufacturer             : Hewlett-Packard
Device Model                    : sRGB
Device Attributes               : Reflective, Glossy, Positive, Color
Rendering Intent                : Media-Relative Colorimetric
Connection Space Illuminant     : 0.9642 1 0.82491
Profile Creator                 : Hewlett-Packard
Profile ID                      : 0
Profile Copyright               : Copyright (c) 1998 Hewlett-Packard Company
Profile Description             : sRGB IEC61966-2.1
Media White Point               : 0.95045 1 1.08905
Media Black Point               : 0 0 0
Red Matrix Column               : 0.43607 0.22249 0.01392
Green Matrix Column             : 0.38515 0.71687 0.09708
Blue Matrix Column              : 0.14307 0.06061 0.7141
Device Mfg Desc                 : IEC http://www.iec.ch
Device Model Desc               : IEC 61966-2.1 Default RGB colour space - sRGB
Viewing Cond Desc               : Reference Viewing Condition in IEC61966-2.1
Viewing Cond Illuminant         : 19.6445 20.3718 16.8089
Viewing Cond Surround           : 3.92889 4.07439 3.36179
Viewing Cond Illuminant Type    : D50
Luminance                       : 76.03647 80 87.12462
Measurement Observer            : CIE 1931
Measurement Backing             : 0 0 0
Measurement Geometry            : Unknown
Measurement Flare               : 0.999%
Measurement Illuminant          : D65
Technology                      : Cathode Ray Tube Display
Red Tone Reproduction Curve     : (Binary data 2060 bytes, use -b option to extract)
Green Tone Reproduction Curve   : (Binary data 2060 bytes, use -b option to extract)
Blue Tone Reproduction Curve    : (Binary data 2060 bytes, use -b option to extract)
DCT Encode Version              : 100
APP14 Flags 0                   : [14]
APP14 Flags 1                   : (none)
Color Transform                 : YCbCr
Image Width                     : 135
Image Height                    : 173
Encoding Process                : Progressive DCT, Huffman coding
Bits Per Sample                 : 8
Color Components                : 3
Y Cb Cr Sub Sampling            : YCbCr4:4:4 (1 1)
Image Size                      : 135x173
Megapixels                      : 0.023
Thumbnail Image                 : (Binary data 1897 bytes, use -b option to extract)
======== files/img/hands.png
ExifTool Version Number         : 13.44
File Name                       : hands.png
Directory                       : files/img
File Size                       : 4.0 MB
File Modification Date/Time     : 2026:01:10 03:49:57-06:00
File Access Date/Time           : 2026:01:12 11:26:19-06:00
File Inode Change Date/Time     : 2026:01:12 11:25:42-06:00
File Permissions                : -rw-r--r--
File Type                       : PNG
File Type Extension             : png
MIME Type                       : image/png
Image Width                     : 1086
Image Height                    : 2709
Bit Depth                       : 8
Color Type                      : RGB
Compression                     : Deflate/Inflate
Filter                          : Adaptive
Interlace                       : Noninterlaced
Pixels Per Unit X               : 11811
Pixels Per Unit Y               : 11811
Pixel Units                     : meters
XMP Toolkit                     : Adobe XMP Core 9.1-c001 79.1462899777, 2023/06/25-23:57:14
Exif Image Width                : 349
Exif Image Height               : 870
User Comment                    : Screenshot
Create Date                     : 2026:01:10 02:27:15-06:00
Modify Date                     : 2026:01:10 03:49:54-06:00
Metadata Date                   : 2026:01:10 03:49:54-06:00
Format                          : image/png
Color Mode                      : RGB
Instance ID                     : xmp.iid:e9d29075-15b3-4aa5-9b56-69ee0b916c8d
Document ID                     : adobe:docid:photoshop:db84dd24-0e6c-4d4d-aba4-8728d2f22779
Original Document ID            : xmp.did:1ca3a0ad-48be-41ac-8585-0b560128dcf9
Document Ancestors              : adobe:docid:photoshop:05e4606a-4a59-c549-a46a-37cfa85855c1, xmp.did:3bed00f8-5f1e-4994-aa14-665445253932
History Action                  : saved, saved
History Instance ID             : xmp.iid:1ca3a0ad-48be-41ac-8585-0b560128dcf9, xmp.iid:e9d29075-15b3-4aa5-9b56-69ee0b916c8d
History When                    : 2026:01:10 03:49:54-06:00, 2026:01:10 03:49:54-06:00
History Software Agent          : Adobe Photoshop 25.3 (Macintosh), Adobe Photoshop 25.3 (Macintosh)
History Changed                 : /, /
Image Size                      : 1086x2709
Megapixels                      : 2.9
======== files/img/index-inv.png
ExifTool Version Number         : 13.44
File Name                       : index-inv.png
Directory                       : files/img
File Size                       : 16 kB
File Modification Date/Time     : 2025:09:15 04:05:57-05:00
File Access Date/Time           : 2026:01:12 11:24:02-06:00
File Inode Change Date/Time     : 2026:01:12 11:24:01-06:00
File Permissions                : -rw-r--r--
File Type                       : PNG
File Type Extension             : png
MIME Type                       : image/png
Image Width                     : 1497
Image Height                    : 338
Bit Depth                       : 8
Color Type                      : Grayscale with Alpha
Compression                     : Deflate/Inflate
Filter                          : Adaptive
Interlace                       : Noninterlaced
Pixels Per Unit X               : 7874
Pixels Per Unit Y               : 7874
Pixel Units                     : meters
XMP Toolkit                     : Adobe XMP Core 9.1-c001 79.1462899777, 2023/06/25-23:57:14
Creator Tool                    : Adobe Photoshop 25.3 (Macintosh)
Create Date                     : 2025:01:01 19:41:25-06:00
Modify Date                     : 2025:09:15 04:05:56-05:00
Metadata Date                   : 2025:09:15 04:05:56-05:00
Format                          : image/png
Color Mode                      : Grayscale
Instance ID                     : xmp.iid:74282649-f242-417e-a65d-8b33cb5d04bd
Document ID                     : adobe:docid:photoshop:5e41c935-a8f5-024b-8ca2-df4e8f6a74d2
Original Document ID            : xmp.did:7d207ae9-ead9-4cab-a340-57e155bdd2d7
Orientation                     : Horizontal (normal)
Y Cb Cr Positioning             : Centered
X Resolution                    : 200
Y Resolution                    : 200
Resolution Unit                 : inches
Camera Model Name               : HP Deskjet F4400 series
Exif Version                    : 0221
Flashpix Version                : 0100
Color Space                     : sRGB
Exif Image Width                : 1699
Exif Image Height               : 2200
Scene Capture Type              : Standard
History Action                  : created, converted, saved, saved
History Instance ID             : xmp.iid:7d207ae9-ead9-4cab-a340-57e155bdd2d7, xmp.iid:ad11a68f-de74-4769-b137-b5d7052ffe1a, xmp.iid:74282649-f242-417e-a65d-8b33cb5d04bd
History When                    : 2025:01:01 19:41:25-06:00, 2025:01:01 19:42:59-06:00, 2025:09:15 04:05:56-05:00
History Software Agent          : Adobe Photoshop 25.3 (Macintosh), Adobe Photoshop 25.3 (Macintosh), Adobe Photoshop 25.3 (Macintosh)
History Parameters              : from image/jpeg to image/png
History Changed                 : /, /
Components Configuration        : Y, Cb, Cr, -
Image Size                      : 1497x338
Megapixels                      : 0.506
======== files/img/tb207.jpg
ExifTool Version Number         : 13.44
File Name                       : tb207.jpg
Directory                       : files/img
File Size                       : 66 kB
File Modification Date/Time     : 2025:08:17 22:50:25-05:00
File Access Date/Time           : 2026:01:12 11:26:19-06:00
File Inode Change Date/Time     : 2026:01:12 11:25:42-06:00
File Permissions                : -rw-r--r--
File Type                       : JPEG
File Type Extension             : jpg
MIME Type                       : image/jpeg
Exif Byte Order                 : Little-endian (Intel, II)
Orientation                     : Horizontal (normal)
X Resolution                    : 72
Y Resolution                    : 72
Resolution Unit                 : inches
Software                        : Adobe Photoshop 25.3 (Macintosh)
Modify Date                     : 2024:11:16 23:06:39
Y Cb Cr Positioning             : Centered
Exif Version                    : 0210
Components Configuration        : Y, Cb, Cr, -
Flashpix Version                : 0100
Color Space                     : Uncalibrated
Exif Image Width                : 144
Exif Image Height               : 144
Compression                     : JPEG (old-style)
Thumbnail Offset                : 366
Thumbnail Length                : 9404
IPTC Digest                     : 00000000000000000000000000000000
Displayed Units X               : inches
Displayed Units Y               : inches
Print Style                     : Centered
Print Position                  : 0 0
Print Scale                     : 1
Global Angle                    : 30
Global Altitude                 : 30
URL List                        : 
Slices Group Name               : R-32142789-1730228446-8871
Num Slices                      : 1
Pixel Aspect Ratio              : 1
Photoshop Thumbnail             : (Binary data 9404 bytes, use -b option to extract)
Has Real Merged Data            : Yes
Writer Name                     : Adobe Photoshop
Reader Name                     : Adobe Photoshop 2024
Photoshop Quality               : 12
Photoshop Format                : Standard
XMP Toolkit                     : Adobe XMP Core 9.1-c001 79.1462899777, 2023/06/25-23:57:14
Creator Tool                    : Adobe Photoshop 25.3 (Macintosh)
Create Date                     : 2024:11:16 23:06:03-06:00
Metadata Date                   : 2024:11:16 23:06:39-06:00
Format                          : image/jpeg
Color Mode                      : RGB
Instance ID                     : xmp.iid:1aef9d22-b8fb-4850-85c8-0c1d0e18325c
Document ID                     : adobe:docid:photoshop:b58882b9-e7d2-de4c-be72-6e782ccb45ff
Original Document ID            : xmp.did:4e6885df-3653-4561-af1e-20ec968698bf
History Action                  : created, saved
History Instance ID             : xmp.iid:4e6885df-3653-4561-af1e-20ec968698bf, xmp.iid:1aef9d22-b8fb-4850-85c8-0c1d0e18325c
History When                    : 2024:11:16 23:06:03-06:00, 2024:11:16 23:06:39-06:00
History Software Agent          : Adobe Photoshop 25.3 (Macintosh), Adobe Photoshop 25.3 (Macintosh)
History Changed                 : /
DCT Encode Version              : 100
APP14 Flags 0                   : [14]
APP14 Flags 1                   : (none)
Color Transform                 : YCbCr
Image Width                     : 144
Image Height                    : 144
Encoding Process                : Baseline DCT, Huffman coding
Bits Per Sample                 : 8
Color Components                : 3
Y Cb Cr Sub Sampling            : YCbCr4:4:4 (1 1)
Image Size                      : 144x144
Megapixels                      : 0.021
Thumbnail Image                 : (Binary data 9404 bytes, use -b option to extract)
======== files/img/img_8106 copy.jpg
ExifTool Version Number         : 13.44
File Name                       : img_8106 copy.jpg
Directory                       : files/img
File Size                       : 678 kB
File Modification Date/Time     : 2026:01:12 05:05:44-06:00
File Access Date/Time           : 2026:01:12 11:26:19-06:00
File Inode Change Date/Time     : 2026:01:12 11:25:42-06:00
File Permissions                : -rw-r--r--
File Type                       : JPEG
File Type Extension             : jpg
MIME Type                       : image/jpeg
Exif Byte Order                 : Big-endian (Motorola, MM)
Photometric Interpretation      : RGB
Make                            : HP
Camera Model Name               : Deskjet F4400 series
Orientation                     : Horizontal (normal)
X Resolution                    : 72
Y Resolution                    : 72
Resolution Unit                 : inches
Software                        : Snapseed 2.22.412829873
Modify Date                     : 2023:09:15 07:26:25
Host Computer                   : Apple Mac OS X
Y Cb Cr Positioning             : Centered
Exif Version                    : 0221
Create Date                     : 2023:09:15 06:53:01
Components Configuration        : Y, Cb, Cr, -
Flashpix Version                : 0100
Color Space                     : sRGB
Exif Image Width                : 1545
Exif Image Height               : 2000
Scene Capture Type              : Standard
XMP Toolkit                     : XMP Core 6.0.0
Creator Tool                    : Snapseed 2.22.412829873
Profile CMM Type                : Apple Computer Inc.
Profile Version                 : 4.0.0
Profile Class                   : Display Device Profile
Color Space Data                : RGB
Profile Connection Space        : XYZ
Profile Date Time               : 2022:01:01 00:00:00
Profile File Signature          : acsp
Primary Platform                : Apple Computer Inc.
CMM Flags                       : Not Embedded, Independent
Device Manufacturer             : Apple Computer Inc.
Device Model                    : 
Device Attributes               : Reflective, Glossy, Positive, Color
Rendering Intent                : Perceptual
Connection Space Illuminant     : 0.9642 1 0.82491
Profile Creator                 : Apple Computer Inc.
Profile ID                      : 0
Profile Description             : Display P3
Profile Copyright               : Copyright Apple Inc., 2022
Media White Point               : 0.96419 1 0.82489
Red Matrix Column               : 0.51512 0.2412 -0.00105
Green Matrix Column             : 0.29198 0.69225 0.04189
Blue Matrix Column              : 0.1571 0.06657 0.78407
Red Tone Reproduction Curve     : (Binary data 32 bytes, use -b option to extract)
Chromatic Adaptation            : 1.04788 0.02292 -0.0502 0.02959 0.99048 -0.01706 -0.00923 0.01508 0.75168
Blue Tone Reproduction Curve    : (Binary data 32 bytes, use -b option to extract)
Green Tone Reproduction Curve   : (Binary data 32 bytes, use -b option to extract)
Image Width                     : 769
Image Height                    : 1263
Encoding Process                : Baseline DCT, Huffman coding
Bits Per Sample                 : 8
Color Components                : 3
Y Cb Cr Sub Sampling            : YCbCr4:4:4 (1 1)
Image Size                      : 769x1263
Megapixels                      : 0.971
======== files/img/ph008.jpg
ExifTool Version Number         : 13.44
File Name                       : ph008.jpg
Directory                       : files/img
File Size                       : 31 kB
File Modification Date/Time     : 2025:08:17 22:50:25-05:00
File Access Date/Time           : 2026:01:12 11:26:19-06:00
File Inode Change Date/Time     : 2026:01:12 11:25:42-06:00
File Permissions                : -rw-r--r--
File Type                       : JPEG
File Type Extension             : jpg
MIME Type                       : image/jpeg
Exif Byte Order                 : Big-endian (Motorola, MM)
Orientation                     : Horizontal (normal)
X Resolution                    : 72
Y Resolution                    : 72
Resolution Unit                 : inches
Software                        : Adobe Photoshop 25.3 (Macintosh)
Modify Date                     : 2024:11:17 00:28:14
Color Space                     : Uncalibrated
Exif Image Width                : 144
Exif Image Height               : 144
Compression                     : JPEG (old-style)
Thumbnail Offset                : 318
Thumbnail Length                : 4757
IPTC Digest                     : 00000000000000000000000000000000
Displayed Units X               : inches
Displayed Units Y               : inches
Print Style                     : Centered
Print Position                  : 0 0
Print Scale                     : 1
Global Angle                    : 30
Global Altitude                 : 30
URL List                        : 
Slices Group Name               : 0037603809_10
Num Slices                      : 1
Pixel Aspect Ratio              : 1
Photoshop Thumbnail             : (Binary data 4757 bytes, use -b option to extract)
Has Real Merged Data            : Yes
Writer Name                     : Adobe Photoshop
Reader Name                     : Adobe Photoshop 2024
Photoshop Quality               : 12
Photoshop Format                : Standard
XMP Toolkit                     : Adobe XMP Core 9.1-c001 79.1462899777, 2023/06/25-23:57:14
Creator Tool                    : Adobe Photoshop 25.3 (Macintosh)
Create Date                     : 2024:11:17 00:27:54-06:00
Metadata Date                   : 2024:11:17 00:28:14-06:00
Format                          : image/jpeg
Color Mode                      : RGB
Instance ID                     : xmp.iid:0c42c6ce-544b-4256-89df-ba49fba74187
Document ID                     : adobe:docid:photoshop:c62ef6a2-fd1a-6a44-abc3-31d31127f264
Original Document ID            : xmp.did:d90a250d-4d14-4bbb-8e7f-1990f40f48b0
History Action                  : created, saved
History Instance ID             : xmp.iid:d90a250d-4d14-4bbb-8e7f-1990f40f48b0, xmp.iid:0c42c6ce-544b-4256-89df-ba49fba74187
History When                    : 2024:11:17 00:27:54-06:00, 2024:11:17 00:28:14-06:00
History Software Agent          : Adobe Photoshop 25.3 (Macintosh), Adobe Photoshop 25.3 (Macintosh)
History Changed                 : /
DCT Encode Version              : 100
APP14 Flags 0                   : [14]
APP14 Flags 1                   : (none)
Color Transform                 : YCbCr
Image Width                     : 144
Image Height                    : 144
Encoding Process                : Baseline DCT, Huffman coding
Bits Per Sample                 : 8
Color Components                : 3
Y Cb Cr Sub Sampling            : YCbCr4:4:4 (1 1)
Image Size                      : 144x144
Megapixels                      : 0.021
Thumbnail Image                 : (Binary data 4757 bytes, use -b option to extract)
======== files/img/mansoncave.jpg
ExifTool Version Number         : 13.44
File Name                       : mansoncave.jpg
Directory                       : files/img
File Size                       : 6.0 MB
File Modification Date/Time     : 2025:08:17 22:50:25-05:00
File Access Date/Time           : 2026:01:12 11:26:19-06:00
File Inode Change Date/Time     : 2026:01:12 11:25:42-06:00
File Permissions                : -rw-r--r--
File Type                       : JPEG
File Type Extension             : jpg
MIME Type                       : image/jpeg
Exif Byte Order                 : Big-endian (Motorola, MM)
Photometric Interpretation      : RGB
Orientation                     : Horizontal (normal)
X Resolution                    : 72
Y Resolution                    : 72
Resolution Unit                 : inches
Software                        : Adobe Photoshop 25.3 (Macintosh)
Modify Date                     : 2024:11:18 20:48:23
Y Cb Cr Positioning             : Centered
Exif Version                    : 0221
Create Date                     : 2022:07:05 04:21:36
Components Configuration        : Y, Cb, Cr, -
Flashpix Version                : 0100
Color Space                     : sRGB
Exif Image Width                : 3089
Exif Image Height               : 2048
Scene Capture Type              : Standard
Compression                     : JPEG (old-style)
Thumbnail Offset                : 422
Thumbnail Length                : 4744
Current IPTC Digest             : e051cdaf714c1322b548ba1c7e4ed1c0
Coded Character Set             : UTF8
Application Record Version      : 2
Digital Creation Date           : 2022:07:05
Digital Creation Time           : 04:21:36-05:00
IPTC Digest                     : e051cdaf714c1322b548ba1c7e4ed1c0
Displayed Units X               : inches
Displayed Units Y               : inches
Print Style                     : Centered
Print Position                  : 0 0
Print Scale                     : 1
Global Angle                    : 30
Global Altitude                 : 30
URL List                        : 
Slices Group Name               : IMG_7285
Num Slices                      : 1
Pixel Aspect Ratio              : 1
Photoshop Thumbnail             : (Binary data 4744 bytes, use -b option to extract)
Has Real Merged Data            : Yes
Writer Name                     : Adobe Photoshop
Reader Name                     : Adobe Photoshop 2024
Photoshop Quality               : 12
Photoshop Format                : Standard
XMP Toolkit                     : Adobe XMP Core 9.1-c001 79.1462899777, 2023/06/25-23:57:14
Creator Tool                    : Adobe Photoshop 25.3 (Macintosh)
Metadata Date                   : 2024:11:18 20:48:23-06:00
Format                          : image/jpeg
Color Mode                      : RGB
ICC Profile Name                : sRGB IEC61966-2.1
Instance ID                     : xmp.iid:086fce53-de4c-4aca-9c41-b169849e365f
Document ID                     : adobe:docid:photoshop:3efbfb29-13d8-a943-a4ac-402c6f33b135
Original Document ID            : xmp.did:e0686bc7-880a-4838-8ef7-7984f7266cc8
History Action                  : created, saved
History Instance ID             : xmp.iid:e0686bc7-880a-4838-8ef7-7984f7266cc8, xmp.iid:086fce53-de4c-4aca-9c41-b169849e365f
History When                    : 2022:07:05 04:21:36, 2024:11:18 20:48:23-06:00
History Software Agent          : Adobe Photoshop 25.3 (Macintosh), Adobe Photoshop 25.3 (Macintosh)
History Changed                 : /
Profile CMM Type                : Linotronic
Profile Version                 : 2.1.0
Profile Class                   : Display Device Profile
Color Space Data                : RGB
Profile Connection Space        : XYZ
Profile Date Time               : 1998:02:09 06:49:00
Profile File Signature          : acsp
Primary Platform                : Microsoft Corporation
CMM Flags                       : Not Embedded, Independent
Device Manufacturer             : Hewlett-Packard
Device Model                    : sRGB
Device Attributes               : Reflective, Glossy, Positive, Color
Rendering Intent                : Perceptual
Connection Space Illuminant     : 0.9642 1 0.82491
Profile Creator                 : Hewlett-Packard
Profile ID                      : 0
Profile Copyright               : Copyright (c) 1998 Hewlett-Packard Company
Profile Description             : sRGB IEC61966-2.1
Media White Point               : 0.95045 1 1.08905
Media Black Point               : 0 0 0
Red Matrix Column               : 0.43607 0.22249 0.01392
Green Matrix Column             : 0.38515 0.71687 0.09708
Blue Matrix Column              : 0.14307 0.06061 0.7141
Device Mfg Desc                 : IEC http://www.iec.ch
Device Model Desc               : IEC 61966-2.1 Default RGB colour space - sRGB
Viewing Cond Desc               : Reference Viewing Condition in IEC61966-2.1
Viewing Cond Illuminant         : 19.6445 20.3718 16.8089
Viewing Cond Surround           : 3.92889 4.07439 3.36179
Viewing Cond Illuminant Type    : D50
Luminance                       : 76.03647 80 87.12462
Measurement Observer            : CIE 1931
Measurement Backing             : 0 0 0
Measurement Geometry            : Unknown
Measurement Flare               : 0.999%
Measurement Illuminant          : D65
Technology                      : Cathode Ray Tube Display
Red Tone Reproduction Curve     : (Binary data 2060 bytes, use -b option to extract)
Green Tone Reproduction Curve   : (Binary data 2060 bytes, use -b option to extract)
Blue Tone Reproduction Curve    : (Binary data 2060 bytes, use -b option to extract)
DCT Encode Version              : 100
APP14 Flags 0                   : [14]
APP14 Flags 1                   : (none)
Color Transform                 : YCbCr
Image Width                     : 3089
Image Height                    : 2048
Encoding Process                : Baseline DCT, Huffman coding
Bits Per Sample                 : 8
Color Components                : 3
Y Cb Cr Sub Sampling            : YCbCr4:4:4 (1 1)
Image Size                      : 3089x2048
Megapixels                      : 6.3
Thumbnail Image                 : (Binary data 4744 bytes, use -b option to extract)
Digital Creation Date/Time      : 2022:07:05 04:21:36-05:00
======== files/img/enter-transparency2.png
ExifTool Version Number         : 13.44
File Name                       : enter-transparency2.png
Directory                       : files/img
File Size                       : 51 kB
File Modification Date/Time     : 2025:08:17 22:50:24-05:00
File Access Date/Time           : 2026:01:12 11:25:42-06:00
File Inode Change Date/Time     : 2026:01:12 11:25:42-06:00
File Permissions                : -rw-r--r--
File Type                       : PNG
File Type Extension             : png
MIME Type                       : image/png
Image Width                     : 1200
Image Height                    : 370
Bit Depth                       : 8
Color Type                      : Grayscale with Alpha
Compression                     : Deflate/Inflate
Filter                          : Adaptive
Interlace                       : Noninterlaced
Profile Name                    : Dot Gain 20%
Profile CMM Type                : Adobe Systems Inc.
Profile Version                 : 2.1.0
Profile Class                   : Output Device Profile
Color Space Data                : GRAY
Profile Connection Space        : XYZ
Profile Date Time               : 1999:06:03 00:00:00
Profile File Signature          : acsp
Primary Platform                : Apple Computer Inc.
CMM Flags                       : Not Embedded, Independent
Device Manufacturer             : none
Device Model                    : 
Device Attributes               : Reflective, Glossy, Positive, Color
Rendering Intent                : Media-Relative Colorimetric
Connection Space Illuminant     : 0.9642 1 0.82491
Profile Creator                 : Adobe Systems Inc.
Profile ID                      : 0
Profile Copyright               : Copyright 1999 Adobe Systems Incorporated
Profile Description             : Dot Gain 20%
Media White Point               : 0.9642 1 0.82491
Media Black Point               : 0 0 0
Gray Tone Reproduction Curve    : (Binary data 524 bytes, use -b option to extract)
Pixels Per Unit X               : 11811
Pixels Per Unit Y               : 11811
Pixel Units                     : meters
XMP Toolkit                     : Adobe XMP Core 9.1-c001 79.1462899777, 2023/06/25-23:57:14
Creator Tool                    : Adobe Photoshop 25.3 (Macintosh)
Create Date                     : 2024:07:23 20:13:03-05:00
Modify Date                     : 2024:07:23 20:57:27-05:00
Metadata Date                   : 2024:07:23 20:57:27-05:00
Photometric Interpretation      : BlackIsZero
Orientation                     : Horizontal (normal)
Samples Per Pixel               : 1
Planar Configuration            : Chunky
X Resolution                    : 300
Y Resolution                    : 300
Resolution Unit                 : inches
Camera Model Name               : HP Deskjet F4400 series
Format                          : image/png
Color Mode                      : Grayscale
ICC Profile Name                : Dot Gain 20%
Instance ID                     : xmp.iid:1eab0817-c29d-41af-b868-dd90d988bf84
Document ID                     : adobe:docid:photoshop:ef3e952f-4340-a848-ae37-0e6f3c93f659
Original Document ID            : xmp.did:eef999e3-5d95-4a1a-af59-edcd7af9bd01
Bits Per Sample                 : 1
History Action                  : created, saved, converted, derived, saved
History Instance ID             : xmp.iid:eef999e3-5d95-4a1a-af59-edcd7af9bd01, xmp.iid:c656621a-da8c-4b62-ae04-53f39bb96743, xmp.iid:1eab0817-c29d-41af-b868-dd90d988bf84
History When                    : 2024:07:23 20:13:03-05:00, 2024:07:23 20:57:27-05:00, 2024:07:23 20:57:27-05:00
History Software Agent          : Adobe Photoshop 25.3 (Macintosh), Adobe Photoshop 25.3 (Macintosh), Adobe Photoshop 25.3 (Macintosh)
History Changed                 : /, /
History Parameters              : from image/tiff to image/png, converted from image/tiff to image/png
Derived From Instance ID        : xmp.iid:c656621a-da8c-4b62-ae04-53f39bb96743
Derived From Document ID        : xmp.did:eef999e3-5d95-4a1a-af59-edcd7af9bd01
Derived From Original Document ID: xmp.did:eef999e3-5d95-4a1a-af59-edcd7af9bd01
Image Size                      : 1200x370
Megapixels                      : 0.444
======== files/img/na.jpg
ExifTool Version Number         : 13.44
File Name                       : na.jpg
Directory                       : files/img
File Size                       : 38 kB
File Modification Date/Time     : 2025:11:09 21:57:53-06:00
File Access Date/Time           : 2026:01:12 11:26:19-06:00
File Inode Change Date/Time     : 2026:01:12 11:25:42-06:00
File Permissions                : -rw-------
File Type                       : JPEG
File Type Extension             : jpg
MIME Type                       : image/jpeg
Exif Byte Order                 : Big-endian (Motorola, MM)
Orientation                     : Horizontal (normal)
X Resolution                    : 72
Y Resolution                    : 72
Resolution Unit                 : inches
Y Cb Cr Positioning             : Centered
Exif Version                    : 0221
Components Configuration        : Y, Cb, Cr, -
Flashpix Version                : 0100
Color Space                     : sRGB
Exif Image Width                : 250
Exif Image Height               : 251
Scene Capture Type              : Standard
Image Width                     : 250
Image Height                    : 251
Encoding Process                : Baseline DCT, Huffman coding
Bits Per Sample                 : 8
Color Components                : 3
Y Cb Cr Sub Sampling            : YCbCr4:2:0 (2 2)
Image Size                      : 250x251
Megapixels                      : 0.063
======== files/img/unix666-18.jpg
ExifTool Version Number         : 13.44
File Name                       : unix666-18.jpg
Directory                       : files/img
File Size                       : 27 kB
File Modification Date/Time     : 2025:11:09 21:57:54-06:00
File Access Date/Time           : 2026:01:12 11:26:19-06:00
File Inode Change Date/Time     : 2026:01:12 11:25:42-06:00
File Permissions                : -rw-------
File Type                       : JPEG
File Type Extension             : jpg
MIME Type                       : image/jpeg
Exif Byte Order                 : Big-endian (Motorola, MM)
Orientation                     : Horizontal (normal)
X Resolution                    : 72
Y Resolution                    : 72
Resolution Unit                 : inches
Y Cb Cr Positioning             : Centered
Exif Version                    : 0210
Components Configuration        : Y, Cb, Cr, -
Flashpix Version                : 0100
Color Space                     : Uncalibrated
Exif Image Width                : 599
Exif Image Height               : 522
Scene Capture Type              : Standard
Image Width                     : 250
Image Height                    : 220
Encoding Process                : Baseline DCT, Huffman coding
Bits Per Sample                 : 8
Color Components                : 3
Y Cb Cr Sub Sampling            : YCbCr4:2:0 (2 2)
Image Size                      : 250x220
Megapixels                      : 0.055
======== files/img/djssdc.png
ExifTool Version Number         : 13.44
File Name                       : djssdc.png
Directory                       : files/img
File Size                       : 44 kB
File Modification Date/Time     : 2026:01:08 14:20:08-06:00
File Access Date/Time           : 2026:01:12 11:25:42-06:00
File Inode Change Date/Time     : 2026:01:12 11:25:42-06:00
File Permissions                : -rw-r--r--
File Type                       : PNG
File Type Extension             : png
MIME Type                       : image/png
Image Width                     : 1200
Image Height                    : 240
Bit Depth                       : 8
Color Type                      : Grayscale with Alpha
Compression                     : Deflate/Inflate
Filter                          : Adaptive
Interlace                       : Noninterlaced
Profile Name                    : Dot Gain 20%
Profile CMM Type                : Adobe Systems Inc.
Profile Version                 : 2.1.0
Profile Class                   : Output Device Profile
Color Space Data                : GRAY
Profile Connection Space        : XYZ
Profile Date Time               : 1999:06:03 00:00:00
Profile File Signature          : acsp
Primary Platform                : Apple Computer Inc.
CMM Flags                       : Not Embedded, Independent
Device Manufacturer             : none
Device Model                    : 
Device Attributes               : Reflective, Glossy, Positive, Color
Rendering Intent                : Media-Relative Colorimetric
Connection Space Illuminant     : 0.9642 1 0.82491
Profile Creator                 : Adobe Systems Inc.
Profile ID                      : 0
Profile Copyright               : Copyright 1999 Adobe Systems Incorporated
Profile Description             : Dot Gain 20%
Media White Point               : 0.9642 1 0.82491
Media Black Point               : 0 0 0
Gray Tone Reproduction Curve    : (Binary data 524 bytes, use -b option to extract)
Pixels Per Unit X               : 11811
Pixels Per Unit Y               : 11811
Pixel Units                     : meters
XMP Toolkit                     : Adobe XMP Core 9.1-c001 79.1462899777, 2023/06/25-23:57:14
Creator Tool                    : Adobe Photoshop 25.3 (Macintosh)
Create Date                     : 2024:07:23 20:13:03-05:00
Modify Date                     : 2026:01:08 14:20:07-06:00
Metadata Date                   : 2026:01:08 14:20:07-06:00
Format                          : image/png
Color Mode                      : Grayscale
Instance ID                     : xmp.iid:8294c39d-10b9-487b-8e76-72665037adfc
Document ID                     : adobe:docid:photoshop:ef3e952f-4340-a848-ae37-0e6f3c93f659
Original Document ID            : xmp.did:eef999e3-5d95-4a1a-af59-edcd7af9bd01
Photometric Interpretation      : BlackIsZero
Orientation                     : Horizontal (normal)
Samples Per Pixel               : 1
Planar Configuration            : Chunky
X Resolution                    : 300
Y Resolution                    : 300
Resolution Unit                 : inches
Camera Model Name               : HP Deskjet F4400 series
History Action                  : created, saved, converted, derived, saved, saved
History Instance ID             : xmp.iid:eef999e3-5d95-4a1a-af59-edcd7af9bd01, xmp.iid:c656621a-da8c-4b62-ae04-53f39bb96743, xmp.iid:1eab0817-c29d-41af-b868-dd90d988bf84, xmp.iid:8294c39d-10b9-487b-8e76-72665037adfc
History When                    : 2024:07:23 20:13:03-05:00, 2024:07:23 20:57:27-05:00, 2024:07:23 20:57:27-05:00, 2026:01:08 14:20:07-06:00
History Software Agent          : Adobe Photoshop 25.3 (Macintosh), Adobe Photoshop 25.3 (Macintosh), Adobe Photoshop 25.3 (Macintosh), Adobe Photoshop 25.3 (Macintosh)
History Changed                 : /, /, /
History Parameters              : from image/tiff to image/png, converted from image/tiff to image/png
Derived From Instance ID        : xmp.iid:c656621a-da8c-4b62-ae04-53f39bb96743
Derived From Document ID        : xmp.did:eef999e3-5d95-4a1a-af59-edcd7af9bd01
Derived From Original Document ID: xmp.did:eef999e3-5d95-4a1a-af59-edcd7af9bd01
Bits Per Sample                 : 1
Image Size                      : 1200x240
Megapixels                      : 0.288
    1 directories scanned
   26 image files read
